  [1m[36m (1.4ms)[0m  [1mCREATE TABLE "schema_migrations" ("version" varchar NOT NULL) [0m
  [1m[35m (0.1ms)[0m  select sqlite_version(*)
  [1m[36m (1.3ms)[0m  [1mCREATE UNIQUE INDEX "unique_schema_migrations" ON "schema_migrations" ("version")[0m
  [1m[35mActiveRecord::SchemaMigration Load (0.1ms)[0m  SELECT "schema_migrations".* FROM "schema_migrations"
Migrating to CreateRecords (20150506120537)
  [1m[36m (0.1ms)[0m  [1mbegin transaction[0m
  [1m[35m (0.6ms)[0m  CREATE TABLE "records" ("id" INTEGER PRIMARY KEY AUTOINCREMENT NOT NULL, "band" varchar, "title" text, "year" date, "bought" boolean, "created_at" datetime NOT NULL, "updated_at" datetime NOT NULL) 
  [1m[36mSQL (0.2ms)[0m  [1mINSERT INTO "schema_migrations" ("version") VALUES (?)[0m  [["version", "20150506120537"]]
  [1m[35m (1.4ms)[0m  commit transaction
  [1m[36mActiveRecord::SchemaMigration Load (0.1ms)[0m  [1mSELECT "schema_migrations".* FROM "schema_migrations"[0m


Started GET "/" for ::1 at 2015-05-06 11:28:27 -0400
  [1m[36mActiveRecord::SchemaMigration Load (0.3ms)[0m  [1mSELECT "schema_migrations".* FROM "schema_migrations"[0m
Processing by RecordsController#index as HTML
  [1m[35mRecord Load (17.1ms)[0m  SELECT "records".* FROM "records"
  Rendered records/index.html.erb within layouts/application (21.0ms)
Completed 200 OK in 1866ms (Views: 1819.5ms | ActiveRecord: 17.4ms)


Started GET "/assets/scaffolds.self-897b8a95fee13bdda048758a841c8904743a4a90c9dd9413fc66b8a93788207b.css?body=1" for ::1 at 2015-05-06 11:28:29 -0400


Started GET "/assets/application.self-e80e8f2318043e8af94dddc2adad5a4f09739a8ebb323b3ab31cd71d45fd9113.css?body=1" for ::1 at 2015-05-06 11:28:29 -0400


Started GET "/assets/records.self-e3b0c44298fc1c149afbf4c8996fb92427ae41e4649b934ca495991b7852b855.css?body=1" for ::1 at 2015-05-06 11:28:29 -0400


Started GET "/assets/jquery.self-d03a5518f45df77341bdbe6201ba3bfa547ebba8ed64f0ea56bfa5f96ea7c074.js?body=1" for ::1 at 2015-05-06 11:28:29 -0400


Started GET "/assets/records.self-877aef30ae1b040ab8a3aba4e3e309a11d7f2612f44dde450b5c157aa5f95c05.js?body=1" for ::1 at 2015-05-06 11:28:29 -0400


Started GET "/assets/turbolinks.self-c37727e9bd6b2735da5c311aa83fead54ed0be6cc8bd9a65309e9c5abe2cbfff.js?body=1" for ::1 at 2015-05-06 11:28:29 -0400


Started GET "/assets/jquery_ujs.self-8e98a7a072a6cee1372d19fff9ff3e6aa1e39a37d89d6f06861637d061113ee7.js?body=1" for ::1 at 2015-05-06 11:28:29 -0400


Started GET "/assets/application.self-3b8dabdc891efe46b9a144b400ad69e37d7e5876bdc39dee783419a69d7ca819.js?body=1" for ::1 at 2015-05-06 11:28:29 -0400


Started GET "/records/new" for ::1 at 2015-05-06 11:29:04 -0400
Processing by RecordsController#new as HTML
  Rendered records/_form.html.erb (119.1ms)
  Rendered records/new.html.erb within layouts/application (143.3ms)
Completed 200 OK in 210ms (Views: 199.9ms | ActiveRecord: 0.3ms)


Started POST "/records" for ::1 at 2015-05-06 11:29:38 -0400
Processing by RecordsController#create as HTML
  Parameters: {"utf8"=>"✓", "authenticity_token"=>"UK8epj603sFurG9Ax2AwdBW//JOIbvyPug1BI/8VCAuKWJjJC2HAPFUpVuf85vzBEcrqe+upa76+LzauZQEADA==", "record"=>{"band"=>"Counting Crow", "title"=>"Under the Wonderland", "year(1i)"=>"2014", "year(2i)"=>"9", "year(3i)"=>"15", "bought"=>"1"}, "commit"=>"Create Record"}
  [1m[36m (0.1ms)[0m  [1mbegin transaction[0m
  [1m[35mSQL (23.9ms)[0m  INSERT INTO "records" ("band", "title", "bought", "year", "created_at", "updated_at") VALUES (?, ?, ?, ?, ?, ?)  [["band", "Counting Crow"], ["title", "Under the Wonderland"], ["bought", "t"], ["year", "2014-09-15"], ["created_at", "2015-05-06 15:29:39.061599"], ["updated_at", "2015-05-06 15:29:39.061599"]]
  [1m[36m (1.6ms)[0m  [1mcommit transaction[0m
Redirected to http://localhost:3000/records/1
Completed 302 Found in 113ms (ActiveRecord: 25.6ms)


Started GET "/records/1" for ::1 at 2015-05-06 11:29:39 -0400
Processing by RecordsController#show as HTML
  Parameters: {"id"=>"1"}
  [1m[35mRecord Load (0.2ms)[0m  SELECT  "records".* FROM "records" WHERE "records"."id" = ? LIMIT 1  [["id", 1]]
  Rendered records/show.html.erb within layouts/application (1.7ms)
Completed 200 OK in 120ms (Views: 67.7ms | ActiveRecord: 0.2ms)


Started GET "/records" for ::1 at 2015-05-06 11:29:42 -0400
Processing by RecordsController#index as HTML
  [1m[36mRecord Load (0.2ms)[0m  [1mSELECT "records".* FROM "records"[0m
  Rendered records/index.html.erb within layouts/application (2.5ms)
Completed 200 OK in 48ms (Views: 46.7ms | ActiveRecord: 0.2ms)
