  [1m[36m (1.3ms)[0m  [1mCREATE TABLE "schema_migrations" ("version" varchar NOT NULL) [0m
  [1m[35m (0.1ms)[0m  select sqlite_version(*)
  [1m[36m (1.2ms)[0m  [1mCREATE UNIQUE INDEX "unique_schema_migrations" ON "schema_migrations" ("version")[0m
  [1m[35mActiveRecord::SchemaMigration Load (0.1ms)[0m  SELECT "schema_migrations".* FROM "schema_migrations"
Migrating to CreateStudents (20150517230328)
  [1m[36m (0.1ms)[0m  [1mbegin transaction[0m
  [1m[35m (0.5ms)[0m  CREATE TABLE "students" ("id" INTEGER PRIMARY KEY AUTOINCREMENT NOT NULL, "name" varchar, "age" integer, "classroom" varchar, "created_at" datetime NOT NULL, "updated_at" datetime NOT NULL) 
  [1m[36mSQL (0.3ms)[0m  [1mINSERT INTO "schema_migrations" ("version") VALUES (?)[0m  [["version", "20150517230328"]]
  [1m[35m (1.3ms)[0m  commit transaction
  [1m[36mActiveRecord::SchemaMigration Load (0.1ms)[0m  [1mSELECT "schema_migrations".* FROM "schema_migrations"[0m
  [1m[36mActiveRecord::SchemaMigration Load (0.1ms)[0m  [1mSELECT "schema_migrations".* FROM "schema_migrations"[0m
Migrating to CreateTeachers (20150517230501)
  [1m[35m (0.1ms)[0m  begin transaction
  [1m[36m (0.5ms)[0m  [1mCREATE TABLE "teachers" ("id" INTEGER PRIMARY KEY AUTOINCREMENT NOT NULL, "name" varchar, "classroom" varchar, "subject" varchar, "created_at" datetime NOT NULL, "updated_at" datetime NOT NULL) [0m
  [1m[35mSQL (0.3ms)[0m  INSERT INTO "schema_migrations" ("version") VALUES (?)  [["version", "20150517230501"]]
  [1m[36m (1.5ms)[0m  [1mcommit transaction[0m
  [1m[35mActiveRecord::SchemaMigration Load (0.1ms)[0m  SELECT "schema_migrations".* FROM "schema_migrations"
  [1m[36mActiveRecord::SchemaMigration Load (0.3ms)[0m  [1mSELECT "schema_migrations".* FROM "schema_migrations"[0m
Migrating to CreatePets (20150517230715)
  [1m[35m (0.1ms)[0m  begin transaction
  [1m[36m (0.5ms)[0m  [1mCREATE TABLE "pets" ("id" INTEGER PRIMARY KEY AUTOINCREMENT NOT NULL, "name" varchar, "age" integer, "animal" varchar, "created_at" datetime NOT NULL, "updated_at" datetime NOT NULL) [0m
  [1m[35mSQL (0.4ms)[0m  INSERT INTO "schema_migrations" ("version") VALUES (?)  [["version", "20150517230715"]]
  [1m[36m (1.3ms)[0m  [1mcommit transaction[0m
  [1m[35mActiveRecord::SchemaMigration Load (0.1ms)[0m  SELECT "schema_migrations".* FROM "schema_migrations"


Started GET "/" for ::1 at 2015-05-17 19:08:12 -0400
  [1m[36mActiveRecord::SchemaMigration Load (0.1ms)[0m  [1mSELECT "schema_migrations".* FROM "schema_migrations"[0m
Processing by WelcomeController#index as HTML
  Rendered welcome/index.html.erb within layouts/application (1.8ms)
Completed 200 OK in 2377ms (Views: 2354.4ms | ActiveRecord: 0.0ms)


Started GET "/" for ::1 at 2015-05-17 19:08:15 -0400
Processing by WelcomeController#index as HTML
  Rendered welcome/index.html.erb within layouts/application (0.1ms)
Completed 200 OK in 60ms (Views: 59.5ms | ActiveRecord: 0.0ms)


Started GET "/assets/students.self-e3b0c44298fc1c149afbf4c8996fb92427ae41e4649b934ca495991b7852b855.css?body=1" for ::1 at 2015-05-17 19:08:15 -0400


Started GET "/assets/scaffolds.self-4537b4371155a2d7c6391a6b4da0dea4ba5ee7127a9b5cea85cec86ce5ca3d6c.css?body=1" for ::1 at 2015-05-17 19:08:15 -0400


Started GET "/assets/pets.self-e3b0c44298fc1c149afbf4c8996fb92427ae41e4649b934ca495991b7852b855.css?body=1" for ::1 at 2015-05-17 19:08:15 -0400


Started GET "/assets/teachers.self-e3b0c44298fc1c149afbf4c8996fb92427ae41e4649b934ca495991b7852b855.css?body=1" for ::1 at 2015-05-17 19:08:15 -0400


Started GET "/assets/application.self-e80e8f2318043e8af94dddc2adad5a4f09739a8ebb323b3ab31cd71d45fd9113.css?body=1" for ::1 at 2015-05-17 19:08:15 -0400


Started GET "/assets/pets.self-877aef30ae1b040ab8a3aba4e3e309a11d7f2612f44dde450b5c157aa5f95c05.js?body=1" for ::1 at 2015-05-17 19:08:15 -0400


Started GET "/assets/students.self-877aef30ae1b040ab8a3aba4e3e309a11d7f2612f44dde450b5c157aa5f95c05.js?body=1" for ::1 at 2015-05-17 19:08:15 -0400


Started GET "/assets/teachers.self-877aef30ae1b040ab8a3aba4e3e309a11d7f2612f44dde450b5c157aa5f95c05.js?body=1" for ::1 at 2015-05-17 19:08:15 -0400


Started GET "/" for ::1 at 2015-05-17 19:18:19 -0400
Processing by WelcomeController#index as HTML
  Rendered welcome/index.html.erb within layouts/application (0.1ms)
Completed 200 OK in 85ms (Views: 84.5ms | ActiveRecord: 0.0ms)


Started GET "/assets/scaffolds.self-4537b4371155a2d7c6391a6b4da0dea4ba5ee7127a9b5cea85cec86ce5ca3d6c.css?body=1" for ::1 at 2015-05-17 19:18:19 -0400


Started GET "/assets/teachers.self-e3b0c44298fc1c149afbf4c8996fb92427ae41e4649b934ca495991b7852b855.css?body=1" for ::1 at 2015-05-17 19:18:19 -0400


Started GET "/assets/pets.self-e3b0c44298fc1c149afbf4c8996fb92427ae41e4649b934ca495991b7852b855.css?body=1" for ::1 at 2015-05-17 19:18:19 -0400


Started GET "/assets/welcome.self-e3b0c44298fc1c149afbf4c8996fb92427ae41e4649b934ca495991b7852b855.css?body=1" for ::1 at 2015-05-17 19:18:19 -0400


Started GET "/assets/application.self-e80e8f2318043e8af94dddc2adad5a4f09739a8ebb323b3ab31cd71d45fd9113.css?body=1" for ::1 at 2015-05-17 19:18:19 -0400


Started GET "/assets/students.self-e3b0c44298fc1c149afbf4c8996fb92427ae41e4649b934ca495991b7852b855.css?body=1" for ::1 at 2015-05-17 19:18:19 -0400


Started GET "/assets/jquery.self-d03a5518f45df77341bdbe6201ba3bfa547ebba8ed64f0ea56bfa5f96ea7c074.js?body=1" for ::1 at 2015-05-17 19:18:19 -0400


Started GET "/assets/jquery_ujs.self-8e98a7a072a6cee1372d19fff9ff3e6aa1e39a37d89d6f06861637d061113ee7.js?body=1" for ::1 at 2015-05-17 19:18:19 -0400


Started GET "/assets/turbolinks.self-c37727e9bd6b2735da5c311aa83fead54ed0be6cc8bd9a65309e9c5abe2cbfff.js?body=1" for ::1 at 2015-05-17 19:18:19 -0400


Started GET "/assets/pets.self-877aef30ae1b040ab8a3aba4e3e309a11d7f2612f44dde450b5c157aa5f95c05.js?body=1" for ::1 at 2015-05-17 19:18:19 -0400


Started GET "/assets/students.self-877aef30ae1b040ab8a3aba4e3e309a11d7f2612f44dde450b5c157aa5f95c05.js?body=1" for ::1 at 2015-05-17 19:18:19 -0400


Started GET "/assets/welcome.self-877aef30ae1b040ab8a3aba4e3e309a11d7f2612f44dde450b5c157aa5f95c05.js?body=1" for ::1 at 2015-05-17 19:18:19 -0400


Started GET "/assets/teachers.self-877aef30ae1b040ab8a3aba4e3e309a11d7f2612f44dde450b5c157aa5f95c05.js?body=1" for ::1 at 2015-05-17 19:18:19 -0400


Started GET "/assets/application.self-3b8dabdc891efe46b9a144b400ad69e37d7e5876bdc39dee783419a69d7ca819.js?body=1" for ::1 at 2015-05-17 19:18:19 -0400


Started GET "/" for ::1 at 2015-05-17 19:18:55 -0400
Processing by WelcomeController#index as HTML
  Rendered welcome/index.html.erb within layouts/application (0.0ms)
Completed 200 OK in 48ms (Views: 47.9ms | ActiveRecord: 0.0ms)


Started GET "/assets/pets.self-e3b0c44298fc1c149afbf4c8996fb92427ae41e4649b934ca495991b7852b855.css?body=1" for ::1 at 2015-05-17 19:18:55 -0400


Started GET "/assets/teachers.self-e3b0c44298fc1c149afbf4c8996fb92427ae41e4649b934ca495991b7852b855.css?body=1" for ::1 at 2015-05-17 19:18:55 -0400


Started GET "/assets/scaffolds.self-4537b4371155a2d7c6391a6b4da0dea4ba5ee7127a9b5cea85cec86ce5ca3d6c.css?body=1" for ::1 at 2015-05-17 19:18:55 -0400


Started GET "/assets/students.self-e3b0c44298fc1c149afbf4c8996fb92427ae41e4649b934ca495991b7852b855.css?body=1" for ::1 at 2015-05-17 19:18:55 -0400


Started GET "/assets/application.self-e80e8f2318043e8af94dddc2adad5a4f09739a8ebb323b3ab31cd71d45fd9113.css?body=1" for ::1 at 2015-05-17 19:18:55 -0400


Started GET "/assets/welcome.self-e3b0c44298fc1c149afbf4c8996fb92427ae41e4649b934ca495991b7852b855.css?body=1" for ::1 at 2015-05-17 19:18:55 -0400


Started GET "/assets/jquery.self-d03a5518f45df77341bdbe6201ba3bfa547ebba8ed64f0ea56bfa5f96ea7c074.js?body=1" for ::1 at 2015-05-17 19:18:55 -0400


Started GET "/assets/jquery_ujs.self-8e98a7a072a6cee1372d19fff9ff3e6aa1e39a37d89d6f06861637d061113ee7.js?body=1" for ::1 at 2015-05-17 19:18:55 -0400


Started GET "/assets/turbolinks.self-c37727e9bd6b2735da5c311aa83fead54ed0be6cc8bd9a65309e9c5abe2cbfff.js?body=1" for ::1 at 2015-05-17 19:18:55 -0400


Started GET "/assets/pets.self-877aef30ae1b040ab8a3aba4e3e309a11d7f2612f44dde450b5c157aa5f95c05.js?body=1" for ::1 at 2015-05-17 19:18:55 -0400


Started GET "/assets/students.self-877aef30ae1b040ab8a3aba4e3e309a11d7f2612f44dde450b5c157aa5f95c05.js?body=1" for ::1 at 2015-05-17 19:18:55 -0400


Started GET "/assets/teachers.self-877aef30ae1b040ab8a3aba4e3e309a11d7f2612f44dde450b5c157aa5f95c05.js?body=1" for ::1 at 2015-05-17 19:18:55 -0400


Started GET "/assets/welcome.self-877aef30ae1b040ab8a3aba4e3e309a11d7f2612f44dde450b5c157aa5f95c05.js?body=1" for ::1 at 2015-05-17 19:18:55 -0400


Started GET "/assets/application.self-3b8dabdc891efe46b9a144b400ad69e37d7e5876bdc39dee783419a69d7ca819.js?body=1" for ::1 at 2015-05-17 19:18:55 -0400


Started GET "/" for ::1 at 2015-05-17 21:38:31 -0400
  [1m[36mActiveRecord::SchemaMigration Load (0.1ms)[0m  [1mSELECT "schema_migrations".* FROM "schema_migrations"[0m
Processing by WelcomeController#index as HTML
  Rendered welcome/index.html.erb within layouts/application (10.9ms)
Completed 200 OK in 352ms (Views: 327.3ms | ActiveRecord: 0.0ms)


Started GET "/students" for ::1 at 2015-05-17 21:38:35 -0400
Processing by StudentsController#index as HTML
  [1m[35mStudent Load (11.2ms)[0m  SELECT "students".* FROM "students"
  Rendered students/index.html.erb within layouts/application (13.8ms)
Completed 200 OK in 73ms (Views: 60.0ms | ActiveRecord: 11.5ms)


Started GET "/students/new" for ::1 at 2015-05-17 21:38:39 -0400
Processing by StudentsController#new as HTML
  Rendered students/_form.html.erb (107.9ms)
  Rendered students/new.html.erb within layouts/application (129.6ms)
Completed 200 OK in 219ms (Views: 212.6ms | ActiveRecord: 0.3ms)


Started POST "/students" for ::1 at 2015-05-17 21:39:04 -0400
Processing by StudentsController#create as HTML
  Parameters: {"utf8"=>"✓", "authenticity_token"=>"hVhnMvfrR3mK+YZyl7ymFGzbn4pWBGvKdN78FM5KKbAfklPkFtVAP6TzbEZ7EaHM7H8ZAJpLp5Gm9xHO1SszeQ==", "student"=>{"name"=>"Bob", "age"=>"14", "classroom"=>"Freshman"}, "commit"=>"Create Student"}
  [1m[36m (0.1ms)[0m  [1mbegin transaction[0m
  [1m[35mSQL (12.4ms)[0m  INSERT INTO "students" ("name", "age", "classroom", "created_at", "updated_at") VALUES (?, ?, ?, ?, ?)  [["name", "Bob"], ["age", 14], ["classroom", "Freshman"], ["created_at", "2015-05-18 01:39:04.127906"], ["updated_at", "2015-05-18 01:39:04.127906"]]
  [1m[36m (46.3ms)[0m  [1mcommit transaction[0m
Redirected to http://localhost:3000/students/1
Completed 302 Found in 86ms (ActiveRecord: 58.8ms)


Started GET "/students/1" for ::1 at 2015-05-17 21:39:04 -0400
Processing by StudentsController#show as HTML
  Parameters: {"id"=>"1"}
  [1m[35mStudent Load (0.3ms)[0m  SELECT  "students".* FROM "students" WHERE "students"."id" = ? LIMIT 1  [["id", 1]]
  Rendered students/show.html.erb within layouts/application (1.2ms)
Completed 200 OK in 190ms (Views: 118.0ms | ActiveRecord: 0.3ms)


Started GET "/students" for ::1 at 2015-05-17 21:39:07 -0400
Processing by StudentsController#index as HTML
  [1m[36mStudent Load (0.2ms)[0m  [1mSELECT "students".* FROM "students"[0m
  Rendered students/index.html.erb within layouts/application (1.4ms)
Completed 200 OK in 69ms (Views: 67.3ms | ActiveRecord: 0.2ms)


Started GET "/students/new" for ::1 at 2015-05-17 21:39:22 -0400
Processing by StudentsController#new as HTML
  Rendered students/_form.html.erb (2.0ms)
  Rendered students/new.html.erb within layouts/application (4.1ms)
Completed 200 OK in 57ms (Views: 56.4ms | ActiveRecord: 0.0ms)


Started POST "/students" for ::1 at 2015-05-17 21:39:43 -0400
Processing by StudentsController#create as HTML
  Parameters: {"utf8"=>"✓", "authenticity_token"=>"GcXx8PQkKVwpCI+j+eocKweVbt2ghS9VRytShDBvO7+DD8UmFRouGgcCZZcVRxvzhzHoV2zK4w6VAr9eKw4hdg==", "student"=>{"name"=>"Sara", "age"=>"10", "classroom"=>"4th grade"}, "commit"=>"Create Student"}
  [1m[35m (0.1ms)[0m  begin transaction
  [1m[36mSQL (0.3ms)[0m  [1mINSERT INTO "students" ("name", "age", "classroom", "created_at", "updated_at") VALUES (?, ?, ?, ?, ?)[0m  [["name", "Sara"], ["age", 10], ["classroom", "4th grade"], ["created_at", "2015-05-18 01:39:43.109808"], ["updated_at", "2015-05-18 01:39:43.109808"]]
  [1m[35m (1.1ms)[0m  commit transaction
Redirected to http://localhost:3000/students/2
Completed 302 Found in 4ms (ActiveRecord: 1.4ms)


Started GET "/students/2" for ::1 at 2015-05-17 21:39:43 -0400
Processing by StudentsController#show as HTML
  Parameters: {"id"=>"2"}
  [1m[36mStudent Load (0.1ms)[0m  [1mSELECT  "students".* FROM "students" WHERE "students"."id" = ? LIMIT 1[0m  [["id", 2]]
  Rendered students/show.html.erb within layouts/application (0.3ms)
Completed 200 OK in 48ms (Views: 46.7ms | ActiveRecord: 0.1ms)


Started GET "/students" for ::1 at 2015-05-17 21:39:45 -0400
Processing by StudentsController#index as HTML
  [1m[35mStudent Load (0.3ms)[0m  SELECT "students".* FROM "students"
  Rendered students/index.html.erb within layouts/application (1.6ms)
Completed 200 OK in 51ms (Views: 50.3ms | ActiveRecord: 0.3ms)


Started GET "/students/new" for ::1 at 2015-05-17 21:39:48 -0400
Processing by StudentsController#new as HTML
  Rendered students/_form.html.erb (2.2ms)
  Rendered students/new.html.erb within layouts/application (4.4ms)
Completed 200 OK in 55ms (Views: 54.1ms | ActiveRecord: 0.0ms)


Started POST "/students" for ::1 at 2015-05-17 21:40:11 -0400
Processing by StudentsController#create as HTML
  Parameters: {"utf8"=>"✓", "authenticity_token"=>"JEN1ygalpsnfz3U5UgkNMYJfLdsy3HcnXi/YUDDi0g6+iUEc55uhj/HFnw2+pArpAvurUf6Tu3yMBjWKK4PIxw==", "student"=>{"name"=>"Megan", "age"=>"16", "classroom"=>"Junior"}, "commit"=>"Create Student"}
  [1m[36m (0.1ms)[0m  [1mbegin transaction[0m
  [1m[35mSQL (0.3ms)[0m  INSERT INTO "students" ("name", "age", "classroom", "created_at", "updated_at") VALUES (?, ?, ?, ?, ?)  [["name", "Megan"], ["age", 16], ["classroom", "Junior"], ["created_at", "2015-05-18 01:40:11.238786"], ["updated_at", "2015-05-18 01:40:11.238786"]]
  [1m[36m (1.0ms)[0m  [1mcommit transaction[0m
Redirected to http://localhost:3000/students/3
Completed 302 Found in 5ms (ActiveRecord: 1.3ms)


Started GET "/students/3" for ::1 at 2015-05-17 21:40:11 -0400
Processing by StudentsController#show as HTML
  Parameters: {"id"=>"3"}
  [1m[35mStudent Load (0.2ms)[0m  SELECT  "students".* FROM "students" WHERE "students"."id" = ? LIMIT 1  [["id", 3]]
  Rendered students/show.html.erb within layouts/application (0.4ms)
Completed 200 OK in 54ms (Views: 51.9ms | ActiveRecord: 0.2ms)


Started GET "/students/3" for ::1 at 2015-05-17 21:42:02 -0400
Processing by StudentsController#show as HTML
  Parameters: {"id"=>"3"}
  [1m[36mStudent Load (0.1ms)[0m  [1mSELECT  "students".* FROM "students" WHERE "students"."id" = ? LIMIT 1[0m  [["id", 3]]
  Rendered students/show.html.erb within layouts/application (0.4ms)
Completed 200 OK in 61ms (Views: 59.9ms | ActiveRecord: 0.1ms)


Started GET "/assets/pets.self-e3b0c44298fc1c149afbf4c8996fb92427ae41e4649b934ca495991b7852b855.css?body=1" for ::1 at 2015-05-17 21:42:02 -0400


Started GET "/assets/scaffolds.self-4537b4371155a2d7c6391a6b4da0dea4ba5ee7127a9b5cea85cec86ce5ca3d6c.css?body=1" for ::1 at 2015-05-17 21:42:02 -0400


Started GET "/assets/teachers.self-e3b0c44298fc1c149afbf4c8996fb92427ae41e4649b934ca495991b7852b855.css?body=1" for ::1 at 2015-05-17 21:42:02 -0400


Started GET "/assets/application.self-e80e8f2318043e8af94dddc2adad5a4f09739a8ebb323b3ab31cd71d45fd9113.css?body=1" for ::1 at 2015-05-17 21:42:02 -0400


Started GET "/assets/students.self-e3b0c44298fc1c149afbf4c8996fb92427ae41e4649b934ca495991b7852b855.css?body=1" for ::1 at 2015-05-17 21:42:02 -0400


Started GET "/assets/welcome.self-e3b0c44298fc1c149afbf4c8996fb92427ae41e4649b934ca495991b7852b855.css?body=1" for ::1 at 2015-05-17 21:42:02 -0400


Started GET "/assets/jquery.self-d03a5518f45df77341bdbe6201ba3bfa547ebba8ed64f0ea56bfa5f96ea7c074.js?body=1" for ::1 at 2015-05-17 21:42:02 -0400


Started GET "/assets/jquery_ujs.self-8e98a7a072a6cee1372d19fff9ff3e6aa1e39a37d89d6f06861637d061113ee7.js?body=1" for ::1 at 2015-05-17 21:42:02 -0400


Started GET "/assets/turbolinks.self-c37727e9bd6b2735da5c311aa83fead54ed0be6cc8bd9a65309e9c5abe2cbfff.js?body=1" for ::1 at 2015-05-17 21:42:02 -0400


Started GET "/assets/pets.self-877aef30ae1b040ab8a3aba4e3e309a11d7f2612f44dde450b5c157aa5f95c05.js?body=1" for ::1 at 2015-05-17 21:42:02 -0400


Started GET "/assets/students.self-877aef30ae1b040ab8a3aba4e3e309a11d7f2612f44dde450b5c157aa5f95c05.js?body=1" for ::1 at 2015-05-17 21:42:02 -0400


Started GET "/assets/teachers.self-877aef30ae1b040ab8a3aba4e3e309a11d7f2612f44dde450b5c157aa5f95c05.js?body=1" for ::1 at 2015-05-17 21:42:02 -0400


Started GET "/assets/welcome.self-877aef30ae1b040ab8a3aba4e3e309a11d7f2612f44dde450b5c157aa5f95c05.js?body=1" for ::1 at 2015-05-17 21:42:02 -0400


Started GET "/assets/application.self-3b8dabdc891efe46b9a144b400ad69e37d7e5876bdc39dee783419a69d7ca819.js?body=1" for ::1 at 2015-05-17 21:42:02 -0400


Started GET "/students/3" for ::1 at 2015-05-17 21:44:23 -0400
Processing by StudentsController#show as HTML
  Parameters: {"id"=>"3"}
  [1m[35mStudent Load (0.1ms)[0m  SELECT  "students".* FROM "students" WHERE "students"."id" = ? LIMIT 1  [["id", 3]]
  Rendered students/show.html.erb within layouts/application (0.4ms)
Completed 200 OK in 52ms (Views: 50.5ms | ActiveRecord: 0.1ms)


Started GET "/assets/teachers.self-e3b0c44298fc1c149afbf4c8996fb92427ae41e4649b934ca495991b7852b855.css?body=1" for ::1 at 2015-05-17 21:44:23 -0400


Started GET "/assets/pets.self-e3b0c44298fc1c149afbf4c8996fb92427ae41e4649b934ca495991b7852b855.css?body=1" for ::1 at 2015-05-17 21:44:23 -0400


Started GET "/assets/scaffolds.self-4537b4371155a2d7c6391a6b4da0dea4ba5ee7127a9b5cea85cec86ce5ca3d6c.css?body=1" for ::1 at 2015-05-17 21:44:23 -0400


Started GET "/assets/students.self-e3b0c44298fc1c149afbf4c8996fb92427ae41e4649b934ca495991b7852b855.css?body=1" for ::1 at 2015-05-17 21:44:23 -0400


Started GET "/assets/welcome.self-e3b0c44298fc1c149afbf4c8996fb92427ae41e4649b934ca495991b7852b855.css?body=1" for ::1 at 2015-05-17 21:44:23 -0400


Started GET "/assets/application.self-e80e8f2318043e8af94dddc2adad5a4f09739a8ebb323b3ab31cd71d45fd9113.css?body=1" for ::1 at 2015-05-17 21:44:23 -0400


Started GET "/assets/jquery_ujs.self-8e98a7a072a6cee1372d19fff9ff3e6aa1e39a37d89d6f06861637d061113ee7.js?body=1" for ::1 at 2015-05-17 21:44:23 -0400


Started GET "/assets/jquery.self-d03a5518f45df77341bdbe6201ba3bfa547ebba8ed64f0ea56bfa5f96ea7c074.js?body=1" for ::1 at 2015-05-17 21:44:23 -0400


Started GET "/assets/turbolinks.self-c37727e9bd6b2735da5c311aa83fead54ed0be6cc8bd9a65309e9c5abe2cbfff.js?body=1" for ::1 at 2015-05-17 21:44:23 -0400


Started GET "/assets/pets.self-877aef30ae1b040ab8a3aba4e3e309a11d7f2612f44dde450b5c157aa5f95c05.js?body=1" for ::1 at 2015-05-17 21:44:23 -0400


Started GET "/assets/students.self-877aef30ae1b040ab8a3aba4e3e309a11d7f2612f44dde450b5c157aa5f95c05.js?body=1" for ::1 at 2015-05-17 21:44:23 -0400


Started GET "/assets/teachers.self-877aef30ae1b040ab8a3aba4e3e309a11d7f2612f44dde450b5c157aa5f95c05.js?body=1" for ::1 at 2015-05-17 21:44:23 -0400


Started GET "/assets/welcome.self-877aef30ae1b040ab8a3aba4e3e309a11d7f2612f44dde450b5c157aa5f95c05.js?body=1" for ::1 at 2015-05-17 21:44:23 -0400


Started GET "/assets/application.self-3b8dabdc891efe46b9a144b400ad69e37d7e5876bdc39dee783419a69d7ca819.js?body=1" for ::1 at 2015-05-17 21:44:23 -0400


Started GET "/teachers" for ::1 at 2015-05-17 21:49:55 -0400
Processing by TeachersController#index as HTML
  [1m[36mTeacher Load (0.4ms)[0m  [1mSELECT "teachers".* FROM "teachers"[0m
  Rendered teachers/index.html.erb within layouts/application (2.7ms)
Completed 200 OK in 65ms (Views: 62.8ms | ActiveRecord: 0.5ms)


Started GET "/pets" for ::1 at 2015-05-17 21:49:58 -0400
Processing by PetsController#index as HTML
  [1m[35mPet Load (0.2ms)[0m  SELECT "pets".* FROM "pets"
  Rendered pets/index.html.erb within layouts/application (2.2ms)
Completed 200 OK in 107ms (Views: 97.5ms | ActiveRecord: 0.3ms)


Started GET "/students" for ::1 at 2015-05-17 21:49:59 -0400
Processing by StudentsController#index as HTML
  [1m[36mStudent Load (0.2ms)[0m  [1mSELECT "students".* FROM "students"[0m
  Rendered students/index.html.erb within layouts/application (6.7ms)
Completed 200 OK in 59ms (Views: 55.9ms | ActiveRecord: 0.6ms)


Started GET "/" for ::1 at 2015-05-17 21:50:02 -0400
Processing by WelcomeController#index as HTML
  Rendered welcome/index.html.erb within layouts/application (0.5ms)
Completed 200 OK in 51ms (Views: 50.0ms | ActiveRecord: 0.0ms)


Started GET "/" for ::1 at 2015-05-17 21:50:08 -0400
Processing by WelcomeController#index as HTML
  Rendered welcome/index.html.erb within layouts/application (0.0ms)
Completed 200 OK in 50ms (Views: 49.0ms | ActiveRecord: 0.0ms)


Started GET "/" for ::1 at 2015-05-17 22:00:56 -0400
Processing by WelcomeController#index as HTML
  Rendered welcome/index.html.erb within layouts/application (0.0ms)
Completed 200 OK in 53ms (Views: 53.1ms | ActiveRecord: 0.0ms)


Started GET "/" for ::1 at 2015-05-17 22:00:59 -0400
Processing by WelcomeController#index as HTML
  Rendered welcome/index.html.erb within layouts/application (0.0ms)
Completed 200 OK in 48ms (Views: 48.0ms | ActiveRecord: 0.0ms)


Started GET "/students" for ::1 at 2015-05-17 22:01:00 -0400
Processing by StudentsController#index as HTML
  [1m[35mStudent Load (0.2ms)[0m  SELECT "students".* FROM "students"
  Rendered students/index.html.erb within layouts/application (2.0ms)
Completed 200 OK in 52ms (Views: 50.7ms | ActiveRecord: 0.2ms)


Started GET "/" for ::1 at 2015-05-17 22:01:02 -0400
Processing by WelcomeController#index as HTML
  Rendered welcome/index.html.erb within layouts/application (0.1ms)
Completed 200 OK in 52ms (Views: 51.5ms | ActiveRecord: 0.0ms)


Started GET "/" for ::1 at 2015-05-17 22:41:02 -0400
Processing by WelcomeController#index as HTML
  Rendered welcome/index.html.erb within layouts/application (0.1ms)
Completed 200 OK in 128ms (Views: 127.4ms | ActiveRecord: 0.0ms)


Started GET "/assets/students.self-e3b0c44298fc1c149afbf4c8996fb92427ae41e4649b934ca495991b7852b855.css?body=1" for ::1 at 2015-05-17 22:41:02 -0400


Started GET "/assets/pets.self-e3b0c44298fc1c149afbf4c8996fb92427ae41e4649b934ca495991b7852b855.css?body=1" for ::1 at 2015-05-17 22:41:02 -0400


Started GET "/assets/teachers.self-e3b0c44298fc1c149afbf4c8996fb92427ae41e4649b934ca495991b7852b855.css?body=1" for ::1 at 2015-05-17 22:41:02 -0400


Started GET "/assets/welcome.self-e3b0c44298fc1c149afbf4c8996fb92427ae41e4649b934ca495991b7852b855.css?body=1" for ::1 at 2015-05-17 22:41:02 -0400


Started GET "/assets/application.self-e80e8f2318043e8af94dddc2adad5a4f09739a8ebb323b3ab31cd71d45fd9113.css?body=1" for ::1 at 2015-05-17 22:41:02 -0400


Started GET "/assets/scaffolds.self-4537b4371155a2d7c6391a6b4da0dea4ba5ee7127a9b5cea85cec86ce5ca3d6c.css?body=1" for ::1 at 2015-05-17 22:41:02 -0400


Started GET "/assets/students.self-877aef30ae1b040ab8a3aba4e3e309a11d7f2612f44dde450b5c157aa5f95c05.js?body=1" for ::1 at 2015-05-17 22:41:02 -0400


Started GET "/assets/jquery_ujs.self-8e98a7a072a6cee1372d19fff9ff3e6aa1e39a37d89d6f06861637d061113ee7.js?body=1" for ::1 at 2015-05-17 22:41:02 -0400


Started GET "/assets/jquery.self-d03a5518f45df77341bdbe6201ba3bfa547ebba8ed64f0ea56bfa5f96ea7c074.js?body=1" for ::1 at 2015-05-17 22:41:02 -0400


Started GET "/assets/turbolinks.self-c37727e9bd6b2735da5c311aa83fead54ed0be6cc8bd9a65309e9c5abe2cbfff.js?body=1" for ::1 at 2015-05-17 22:41:02 -0400


Started GET "/assets/pets.self-877aef30ae1b040ab8a3aba4e3e309a11d7f2612f44dde450b5c157aa5f95c05.js?body=1" for ::1 at 2015-05-17 22:41:02 -0400


Started GET "/assets/teachers.self-877aef30ae1b040ab8a3aba4e3e309a11d7f2612f44dde450b5c157aa5f95c05.js?body=1" for ::1 at 2015-05-17 22:41:02 -0400


Started GET "/assets/welcome.self-877aef30ae1b040ab8a3aba4e3e309a11d7f2612f44dde450b5c157aa5f95c05.js?body=1" for ::1 at 2015-05-17 22:41:02 -0400


Started GET "/assets/application.self-3b8dabdc891efe46b9a144b400ad69e37d7e5876bdc39dee783419a69d7ca819.js?body=1" for ::1 at 2015-05-17 22:41:02 -0400


Started GET "/students" for ::1 at 2015-05-17 22:41:05 -0400
Processing by StudentsController#index as HTML
  [1m[36mStudent Load (0.2ms)[0m  [1mSELECT "students".* FROM "students"[0m
  Rendered students/index.html.erb within layouts/application (2.7ms)
Completed 200 OK in 53ms (Views: 51.8ms | ActiveRecord: 0.2ms)
