  [1m[36m (1.4ms)[0m  [1mCREATE TABLE "schema_migrations" ("version" varchar NOT NULL) [0m
  [1m[35m (0.1ms)[0m  select sqlite_version(*)
  [1m[36m (1.3ms)[0m  [1mCREATE UNIQUE INDEX "unique_schema_migrations" ON "schema_migrations" ("version")[0m
  [1m[35mActiveRecord::SchemaMigration Load (0.1ms)[0m  SELECT "schema_migrations".* FROM "schema_migrations"
Migrating to CreatePosts (20150528121136)
  [1m[36m (0.1ms)[0m  [1mbegin transaction[0m
  [1m[35m (0.5ms)[0m  CREATE TABLE "posts" ("id" INTEGER PRIMARY KEY AUTOINCREMENT NOT NULL, "content" text, "created_at" datetime NOT NULL, "updated_at" datetime NOT NULL) 
  [1m[36mSQL (0.3ms)[0m  [1mINSERT INTO "schema_migrations" ("version") VALUES (?)[0m  [["version", "20150528121136"]]
  [1m[35m (1.4ms)[0m  commit transaction
  [1m[36mActiveRecord::SchemaMigration Load (0.1ms)[0m  [1mSELECT "schema_migrations".* FROM "schema_migrations"[0m


Started GET "/" for ::1 at 2015-05-28 08:28:43 -0400
  [1m[36mActiveRecord::SchemaMigration Load (0.2ms)[0m  [1mSELECT "schema_migrations".* FROM "schema_migrations"[0m
Processing by PostsController#ajax as HTML
  Rendered posts/ajax.html.erb within layouts/application (8.0ms)
Completed 200 OK in 2003ms (Views: 1981.8ms | ActiveRecord: 0.0ms)


Started GET "/" for ::1 at 2015-05-28 08:28:46 -0400
Processing by PostsController#ajax as HTML
  Rendered posts/ajax.html.erb within layouts/application (0.1ms)
Completed 200 OK in 55ms (Views: 54.7ms | ActiveRecord: 0.0ms)


Started GET "/assets/posts.self-e3b0c44298fc1c149afbf4c8996fb92427ae41e4649b934ca495991b7852b855.css?body=1" for ::1 at 2015-05-28 08:28:46 -0400


Started GET "/assets/scaffolds.self-6a87b88d9bfb0d3fe04df678791c6aa45b0f7f7367edbe8401b3c2426fdf2771.css?body=1" for ::1 at 2015-05-28 08:28:46 -0400


Started GET "/assets/posts.self-877aef30ae1b040ab8a3aba4e3e309a11d7f2612f44dde450b5c157aa5f95c05.js?body=1" for ::1 at 2015-05-28 08:28:46 -0400


Started GET "/posts.json" for ::1 at 2015-05-28 08:28:56 -0400
Processing by PostsController#index as JSON
  [1m[35mPost Load (0.2ms)[0m  SELECT "posts".* FROM "posts"
  Rendered posts/index.json.jbuilder (19.5ms)
Completed 200 OK in 32ms (Views: 28.9ms | ActiveRecord: 0.3ms)


Started GET "/posts/new" for ::1 at 2015-05-28 08:29:15 -0400
Processing by PostsController#new as HTML
  Rendered posts/_form.html.erb (98.7ms)
  Rendered posts/new.html.erb within layouts/application (133.5ms)
Completed 200 OK in 210ms (Views: 204.3ms | ActiveRecord: 0.4ms)


Started POST "/posts" for ::1 at 2015-05-28 08:29:48 -0400
Processing by PostsController#create as HTML
  Parameters: {"utf8"=>"✓", "authenticity_token"=>"3C8QUvKmW9GFrd5neVSEEf2BnSNFM9UF4Bp9mFPSMKtzqZfP/zb1DtPWpN+qDmshDCf7jrJ9vRKHiAdM5t3N/g==", "post"=>{"content"=>"I'm feeling great today! I had a protein shake for breakfast and it gave me a boost!"}, "commit"=>"Create Post"}
  [1m[36m (0.1ms)[0m  [1mbegin transaction[0m
  [1m[35mSQL (0.5ms)[0m  INSERT INTO "posts" ("content", "created_at", "updated_at") VALUES (?, ?, ?)  [["content", "I'm feeling great today! I had a protein shake for breakfast and it gave me a boost!"], ["created_at", "2015-05-28 12:29:48.509672"], ["updated_at", "2015-05-28 12:29:48.509672"]]
  [1m[36m (1.8ms)[0m  [1mcommit transaction[0m
Redirected to http://localhost:3000/posts/1
Completed 302 Found in 31ms (ActiveRecord: 2.5ms)


Started GET "/posts/1" for ::1 at 2015-05-28 08:29:48 -0400
Processing by PostsController#show as HTML
  Parameters: {"id"=>"1"}
  [1m[35mPost Load (0.3ms)[0m  SELECT  "posts".* FROM "posts" WHERE "posts"."id" = ? LIMIT 1  [["id", 1]]
  Rendered posts/show.html.erb within layouts/application (1.1ms)
Completed 200 OK in 141ms (Views: 56.1ms | ActiveRecord: 0.3ms)


Started GET "/posts" for ::1 at 2015-05-28 08:30:46 -0400
Processing by PostsController#index as HTML
  [1m[36mPost Load (0.2ms)[0m  [1mSELECT "posts".* FROM "posts"[0m
  Rendered posts/index.html.erb within layouts/application (2.4ms)
Completed 200 OK in 65ms (Views: 63.4ms | ActiveRecord: 0.2ms)


Started GET "/" for ::1 at 2015-05-28 08:30:54 -0400
Processing by PostsController#ajax as HTML
  Rendered posts/ajax.html.erb within layouts/application (0.0ms)
Completed 200 OK in 39ms (Views: 38.2ms | ActiveRecord: 0.0ms)


Started GET "/posts.json" for ::1 at 2015-05-28 08:30:56 -0400
Processing by PostsController#index as JSON
  [1m[35mPost Load (0.2ms)[0m  SELECT "posts".* FROM "posts"
  Rendered posts/index.json.jbuilder (1.1ms)
Completed 200 OK in 10ms (Views: 9.4ms | ActiveRecord: 0.2ms)
