  [1m[36m (1.2ms)[0m  [1mCREATE TABLE "schema_migrations" ("version" varchar NOT NULL) [0m
  [1m[35m (0.1ms)[0m  select sqlite_version(*)
  [1m[36m (1.2ms)[0m  [1mCREATE UNIQUE INDEX "unique_schema_migrations" ON "schema_migrations" ("version")[0m
  [1m[35mActiveRecord::SchemaMigration Load (0.2ms)[0m  SELECT "schema_migrations".* FROM "schema_migrations"
Migrating to CreateCountries (20150602123235)
  [1m[36m (0.1ms)[0m  [1mbegin transaction[0m
  [1m[35m (0.5ms)[0m  CREATE TABLE "countries" ("id" INTEGER PRIMARY KEY AUTOINCREMENT NOT NULL, "name" varchar, "created_at" datetime NOT NULL, "updated_at" datetime NOT NULL) 
  [1m[36mSQL (0.2ms)[0m  [1mINSERT INTO "schema_migrations" ("version") VALUES (?)[0m  [["version", "20150602123235"]]
  [1m[35m (1.4ms)[0m  commit transaction
  [1m[36mActiveRecord::SchemaMigration Load (0.1ms)[0m  [1mSELECT "schema_migrations".* FROM "schema_migrations"[0m
  [1m[36mActiveRecord::SchemaMigration Load (0.1ms)[0m  [1mSELECT "schema_migrations".* FROM "schema_migrations"[0m
Migrating to CreateCities (20150602123608)
  [1m[35m (0.1ms)[0m  begin transaction
  [1m[36m (0.4ms)[0m  [1mCREATE TABLE "cities" ("id" INTEGER PRIMARY KEY AUTOINCREMENT NOT NULL, "name" varchar, "country_id" integer, "created_at" datetime NOT NULL, "updated_at" datetime NOT NULL) [0m
  [1m[35mSQL (0.2ms)[0m  INSERT INTO "schema_migrations" ("version") VALUES (?)  [["version", "20150602123608"]]
  [1m[36m (5.8ms)[0m  [1mcommit transaction[0m
  [1m[35mActiveRecord::SchemaMigration Load (0.1ms)[0m  SELECT "schema_migrations".* FROM "schema_migrations"
  [1m[36mActiveRecord::SchemaMigration Load (0.1ms)[0m  [1mSELECT "schema_migrations".* FROM "schema_migrations"[0m
Migrating to DeviseCreateUsers (20150602125036)
  [1m[35m (0.1ms)[0m  begin transaction
DEPRECATION WARNING: `#timestamp` was called without specifying an option for `null`. In Rails 5, this behavior will change to `null: false`. You should manually specify `null: true` to prevent the behavior of your existing migrations from changing. (called from block in change at /Users/rudi1/Desktop/TTS/Rails/cities/db/migrate/20150602125036_devise_create_users.rb:34)
  [1m[36m (0.5ms)[0m  [1mCREATE TABLE "users" ("id" INTEGER PRIMARY KEY AUTOINCREMENT NOT NULL, "email" varchar DEFAULT '' NOT NULL, "encrypted_password" varchar DEFAULT '' NOT NULL, "reset_password_token" varchar, "reset_password_sent_at" datetime, "remember_created_at" datetime, "sign_in_count" integer DEFAULT 0 NOT NULL, "current_sign_in_at" datetime, "last_sign_in_at" datetime, "current_sign_in_ip" varchar, "last_sign_in_ip" varchar, "created_at" datetime, "updated_at" datetime) [0m
  [1m[35m (0.1ms)[0m  select sqlite_version(*)
  [1m[36m (0.3ms)[0m  [1mCREATE UNIQUE INDEX "index_users_on_email" ON "users" ("email")[0m
  [1m[35m (0.1ms)[0m              SELECT sql
            FROM sqlite_master
            WHERE name='index_users_on_email' AND type='index'
            UNION ALL
            SELECT sql
            FROM sqlite_temp_master
            WHERE name='index_users_on_email' AND type='index'

  [1m[36m (0.1ms)[0m  [1mCREATE UNIQUE INDEX "index_users_on_reset_password_token" ON "users" ("reset_password_token")[0m
  [1m[35mSQL (0.2ms)[0m  INSERT INTO "schema_migrations" ("version") VALUES (?)  [["version", "20150602125036"]]
  [1m[36m (1.7ms)[0m  [1mcommit transaction[0m
  [1m[35mActiveRecord::SchemaMigration Load (0.2ms)[0m  SELECT "schema_migrations".* FROM "schema_migrations"
  [1m[36m (0.1ms)[0m  [1m            SELECT sql
            FROM sqlite_master
            WHERE name='index_users_on_reset_password_token' AND type='index'
            UNION ALL
            SELECT sql
            FROM sqlite_temp_master
            WHERE name='index_users_on_reset_password_token' AND type='index'
[0m
  [1m[35m (0.1ms)[0m              SELECT sql
            FROM sqlite_master
            WHERE name='index_users_on_email' AND type='index'
            UNION ALL
            SELECT sql
            FROM sqlite_temp_master
            WHERE name='index_users_on_email' AND type='index'



Started GET "/" for ::1 at 2015-06-02 08:57:00 -0400
  [1m[36mActiveRecord::SchemaMigration Load (0.2ms)[0m  [1mSELECT "schema_migrations".* FROM "schema_migrations"[0m
Processing by WelcomeController#index as HTML
  Rendered welcome/index.html.erb within layouts/application (21.8ms)
Completed 200 OK in 2438ms (Views: 2319.4ms | ActiveRecord: 0.0ms)


Started GET "/" for ::1 at 2015-06-02 08:57:03 -0400
Processing by WelcomeController#index as HTML
  Rendered welcome/index.html.erb within layouts/application (0.0ms)
Completed 200 OK in 52ms (Views: 51.4ms | ActiveRecord: 0.0ms)


Started GET "/assets/countries.self-e3b0c44298fc1c149afbf4c8996fb92427ae41e4649b934ca495991b7852b855.css?body=1" for ::1 at 2015-06-02 08:57:03 -0400


Started GET "/assets/scaffolds.self-eb94d8ad3d789dd9fa30722e480d3fc4be4f891d8778b598448af5c0b040c8a7.css?body=1" for ::1 at 2015-06-02 08:57:03 -0400


Started GET "/assets/cities.self-877aef30ae1b040ab8a3aba4e3e309a11d7f2612f44dde450b5c157aa5f95c05.js?body=1" for ::1 at 2015-06-02 08:57:03 -0400


Started GET "/assets/countries.self-877aef30ae1b040ab8a3aba4e3e309a11d7f2612f44dde450b5c157aa5f95c05.js?body=1" for ::1 at 2015-06-02 08:57:03 -0400


Started GET "/assets/cities.self-e3b0c44298fc1c149afbf4c8996fb92427ae41e4649b934ca495991b7852b855.css?body=1" for ::1 at 2015-06-02 08:57:03 -0400


Started GET "/" for ::1 at 2015-06-02 09:03:29 -0400
Processing by WelcomeController#index as HTML
  Rendered welcome/index.html.erb within layouts/application (0.1ms)
Completed 200 OK in 70ms (Views: 50.0ms | ActiveRecord: 0.0ms)


Started GET "/assets/cities.self-e3b0c44298fc1c149afbf4c8996fb92427ae41e4649b934ca495991b7852b855.css?body=1" for ::1 at 2015-06-02 09:03:29 -0400


Started GET "/assets/countries.self-e3b0c44298fc1c149afbf4c8996fb92427ae41e4649b934ca495991b7852b855.css?body=1" for ::1 at 2015-06-02 09:03:29 -0400


Started GET "/assets/jquery.self-d03a5518f45df77341bdbe6201ba3bfa547ebba8ed64f0ea56bfa5f96ea7c074.js?body=1" for ::1 at 2015-06-02 09:03:29 -0400


Started GET "/assets/welcome.self-e3b0c44298fc1c149afbf4c8996fb92427ae41e4649b934ca495991b7852b855.css?body=1" for ::1 at 2015-06-02 09:03:29 -0400


Started GET "/assets/application.self-e80e8f2318043e8af94dddc2adad5a4f09739a8ebb323b3ab31cd71d45fd9113.css?body=1" for ::1 at 2015-06-02 09:03:29 -0400


Started GET "/assets/scaffolds.self-eb94d8ad3d789dd9fa30722e480d3fc4be4f891d8778b598448af5c0b040c8a7.css?body=1" for ::1 at 2015-06-02 09:03:29 -0400


Started GET "/assets/jquery_ujs.self-8e98a7a072a6cee1372d19fff9ff3e6aa1e39a37d89d6f06861637d061113ee7.js?body=1" for ::1 at 2015-06-02 09:03:29 -0400


Started GET "/assets/turbolinks.self-c37727e9bd6b2735da5c311aa83fead54ed0be6cc8bd9a65309e9c5abe2cbfff.js?body=1" for ::1 at 2015-06-02 09:03:29 -0400


Started GET "/assets/cities.self-877aef30ae1b040ab8a3aba4e3e309a11d7f2612f44dde450b5c157aa5f95c05.js?body=1" for ::1 at 2015-06-02 09:03:29 -0400


Started GET "/assets/countries.self-877aef30ae1b040ab8a3aba4e3e309a11d7f2612f44dde450b5c157aa5f95c05.js?body=1" for ::1 at 2015-06-02 09:03:29 -0400


Started GET "/assets/welcome.self-877aef30ae1b040ab8a3aba4e3e309a11d7f2612f44dde450b5c157aa5f95c05.js?body=1" for ::1 at 2015-06-02 09:03:29 -0400


Started GET "/assets/application.self-3b8dabdc891efe46b9a144b400ad69e37d7e5876bdc39dee783419a69d7ca819.js?body=1" for ::1 at 2015-06-02 09:03:29 -0400


Started GET "/" for ::1 at 2015-06-02 09:04:57 -0400
Processing by CountriesController#index as HTML
Completed 401 Unauthorized in 14ms (ActiveRecord: 0.0ms)


Started GET "/users/sign_in" for ::1 at 2015-06-02 09:04:57 -0400
Processing by Devise::SessionsController#new as HTML
  Rendered devise/shared/_links.html.erb (3.3ms)
  Rendered devise/sessions/new.html.erb within layouts/application (56.6ms)
Completed 200 OK in 141ms (Views: 122.4ms | ActiveRecord: 0.9ms)


Started GET "/assets/scaffolds.self-eb94d8ad3d789dd9fa30722e480d3fc4be4f891d8778b598448af5c0b040c8a7.css?body=1" for ::1 at 2015-06-02 09:04:57 -0400


Started GET "/assets/cities.self-e3b0c44298fc1c149afbf4c8996fb92427ae41e4649b934ca495991b7852b855.css?body=1" for ::1 at 2015-06-02 09:04:57 -0400


Started GET "/assets/countries.self-e3b0c44298fc1c149afbf4c8996fb92427ae41e4649b934ca495991b7852b855.css?body=1" for ::1 at 2015-06-02 09:04:57 -0400


Started GET "/assets/welcome.self-e3b0c44298fc1c149afbf4c8996fb92427ae41e4649b934ca495991b7852b855.css?body=1" for ::1 at 2015-06-02 09:04:57 -0400


Started GET "/assets/application.self-e80e8f2318043e8af94dddc2adad5a4f09739a8ebb323b3ab31cd71d45fd9113.css?body=1" for ::1 at 2015-06-02 09:04:57 -0400


Started GET "/assets/jquery.self-d03a5518f45df77341bdbe6201ba3bfa547ebba8ed64f0ea56bfa5f96ea7c074.js?body=1" for ::1 at 2015-06-02 09:04:57 -0400


Started GET "/assets/jquery_ujs.self-8e98a7a072a6cee1372d19fff9ff3e6aa1e39a37d89d6f06861637d061113ee7.js?body=1" for ::1 at 2015-06-02 09:04:57 -0400


Started GET "/assets/turbolinks.self-c37727e9bd6b2735da5c311aa83fead54ed0be6cc8bd9a65309e9c5abe2cbfff.js?body=1" for ::1 at 2015-06-02 09:04:57 -0400


Started GET "/assets/cities.self-877aef30ae1b040ab8a3aba4e3e309a11d7f2612f44dde450b5c157aa5f95c05.js?body=1" for ::1 at 2015-06-02 09:04:57 -0400


Started GET "/assets/countries.self-877aef30ae1b040ab8a3aba4e3e309a11d7f2612f44dde450b5c157aa5f95c05.js?body=1" for ::1 at 2015-06-02 09:04:57 -0400


Started GET "/assets/welcome.self-877aef30ae1b040ab8a3aba4e3e309a11d7f2612f44dde450b5c157aa5f95c05.js?body=1" for ::1 at 2015-06-02 09:04:57 -0400


Started GET "/assets/application.self-3b8dabdc891efe46b9a144b400ad69e37d7e5876bdc39dee783419a69d7ca819.js?body=1" for ::1 at 2015-06-02 09:04:58 -0400


Started POST "/users/sign_in" for ::1 at 2015-06-02 09:05:02 -0400
Processing by Devise::SessionsController#create as HTML
  Parameters: {"utf8"=>"✓", "authenticity_token"=>"p2aIK3H0AbddYLxb5w1pSLxAoTt6XDF9L//wDjX+44YlxrgG6z/a2XcGwDpQ+3gY2dvQwpUKlWqDtLnmXWk0tg==", "user"=>{"email"=>"nicolejrudi@gmail.com", "password"=>"[FILTERED]", "remember_me"=>"0"}, "commit"=>"Log in"}
  [1m[35mUser Load (0.3ms)[0m  SELECT  "users".* FROM "users" WHERE "users"."email" = ?  ORDER BY "users"."id" ASC LIMIT 1  [["email", "nicolejrudi@gmail.com"]]
Completed 401 Unauthorized in 70ms (ActiveRecord: 0.3ms)
Processing by Devise::SessionsController#new as HTML
  Parameters: {"utf8"=>"✓", "authenticity_token"=>"p2aIK3H0AbddYLxb5w1pSLxAoTt6XDF9L//wDjX+44YlxrgG6z/a2XcGwDpQ+3gY2dvQwpUKlWqDtLnmXWk0tg==", "user"=>{"email"=>"nicolejrudi@gmail.com", "password"=>"[FILTERED]", "remember_me"=>"0"}, "commit"=>"Log in"}
  Rendered devise/shared/_links.html.erb (0.3ms)
  Rendered devise/sessions/new.html.erb within layouts/application (4.8ms)
Completed 200 OK in 141ms (Views: 57.5ms | ActiveRecord: 0.0ms)


Started POST "/users/sign_in" for ::1 at 2015-06-02 09:07:43 -0400
Processing by Devise::SessionsController#create as HTML
  Parameters: {"utf8"=>"✓", "authenticity_token"=>"p2aIK3H0AbddYLxb5w1pSLxAoTt6XDF9L//wDjX+44YlxrgG6z/a2XcGwDpQ+3gY2dvQwpUKlWqDtLnmXWk0tg==", "user"=>{"email"=>"nicolejrudi@gmail.com", "password"=>"[FILTERED]", "remember_me"=>"0"}, "commit"=>"Log in"}
  [1m[36mUser Load (0.1ms)[0m  [1mSELECT  "users".* FROM "users" WHERE "users"."email" = ?  ORDER BY "users"."id" ASC LIMIT 1[0m  [["email", "nicolejrudi@gmail.com"]]
Completed 401 Unauthorized in 2ms (ActiveRecord: 0.1ms)
Processing by Devise::SessionsController#new as HTML
  Parameters: {"utf8"=>"✓", "authenticity_token"=>"p2aIK3H0AbddYLxb5w1pSLxAoTt6XDF9L//wDjX+44YlxrgG6z/a2XcGwDpQ+3gY2dvQwpUKlWqDtLnmXWk0tg==", "user"=>{"email"=>"nicolejrudi@gmail.com", "password"=>"[FILTERED]", "remember_me"=>"0"}, "commit"=>"Log in"}
  Rendered devise/shared/_links.html.erb (0.3ms)
  Rendered devise/sessions/new.html.erb within layouts/application (4.6ms)
Completed 200 OK in 135ms (Views: 54.6ms | ActiveRecord: 0.0ms)


Started GET "/assets/scaffolds.self-eb94d8ad3d789dd9fa30722e480d3fc4be4f891d8778b598448af5c0b040c8a7.css?body=1" for ::1 at 2015-06-02 09:07:44 -0400


Started GET "/assets/cities.self-e3b0c44298fc1c149afbf4c8996fb92427ae41e4649b934ca495991b7852b855.css?body=1" for ::1 at 2015-06-02 09:07:44 -0400


Started GET "/assets/jquery.self-d03a5518f45df77341bdbe6201ba3bfa547ebba8ed64f0ea56bfa5f96ea7c074.js?body=1" for ::1 at 2015-06-02 09:07:44 -0400


Started GET "/assets/welcome.self-e3b0c44298fc1c149afbf4c8996fb92427ae41e4649b934ca495991b7852b855.css?body=1" for ::1 at 2015-06-02 09:07:44 -0400


Started GET "/assets/countries.self-e3b0c44298fc1c149afbf4c8996fb92427ae41e4649b934ca495991b7852b855.css?body=1" for ::1 at 2015-06-02 09:07:44 -0400


Started GET "/assets/application.self-e80e8f2318043e8af94dddc2adad5a4f09739a8ebb323b3ab31cd71d45fd9113.css?body=1" for ::1 at 2015-06-02 09:07:44 -0400


Started GET "/assets/jquery_ujs.self-8e98a7a072a6cee1372d19fff9ff3e6aa1e39a37d89d6f06861637d061113ee7.js?body=1" for ::1 at 2015-06-02 09:07:44 -0400


Started GET "/assets/turbolinks.self-c37727e9bd6b2735da5c311aa83fead54ed0be6cc8bd9a65309e9c5abe2cbfff.js?body=1" for ::1 at 2015-06-02 09:07:44 -0400


Started GET "/assets/cities.self-877aef30ae1b040ab8a3aba4e3e309a11d7f2612f44dde450b5c157aa5f95c05.js?body=1" for ::1 at 2015-06-02 09:07:44 -0400


Started GET "/assets/countries.self-877aef30ae1b040ab8a3aba4e3e309a11d7f2612f44dde450b5c157aa5f95c05.js?body=1" for ::1 at 2015-06-02 09:07:44 -0400


Started GET "/assets/welcome.self-877aef30ae1b040ab8a3aba4e3e309a11d7f2612f44dde450b5c157aa5f95c05.js?body=1" for ::1 at 2015-06-02 09:07:44 -0400


Started GET "/assets/application.self-3b8dabdc891efe46b9a144b400ad69e37d7e5876bdc39dee783419a69d7ca819.js?body=1" for ::1 at 2015-06-02 09:07:44 -0400


Started POST "/users/sign_in" for ::1 at 2015-06-02 09:22:10 -0400
Processing by Devise::SessionsController#create as HTML
  Parameters: {"utf8"=>"✓", "authenticity_token"=>"p2aIK3H0AbddYLxb5w1pSLxAoTt6XDF9L//wDjX+44YlxrgG6z/a2XcGwDpQ+3gY2dvQwpUKlWqDtLnmXWk0tg==", "user"=>{"email"=>"nicolejrudi@gmail.com", "password"=>"[FILTERED]", "remember_me"=>"0"}, "commit"=>"Log in"}
  [1m[35mUser Load (0.2ms)[0m  SELECT  "users".* FROM "users" WHERE "users"."email" = ?  ORDER BY "users"."id" ASC LIMIT 1  [["email", "nicolejrudi@gmail.com"]]
Completed 401 Unauthorized in 5ms (ActiveRecord: 1.1ms)
Processing by Devise::SessionsController#new as HTML
  Parameters: {"utf8"=>"✓", "authenticity_token"=>"p2aIK3H0AbddYLxb5w1pSLxAoTt6XDF9L//wDjX+44YlxrgG6z/a2XcGwDpQ+3gY2dvQwpUKlWqDtLnmXWk0tg==", "user"=>{"email"=>"nicolejrudi@gmail.com", "password"=>"[FILTERED]", "remember_me"=>"0"}, "commit"=>"Log in"}
  Rendered devise/shared/_links.html.erb (0.5ms)
  Rendered devise/sessions/new.html.erb within layouts/application (6.9ms)
Completed 200 OK in 200ms (Views: 109.6ms | ActiveRecord: 0.0ms)


Started GET "/assets/cities.self-e3b0c44298fc1c149afbf4c8996fb92427ae41e4649b934ca495991b7852b855.css?body=1" for ::1 at 2015-06-02 09:22:11 -0400


Started GET "/assets/welcome.self-e3b0c44298fc1c149afbf4c8996fb92427ae41e4649b934ca495991b7852b855.css?body=1" for ::1 at 2015-06-02 09:22:11 -0400


Started GET "/assets/jquery.self-d03a5518f45df77341bdbe6201ba3bfa547ebba8ed64f0ea56bfa5f96ea7c074.js?body=1" for ::1 at 2015-06-02 09:22:11 -0400


Started GET "/assets/scaffolds.self-eb94d8ad3d789dd9fa30722e480d3fc4be4f891d8778b598448af5c0b040c8a7.css?body=1" for ::1 at 2015-06-02 09:22:11 -0400


Started GET "/assets/countries.self-e3b0c44298fc1c149afbf4c8996fb92427ae41e4649b934ca495991b7852b855.css?body=1" for ::1 at 2015-06-02 09:22:11 -0400


Started GET "/assets/application.self-e80e8f2318043e8af94dddc2adad5a4f09739a8ebb323b3ab31cd71d45fd9113.css?body=1" for ::1 at 2015-06-02 09:22:11 -0400


Started GET "/assets/jquery_ujs.self-8e98a7a072a6cee1372d19fff9ff3e6aa1e39a37d89d6f06861637d061113ee7.js?body=1" for ::1 at 2015-06-02 09:22:11 -0400


Started GET "/assets/turbolinks.self-c37727e9bd6b2735da5c311aa83fead54ed0be6cc8bd9a65309e9c5abe2cbfff.js?body=1" for ::1 at 2015-06-02 09:22:11 -0400


Started GET "/assets/cities.self-877aef30ae1b040ab8a3aba4e3e309a11d7f2612f44dde450b5c157aa5f95c05.js?body=1" for ::1 at 2015-06-02 09:22:11 -0400


Started GET "/assets/countries.self-877aef30ae1b040ab8a3aba4e3e309a11d7f2612f44dde450b5c157aa5f95c05.js?body=1" for ::1 at 2015-06-02 09:22:11 -0400


Started GET "/assets/welcome.self-877aef30ae1b040ab8a3aba4e3e309a11d7f2612f44dde450b5c157aa5f95c05.js?body=1" for ::1 at 2015-06-02 09:22:11 -0400


Started GET "/assets/application.self-3b8dabdc891efe46b9a144b400ad69e37d7e5876bdc39dee783419a69d7ca819.js?body=1" for ::1 at 2015-06-02 09:22:11 -0400


Started POST "/users/sign_in" for ::1 at 2015-06-02 09:22:19 -0400
Processing by Devise::SessionsController#create as HTML
  Parameters: {"utf8"=>"✓", "authenticity_token"=>"QPjRt6z6yJihqaAUJATFPX50S/Z3R+qoRUQsoE/BHmzCWOGaNjET9ovP3HWT8tRtG+86D5gRTr/pD2VIJ1bJXA==", "user"=>{"email"=>"nicolejrudi@gmail.com", "password"=>"[FILTERED]", "remember_me"=>"0"}, "commit"=>"Log in"}
  [1m[36mUser Load (0.2ms)[0m  [1mSELECT  "users".* FROM "users" WHERE "users"."email" = ?  ORDER BY "users"."id" ASC LIMIT 1[0m  [["email", "nicolejrudi@gmail.com"]]
Completed 401 Unauthorized in 3ms (ActiveRecord: 0.2ms)
Processing by Devise::SessionsController#new as HTML
  Parameters: {"utf8"=>"✓", "authenticity_token"=>"QPjRt6z6yJihqaAUJATFPX50S/Z3R+qoRUQsoE/BHmzCWOGaNjET9ovP3HWT8tRtG+86D5gRTr/pD2VIJ1bJXA==", "user"=>{"email"=>"nicolejrudi@gmail.com", "password"=>"[FILTERED]", "remember_me"=>"0"}, "commit"=>"Log in"}
  Rendered devise/shared/_links.html.erb (0.3ms)
  Rendered devise/sessions/new.html.erb within layouts/application (5.7ms)
Completed 200 OK in 135ms (Views: 57.9ms | ActiveRecord: 0.0ms)


Started GET "/users/sign_up" for ::1 at 2015-06-02 09:22:41 -0400
Processing by Devise::RegistrationsController#new as HTML
  Rendered devise/shared/_links.html.erb (0.3ms)
  Rendered devise/registrations/new.html.erb within layouts/application (5.4ms)
Completed 200 OK in 89ms (Views: 87.6ms | ActiveRecord: 0.0ms)


Started POST "/users" for ::1 at 2015-06-02 09:22:57 -0400
Processing by Devise::RegistrationsController#create as HTML
  Parameters: {"utf8"=>"✓", "authenticity_token"=>"TOUBwL/ZkCK7/d/9zjrYOXM5rbs9NWyomp78Z16PJ0DORTHtJRJLTJGbo5x5zMlpFqLcQtJjyL821bWPNhjwcA==", "user"=>{"email"=>"nicolejrudi@gmail.com", "password"=>"[FILTERED]", "password_confirmation"=>"[FILTERED]"}, "commit"=>"Sign up"}
  [1m[35m (0.1ms)[0m  begin transaction
  [1m[36mUser Exists (0.2ms)[0m  [1mSELECT  1 AS one FROM "users" WHERE "users"."email" = 'nicolejrudi@gmail.com' LIMIT 1[0m
  [1m[35mSQL (0.5ms)[0m  INSERT INTO "users" ("email", "encrypted_password", "created_at", "updated_at") VALUES (?, ?, ?, ?)  [["email", "nicolejrudi@gmail.com"], ["encrypted_password", "$2a$10$KqR/OtDTmSRpfKrMH1lC/ech2HOVg89G4B2gq/sQBCezTQoruhc86"], ["created_at", "2015-06-02 13:22:57.360045"], ["updated_at", "2015-06-02 13:22:57.360045"]]
  [1m[36m (2.1ms)[0m  [1mcommit transaction[0m
  [1m[35m (0.3ms)[0m  begin transaction
  [1m[36mSQL (0.4ms)[0m  [1mUPDATE "users" SET "last_sign_in_at" = ?, "current_sign_in_at" = ?, "last_sign_in_ip" = ?, "current_sign_in_ip" = ?, "sign_in_count" = ?, "updated_at" = ? WHERE "users"."id" = ?[0m  [["last_sign_in_at", "2015-06-02 13:22:57.365342"], ["current_sign_in_at", "2015-06-02 13:22:57.365342"], ["last_sign_in_ip", "::1"], ["current_sign_in_ip", "::1"], ["sign_in_count", 1], ["updated_at", "2015-06-02 13:22:57.366409"], ["id", 1]]
  [1m[35m (1.1ms)[0m  commit transaction
Redirected to http://localhost:3000/
Completed 302 Found in 169ms (ActiveRecord: 4.7ms)


Started GET "/" for ::1 at 2015-06-02 09:22:57 -0400
Processing by CitiesController#index as HTML
  [1m[36mCity Load (0.2ms)[0m  [1mSELECT "cities".* FROM "cities"[0m
  Rendered cities/index.html.erb within layouts/application (1.9ms)
  [1m[35mUser Load (0.2ms)[0m  SELECT  "users".* FROM "users" WHERE "users"."id" = ?  ORDER BY "users"."id" ASC LIMIT 1  [["id", 1]]
Completed 200 OK in 66ms (Views: 59.5ms | ActiveRecord: 0.5ms)


Started GET "/cities/new" for ::1 at 2015-06-02 09:23:05 -0400
Processing by CitiesController#new as HTML
  Rendered cities/_form.html.erb (11.4ms)
  Rendered cities/new.html.erb within layouts/application (16.1ms)
  [1m[36mUser Load (0.1ms)[0m  [1mSELECT  "users".* FROM "users" WHERE "users"."id" = ?  ORDER BY "users"."id" ASC LIMIT 1[0m  [["id", 1]]
Completed 200 OK in 90ms (Views: 85.5ms | ActiveRecord: 0.3ms)


Started POST "/cities" for ::1 at 2015-06-02 09:23:41 -0400
Processing by CitiesController#create as HTML
  Parameters: {"utf8"=>"✓", "authenticity_token"=>"sC2ZDnqssz5nC+vQSuhjfA4H4Wa3+3Su3SAK7gXwq8Myjakj4GdoUE1tl7H9HnIsa5yQn1it0Llxa0MGbWd88w==", "city"=>{"name"=>"Munich", "country_id"=>"1"}, "commit"=>"Create City"}
  [1m[35m (0.1ms)[0m  begin transaction
  [1m[36mSQL (0.5ms)[0m  [1mINSERT INTO "cities" ("name", "country_id", "created_at", "updated_at") VALUES (?, ?, ?, ?)[0m  [["name", "Munich"], ["country_id", 1], ["created_at", "2015-06-02 13:23:41.099802"], ["updated_at", "2015-06-02 13:23:41.099802"]]
  [1m[35m (35.4ms)[0m  commit transaction
Redirected to http://localhost:3000/cities/1
Completed 302 Found in 40ms (ActiveRecord: 36.1ms)


Started GET "/cities/1" for ::1 at 2015-06-02 09:23:41 -0400
Processing by CitiesController#show as HTML
  Parameters: {"id"=>"1"}
  [1m[36mCity Load (0.2ms)[0m  [1mSELECT  "cities".* FROM "cities" WHERE "cities"."id" = ? LIMIT 1[0m  [["id", 1]]
  Rendered cities/show.html.erb within layouts/application (1.1ms)
  [1m[35mUser Load (0.1ms)[0m  SELECT  "users".* FROM "users" WHERE "users"."id" = ?  ORDER BY "users"."id" ASC LIMIT 1  [["id", 1]]
Completed 200 OK in 89ms (Views: 72.0ms | ActiveRecord: 0.4ms)


Started GET "/" for ::1 at 2015-06-02 09:23:51 -0400
Processing by CitiesController#index as HTML
  [1m[36mCity Load (0.2ms)[0m  [1mSELECT "cities".* FROM "cities"[0m
  Rendered cities/index.html.erb within layouts/application (1.6ms)
  [1m[35mUser Load (0.1ms)[0m  SELECT  "users".* FROM "users" WHERE "users"."id" = ?  ORDER BY "users"."id" ASC LIMIT 1  [["id", 1]]
Completed 200 OK in 59ms (Views: 57.9ms | ActiveRecord: 0.3ms)


Started GET "/cities/new" for ::1 at 2015-06-02 09:24:02 -0400
Processing by CitiesController#new as HTML
  Rendered cities/_form.html.erb (1.7ms)
  Rendered cities/new.html.erb within layouts/application (5.2ms)
  [1m[36mUser Load (0.1ms)[0m  [1mSELECT  "users".* FROM "users" WHERE "users"."id" = ?  ORDER BY "users"."id" ASC LIMIT 1[0m  [["id", 1]]
Completed 200 OK in 60ms (Views: 59.2ms | ActiveRecord: 0.1ms)


Started POST "/cities" for ::1 at 2015-06-02 09:24:11 -0400
Processing by CitiesController#create as HTML
  Parameters: {"utf8"=>"✓", "authenticity_token"=>"nefWkkRH1qoR1p+hvFOFezUkl/k+0lmJRogGzuBtqO4fR+a/3owNxDuw48ALpZQrUL/mANGE/Z7qw08miPp/3g==", "city"=>{"name"=>"Paris", "country_id"=>"2"}, "commit"=>"Create City"}
  [1m[35m (0.1ms)[0m  begin transaction
  [1m[36mSQL (0.3ms)[0m  [1mINSERT INTO "cities" ("name", "country_id", "created_at", "updated_at") VALUES (?, ?, ?, ?)[0m  [["name", "Paris"], ["country_id", 2], ["created_at", "2015-06-02 13:24:11.137420"], ["updated_at", "2015-06-02 13:24:11.137420"]]
  [1m[35m (1.1ms)[0m  commit transaction
Redirected to http://localhost:3000/cities/2
Completed 302 Found in 6ms (ActiveRecord: 1.5ms)


Started GET "/cities/2" for ::1 at 2015-06-02 09:24:11 -0400
Processing by CitiesController#show as HTML
  Parameters: {"id"=>"2"}
  [1m[36mCity Load (0.2ms)[0m  [1mSELECT  "cities".* FROM "cities" WHERE "cities"."id" = ? LIMIT 1[0m  [["id", 2]]
  Rendered cities/show.html.erb within layouts/application (0.4ms)
  [1m[35mUser Load (0.1ms)[0m  SELECT  "users".* FROM "users" WHERE "users"."id" = ?  ORDER BY "users"."id" ASC LIMIT 1  [["id", 1]]
Completed 200 OK in 57ms (Views: 55.4ms | ActiveRecord: 0.3ms)


Started GET "/" for ::1 at 2015-06-02 09:24:14 -0400
Processing by CitiesController#index as HTML
  [1m[36mCity Load (0.2ms)[0m  [1mSELECT "cities".* FROM "cities"[0m
  Rendered cities/index.html.erb within layouts/application (1.7ms)
  [1m[35mUser Load (0.1ms)[0m  SELECT  "users".* FROM "users" WHERE "users"."id" = ?  ORDER BY "users"."id" ASC LIMIT 1  [["id", 1]]
Completed 200 OK in 55ms (Views: 54.4ms | ActiveRecord: 0.3ms)


Started GET "/cities/new" for ::1 at 2015-06-02 09:24:20 -0400
Processing by CitiesController#new as HTML
  Rendered cities/_form.html.erb (1.6ms)
  Rendered cities/new.html.erb within layouts/application (5.2ms)
  [1m[36mUser Load (0.1ms)[0m  [1mSELECT  "users".* FROM "users" WHERE "users"."id" = ?  ORDER BY "users"."id" ASC LIMIT 1[0m  [["id", 1]]
Completed 200 OK in 57ms (Views: 56.4ms | ActiveRecord: 0.1ms)


Started POST "/cities" for ::1 at 2015-06-02 09:24:29 -0400
Processing by CitiesController#create as HTML
  Parameters: {"utf8"=>"✓", "authenticity_token"=>"Y/jsG576Kix1hBK4CzpUmaTDbfTPItvVFcdIttlKpLrhWNw2BDHxQl/ibtm8zEXJwVgcDSB0f8K5jAFesd1zig==", "city"=>{"name"=>"Cannes", "country_id"=>"2"}, "commit"=>"Create City"}
  [1m[35m (0.1ms)[0m  begin transaction
  [1m[36mSQL (0.3ms)[0m  [1mINSERT INTO "cities" ("name", "country_id", "created_at", "updated_at") VALUES (?, ?, ?, ?)[0m  [["name", "Cannes"], ["country_id", 2], ["created_at", "2015-06-02 13:24:29.464310"], ["updated_at", "2015-06-02 13:24:29.464310"]]
  [1m[35m (1.8ms)[0m  commit transaction
Redirected to http://localhost:3000/cities/3
Completed 302 Found in 5ms (ActiveRecord: 2.2ms)


Started GET "/cities/3" for ::1 at 2015-06-02 09:24:29 -0400
Processing by CitiesController#show as HTML
  Parameters: {"id"=>"3"}
  [1m[36mCity Load (0.1ms)[0m  [1mSELECT  "cities".* FROM "cities" WHERE "cities"."id" = ? LIMIT 1[0m  [["id", 3]]
  Rendered cities/show.html.erb within layouts/application (0.3ms)
  [1m[35mUser Load (0.1ms)[0m  SELECT  "users".* FROM "users" WHERE "users"."id" = ?  ORDER BY "users"."id" ASC LIMIT 1  [["id", 1]]
Completed 200 OK in 60ms (Views: 58.5ms | ActiveRecord: 0.3ms)


Started GET "/" for ::1 at 2015-06-02 09:24:33 -0400
Processing by CitiesController#index as HTML
  [1m[36mCity Load (0.2ms)[0m  [1mSELECT "cities".* FROM "cities"[0m
  Rendered cities/index.html.erb within layouts/application (1.6ms)
  [1m[35mUser Load (0.1ms)[0m  SELECT  "users".* FROM "users" WHERE "users"."id" = ?  ORDER BY "users"."id" ASC LIMIT 1  [["id", 1]]
Completed 200 OK in 54ms (Views: 53.3ms | ActiveRecord: 0.3ms)


Started GET "/cities/new" for ::1 at 2015-06-02 09:24:37 -0400
Processing by CitiesController#new as HTML
  Rendered cities/_form.html.erb (1.5ms)
  Rendered cities/new.html.erb within layouts/application (4.8ms)
  [1m[36mUser Load (0.1ms)[0m  [1mSELECT  "users".* FROM "users" WHERE "users"."id" = ?  ORDER BY "users"."id" ASC LIMIT 1[0m  [["id", 1]]
Completed 200 OK in 58ms (Views: 56.8ms | ActiveRecord: 0.1ms)


Started POST "/cities" for ::1 at 2015-06-02 09:24:47 -0400
Processing by CitiesController#create as HTML
  Parameters: {"utf8"=>"✓", "authenticity_token"=>"XyKrMYVSgBJlpmcgBQ2xtIjP+OJ37w4IUKNczlLQf+zdgpscH5lbfE/AG0Gy+6Dk7VSJG5i5qh/86BUmOkeo3A==", "city"=>{"name"=>"Dijon", "country_id"=>"2"}, "commit"=>"Create City"}
  [1m[35m (0.1ms)[0m  begin transaction
  [1m[36mSQL (0.4ms)[0m  [1mINSERT INTO "cities" ("name", "country_id", "created_at", "updated_at") VALUES (?, ?, ?, ?)[0m  [["name", "Dijon"], ["country_id", 2], ["created_at", "2015-06-02 13:24:47.547595"], ["updated_at", "2015-06-02 13:24:47.547595"]]
  [1m[35m (1.2ms)[0m  commit transaction
Redirected to http://localhost:3000/cities/4
Completed 302 Found in 6ms (ActiveRecord: 1.7ms)


Started GET "/cities/4" for ::1 at 2015-06-02 09:24:47 -0400
Processing by CitiesController#show as HTML
  Parameters: {"id"=>"4"}
  [1m[36mCity Load (0.2ms)[0m  [1mSELECT  "cities".* FROM "cities" WHERE "cities"."id" = ? LIMIT 1[0m  [["id", 4]]
  Rendered cities/show.html.erb within layouts/application (0.5ms)
  [1m[35mUser Load (0.1ms)[0m  SELECT  "users".* FROM "users" WHERE "users"."id" = ?  ORDER BY "users"."id" ASC LIMIT 1  [["id", 1]]
Completed 200 OK in 55ms (Views: 53.8ms | ActiveRecord: 0.3ms)


Started GET "/" for ::1 at 2015-06-02 09:24:54 -0400
Processing by CitiesController#index as HTML
  [1m[36mCity Load (0.2ms)[0m  [1mSELECT "cities".* FROM "cities"[0m
  Rendered cities/index.html.erb within layouts/application (2.1ms)
  [1m[35mUser Load (0.1ms)[0m  SELECT  "users".* FROM "users" WHERE "users"."id" = ?  ORDER BY "users"."id" ASC LIMIT 1  [["id", 1]]
Completed 200 OK in 58ms (Views: 56.8ms | ActiveRecord: 0.3ms)


Started GET "/cities/new" for ::1 at 2015-06-02 09:24:56 -0400
Processing by CitiesController#new as HTML
  Rendered cities/_form.html.erb (1.5ms)
  Rendered cities/new.html.erb within layouts/application (5.0ms)
  [1m[36mUser Load (0.1ms)[0m  [1mSELECT  "users".* FROM "users" WHERE "users"."id" = ?  ORDER BY "users"."id" ASC LIMIT 1[0m  [["id", 1]]
Completed 200 OK in 66ms (Views: 65.4ms | ActiveRecord: 0.1ms)


Started POST "/cities" for ::1 at 2015-06-02 09:25:09 -0400
Processing by CitiesController#create as HTML
  Parameters: {"utf8"=>"✓", "authenticity_token"=>"adSmbPdirDQVv7E24dyhYxaTTTB8x2ksvkw9FabhM6frdJZBbal3Wj/ZzVdWKrAzcwg8yZORzTsSB3T9znbklw==", "city"=>{"name"=>"Kassel", "country_id"=>"1"}, "commit"=>"Create City"}
  [1m[35m (0.1ms)[0m  begin transaction
  [1m[36mSQL (0.4ms)[0m  [1mINSERT INTO "cities" ("name", "country_id", "created_at", "updated_at") VALUES (?, ?, ?, ?)[0m  [["name", "Kassel"], ["country_id", 1], ["created_at", "2015-06-02 13:25:09.610738"], ["updated_at", "2015-06-02 13:25:09.610738"]]
  [1m[35m (34.7ms)[0m  commit transaction
Redirected to http://localhost:3000/cities/5
Completed 302 Found in 41ms (ActiveRecord: 35.2ms)


Started GET "/cities/5" for ::1 at 2015-06-02 09:25:09 -0400
Processing by CitiesController#show as HTML
  Parameters: {"id"=>"5"}
  [1m[36mCity Load (0.2ms)[0m  [1mSELECT  "cities".* FROM "cities" WHERE "cities"."id" = ? LIMIT 1[0m  [["id", 5]]
  Rendered cities/show.html.erb within layouts/application (0.3ms)
  [1m[35mUser Load (0.1ms)[0m  SELECT  "users".* FROM "users" WHERE "users"."id" = ?  ORDER BY "users"."id" ASC LIMIT 1  [["id", 1]]
Completed 200 OK in 51ms (Views: 49.7ms | ActiveRecord: 0.3ms)


Started GET "/cities" for ::1 at 2015-06-02 09:25:13 -0400
Processing by CitiesController#index as HTML
  [1m[36mCity Load (0.2ms)[0m  [1mSELECT "cities".* FROM "cities"[0m
  Rendered cities/index.html.erb within layouts/application (2.1ms)
  [1m[35mUser Load (0.2ms)[0m  SELECT  "users".* FROM "users" WHERE "users"."id" = ?  ORDER BY "users"."id" ASC LIMIT 1  [["id", 1]]
Completed 200 OK in 53ms (Views: 51.6ms | ActiveRecord: 0.4ms)


Started GET "/cities/new" for ::1 at 2015-06-02 09:25:18 -0400
Processing by CitiesController#new as HTML
  Rendered cities/_form.html.erb (1.6ms)
  Rendered cities/new.html.erb within layouts/application (5.1ms)
  [1m[36mUser Load (0.1ms)[0m  [1mSELECT  "users".* FROM "users" WHERE "users"."id" = ?  ORDER BY "users"."id" ASC LIMIT 1[0m  [["id", 1]]
Completed 200 OK in 61ms (Views: 60.3ms | ActiveRecord: 0.1ms)


Started POST "/cities" for ::1 at 2015-06-02 09:26:03 -0400
Processing by CitiesController#create as HTML
  Parameters: {"utf8"=>"✓", "authenticity_token"=>"/9FbH4BQftyG08n24+EnJOwweblzVyUicetV6G+ShhJ9cWsyGpulsqy1tZdUFzZ0iasIQJwBgTXdoBwABwVRIg==", "city"=>{"name"=>"Fountainblue", "country_id"=>"2"}, "commit"=>"Create City"}
  [1m[35m (0.1ms)[0m  begin transaction
  [1m[36mSQL (0.3ms)[0m  [1mINSERT INTO "cities" ("name", "country_id", "created_at", "updated_at") VALUES (?, ?, ?, ?)[0m  [["name", "Fountainblue"], ["country_id", 2], ["created_at", "2015-06-02 13:26:03.586623"], ["updated_at", "2015-06-02 13:26:03.586623"]]
  [1m[35m (1.0ms)[0m  commit transaction
Redirected to http://localhost:3000/cities/6
Completed 302 Found in 5ms (ActiveRecord: 1.3ms)


Started GET "/cities/6" for ::1 at 2015-06-02 09:26:03 -0400
Processing by CitiesController#show as HTML
  Parameters: {"id"=>"6"}
  [1m[36mCity Load (0.3ms)[0m  [1mSELECT  "cities".* FROM "cities" WHERE "cities"."id" = ? LIMIT 1[0m  [["id", 6]]
  Rendered cities/show.html.erb within layouts/application (0.4ms)
  [1m[35mUser Load (0.1ms)[0m  SELECT  "users".* FROM "users" WHERE "users"."id" = ?  ORDER BY "users"."id" ASC LIMIT 1  [["id", 1]]
Completed 200 OK in 58ms (Views: 56.0ms | ActiveRecord: 0.4ms)


Started GET "/cities" for ::1 at 2015-06-02 09:26:06 -0400
Processing by CitiesController#index as HTML
  [1m[36mCity Load (0.2ms)[0m  [1mSELECT "cities".* FROM "cities"[0m
  Rendered cities/index.html.erb within layouts/application (2.2ms)
  [1m[35mUser Load (0.1ms)[0m  SELECT  "users".* FROM "users" WHERE "users"."id" = ?  ORDER BY "users"."id" ASC LIMIT 1  [["id", 1]]
Completed 200 OK in 63ms (Views: 62.6ms | ActiveRecord: 0.3ms)


Started DELETE "/users/sign_out" for ::1 at 2015-06-02 09:33:51 -0400
Processing by Devise::SessionsController#destroy as HTML
  Parameters: {"authenticity_token"=>"37SmiHeu18MM8xlkyR/LVExiRTVcL8jsHf8rFTUkKsVdFJal7WUMrSaVZQV+6doEKfk0zLN5bPuxtGL9XbP99Q=="}
  [1m[36mUser Load (0.2ms)[0m  [1mSELECT  "users".* FROM "users" WHERE "users"."id" = ?  ORDER BY "users"."id" ASC LIMIT 1[0m  [["id", 1]]
  [1m[35m (0.1ms)[0m  begin transaction
  [1m[36m (0.1ms)[0m  [1mcommit transaction[0m
Redirected to http://localhost:3000/
Completed 302 Found in 55ms (ActiveRecord: 1.0ms)


Started GET "/" for ::1 at 2015-06-02 09:33:51 -0400
Processing by CitiesController#index as HTML
  [1m[35mCity Load (0.2ms)[0m  SELECT "cities".* FROM "cities"
  Rendered cities/index.html.erb within layouts/application (6.6ms)
Completed 200 OK in 58ms (Views: 53.8ms | ActiveRecord: 0.5ms)


Started GET "/users/sign_up" for ::1 at 2015-06-02 09:33:58 -0400
Processing by Devise::RegistrationsController#new as HTML
  Rendered devise/shared/_links.html.erb (0.4ms)
  Rendered devise/registrations/new.html.erb within layouts/application (5.9ms)
Completed 200 OK in 64ms (Views: 62.8ms | ActiveRecord: 0.0ms)


Started POST "/users" for ::1 at 2015-06-02 09:34:19 -0400
Processing by Devise::RegistrationsController#create as HTML
  Parameters: {"utf8"=>"✓", "authenticity_token"=>"Qmv05HreoOsrCIWjeTm7xTnqswZAcHITZiwSte5/hpTDLkYZJ+ynOyVS6v8TOjwKFhXXY39v1clXOZBO3F75uA==", "user"=>{"email"=>"ryan@gmail.com", "password"=>"[FILTERED]", "password_confirmation"=>"[FILTERED]"}, "commit"=>"Sign up"}
  [1m[36m (0.1ms)[0m  [1mbegin transaction[0m
  [1m[35mUser Exists (0.2ms)[0m  SELECT  1 AS one FROM "users" WHERE "users"."email" = 'ryan@gmail.com' LIMIT 1
  [1m[36m (0.1ms)[0m  [1mrollback transaction[0m
  Rendered devise/shared/_links.html.erb (0.2ms)
  Rendered devise/registrations/new.html.erb within layouts/application (5.2ms)
Completed 200 OK in 157ms (Views: 65.6ms | ActiveRecord: 0.4ms)


Started POST "/users" for ::1 at 2015-06-02 09:34:34 -0400
Processing by Devise::RegistrationsController#create as HTML
  Parameters: {"utf8"=>"✓", "authenticity_token"=>"HQl3TpNK/6Ix+hn3lRcPmjHbh0Z2IrfCOCLj5gAJSyqcTMWzznj4cj+gdqv/FIhVHiTjI0k9EBgJN2EdMig0Bg==", "user"=>{"email"=>"ryan@gmail.com", "password"=>"[FILTERED]", "password_confirmation"=>"[FILTERED]"}, "commit"=>"Sign up"}
  [1m[35m (0.1ms)[0m  begin transaction
  [1m[36mUser Exists (0.2ms)[0m  [1mSELECT  1 AS one FROM "users" WHERE "users"."email" = 'ryan@gmail.com' LIMIT 1[0m
  [1m[35mSQL (0.7ms)[0m  INSERT INTO "users" ("email", "encrypted_password", "created_at", "updated_at") VALUES (?, ?, ?, ?)  [["email", "ryan@gmail.com"], ["encrypted_password", "$2a$10$VQbGbIFVCQRrcN3g3jwDYuUgUkzyB7cs1979ttgLiKf.hs.abJM7C"], ["created_at", "2015-06-02 13:34:35.075922"], ["updated_at", "2015-06-02 13:34:35.075922"]]
  [1m[36m (1.5ms)[0m  [1mcommit transaction[0m
  [1m[35m (0.1ms)[0m  begin transaction
  [1m[36mSQL (0.4ms)[0m  [1mUPDATE "users" SET "last_sign_in_at" = ?, "current_sign_in_at" = ?, "last_sign_in_ip" = ?, "current_sign_in_ip" = ?, "sign_in_count" = ?, "updated_at" = ? WHERE "users"."id" = ?[0m  [["last_sign_in_at", "2015-06-02 13:34:35.080070"], ["current_sign_in_at", "2015-06-02 13:34:35.080070"], ["last_sign_in_ip", "::1"], ["current_sign_in_ip", "::1"], ["sign_in_count", 1], ["updated_at", "2015-06-02 13:34:35.080823"], ["id", 2]]
  [1m[35m (1.1ms)[0m  commit transaction
Redirected to http://localhost:3000/
Completed 302 Found in 95ms (ActiveRecord: 4.0ms)


Started GET "/" for ::1 at 2015-06-02 09:34:35 -0400
Processing by CitiesController#index as HTML
  [1m[36mCity Load (0.2ms)[0m  [1mSELECT "cities".* FROM "cities"[0m
  Rendered cities/index.html.erb within layouts/application (2.6ms)
  [1m[35mUser Load (0.1ms)[0m  SELECT  "users".* FROM "users" WHERE "users"."id" = ?  ORDER BY "users"."id" ASC LIMIT 1  [["id", 2]]
Completed 200 OK in 54ms (Views: 53.0ms | ActiveRecord: 0.3ms)


Started GET "/index" for ::1 at 2015-06-02 09:56:00 -0400

ActionController::RoutingError (No route matches [GET] "/index"):
  actionpack (4.2.1) lib/action_dispatch/middleware/debug_exceptions.rb:21:in `call'
  web-console (2.1.2) lib/web_console/middleware.rb:37:in `call'
  actionpack (4.2.1) lib/action_dispatch/middleware/show_exceptions.rb:30:in `call'
  railties (4.2.1) lib/rails/rack/logger.rb:38:in `call_app'
  railties (4.2.1) lib/rails/rack/logger.rb:20:in `block in call'
  activesupport (4.2.1) lib/active_support/tagged_logging.rb:68:in `block in tagged'
  activesupport (4.2.1) lib/active_support/tagged_logging.rb:26:in `tagged'
  activesupport (4.2.1) lib/active_support/tagged_logging.rb:68:in `tagged'
  railties (4.2.1) lib/rails/rack/logger.rb:20:in `call'
  actionpack (4.2.1) lib/action_dispatch/middleware/request_id.rb:21:in `call'
  rack (1.6.1) lib/rack/methodoverride.rb:22:in `call'
  rack (1.6.1) lib/rack/runtime.rb:18:in `call'
  activesupport (4.2.1) lib/active_support/cache/strategy/local_cache_middleware.rb:28:in `call'
  rack (1.6.1) lib/rack/lock.rb:17:in `call'
  actionpack (4.2.1) lib/action_dispatch/middleware/static.rb:113:in `call'
  rack (1.6.1) lib/rack/sendfile.rb:113:in `call'
  railties (4.2.1) lib/rails/engine.rb:518:in `call'
  railties (4.2.1) lib/rails/application.rb:164:in `call'
  rack (1.6.1) lib/rack/lock.rb:17:in `call'
  rack (1.6.1) lib/rack/content_length.rb:15:in `call'
  rack (1.6.1) lib/rack/handler/webrick.rb:89:in `service'
  /Users/rudi1/.rbenv/versions/2.2.1/lib/ruby/2.2.0/webrick/httpserver.rb:138:in `service'
  /Users/rudi1/.rbenv/versions/2.2.1/lib/ruby/2.2.0/webrick/httpserver.rb:94:in `run'
  /Users/rudi1/.rbenv/versions/2.2.1/lib/ruby/2.2.0/webrick/server.rb:294:in `block in start_thread'


  Rendered /Users/rudi1/.rbenv/versions/2.2.1/lib/ruby/gems/2.2.0/gems/actionpack-4.2.1/lib/action_dispatch/middleware/templates/rescues/_trace.html.erb (2.2ms)
  Rendered /Users/rudi1/.rbenv/versions/2.2.1/lib/ruby/gems/2.2.0/gems/actionpack-4.2.1/lib/action_dispatch/middleware/templates/routes/_route.html.erb (3.2ms)
  Rendered /Users/rudi1/.rbenv/versions/2.2.1/lib/ruby/gems/2.2.0/gems/actionpack-4.2.1/lib/action_dispatch/middleware/templates/routes/_table.html.erb (14.5ms)
  Rendered /Users/rudi1/.rbenv/versions/2.2.1/lib/ruby/gems/2.2.0/gems/actionpack-4.2.1/lib/action_dispatch/middleware/templates/rescues/_request_and_response.html.erb (1.6ms)
  Rendered /Users/rudi1/.rbenv/versions/2.2.1/lib/ruby/gems/2.2.0/gems/actionpack-4.2.1/lib/action_dispatch/middleware/templates/rescues/routing_error.html.erb within rescues/layout (149.5ms)
  Rendered /Users/rudi1/.rbenv/versions/2.2.1/lib/ruby/gems/2.2.0/gems/web-console-2.1.2/lib/web_console/templates/_markup.html.erb (0.7ms)
  Rendered /Users/rudi1/.rbenv/versions/2.2.1/lib/ruby/gems/2.2.0/gems/web-console-2.1.2/lib/web_console/templates/style.css.erb within layouts/inlined_string (0.6ms)
  Rendered /Users/rudi1/.rbenv/versions/2.2.1/lib/ruby/gems/2.2.0/gems/web-console-2.1.2/lib/web_console/templates/_inner_console_markup.html.erb within layouts/inlined_string (0.4ms)
  Rendered /Users/rudi1/.rbenv/versions/2.2.1/lib/ruby/gems/2.2.0/gems/web-console-2.1.2/lib/web_console/templates/_prompt_box_markup.html.erb within layouts/inlined_string (0.4ms)
  Rendered /Users/rudi1/.rbenv/versions/2.2.1/lib/ruby/gems/2.2.0/gems/web-console-2.1.2/lib/web_console/templates/console.js.erb within layouts/javascript (98.6ms)
  Rendered /Users/rudi1/.rbenv/versions/2.2.1/lib/ruby/gems/2.2.0/gems/web-console-2.1.2/lib/web_console/templates/main.js.erb within layouts/javascript (0.5ms)
  Rendered /Users/rudi1/.rbenv/versions/2.2.1/lib/ruby/gems/2.2.0/gems/web-console-2.1.2/lib/web_console/templates/error_page.js.erb within layouts/javascript (0.6ms)
  Rendered /Users/rudi1/.rbenv/versions/2.2.1/lib/ruby/gems/2.2.0/gems/web-console-2.1.2/lib/web_console/templates/index.html.erb (262.2ms)


Started GET "/" for ::1 at 2015-06-02 10:04:43 -0400
Processing by CitiesController#index as HTML
  [1m[36mCity Load (0.3ms)[0m  [1mSELECT "cities".* FROM "cities"[0m
  Rendered cities/index.html.erb within layouts/application (22.3ms)
Completed 500 Internal Server Error in 73ms (ActiveRecord: 0.3ms)

ActionView::Template::Error (undefined local variable or method `city' for #<#<Class:0x007fc5d39292f8>:0x007fc5d8e7a180>):
     5:       <div class="col-md-4">
     6:        <div class="panel panel-default">
     7:         <div class="panel-body">
     8:          <h2><%= city.name %></h2>
     9:          <h3><%= city.country_id %></h3>
    10:          <h4><%= link_to 'Show', city %></h4>
    11:          <div class="btn-group">
  app/views/cities/index.html.erb:8:in `block in _app_views_cities_index_html_erb__2595237513919770336_70243862169180'
  app/views/cities/index.html.erb:4:in `_app_views_cities_index_html_erb__2595237513919770336_70243862169180'


  Rendered /Users/rudi1/.rbenv/versions/2.2.1/lib/ruby/gems/2.2.0/gems/actionpack-4.2.1/lib/action_dispatch/middleware/templates/rescues/_source.erb (7.9ms)
  Rendered /Users/rudi1/.rbenv/versions/2.2.1/lib/ruby/gems/2.2.0/gems/actionpack-4.2.1/lib/action_dispatch/middleware/templates/rescues/_trace.html.erb (3.3ms)
  Rendered /Users/rudi1/.rbenv/versions/2.2.1/lib/ruby/gems/2.2.0/gems/actionpack-4.2.1/lib/action_dispatch/middleware/templates/rescues/_request_and_response.html.erb (1.4ms)
  Rendered /Users/rudi1/.rbenv/versions/2.2.1/lib/ruby/gems/2.2.0/gems/actionpack-4.2.1/lib/action_dispatch/middleware/templates/rescues/template_error.html.erb within rescues/layout (80.2ms)
  Rendered /Users/rudi1/.rbenv/versions/2.2.1/lib/ruby/gems/2.2.0/gems/web-console-2.1.2/lib/web_console/templates/_markup.html.erb (0.4ms)
  Rendered /Users/rudi1/.rbenv/versions/2.2.1/lib/ruby/gems/2.2.0/gems/web-console-2.1.2/lib/web_console/templates/style.css.erb within layouts/inlined_string (0.3ms)
  Rendered /Users/rudi1/.rbenv/versions/2.2.1/lib/ruby/gems/2.2.0/gems/web-console-2.1.2/lib/web_console/templates/_inner_console_markup.html.erb within layouts/inlined_string (0.5ms)
  Rendered /Users/rudi1/.rbenv/versions/2.2.1/lib/ruby/gems/2.2.0/gems/web-console-2.1.2/lib/web_console/templates/_prompt_box_markup.html.erb within layouts/inlined_string (0.4ms)
  Rendered /Users/rudi1/.rbenv/versions/2.2.1/lib/ruby/gems/2.2.0/gems/web-console-2.1.2/lib/web_console/templates/console.js.erb within layouts/javascript (64.5ms)
  Rendered /Users/rudi1/.rbenv/versions/2.2.1/lib/ruby/gems/2.2.0/gems/web-console-2.1.2/lib/web_console/templates/main.js.erb within layouts/javascript (0.4ms)
  Rendered /Users/rudi1/.rbenv/versions/2.2.1/lib/ruby/gems/2.2.0/gems/web-console-2.1.2/lib/web_console/templates/error_page.js.erb within layouts/javascript (0.5ms)
  Rendered /Users/rudi1/.rbenv/versions/2.2.1/lib/ruby/gems/2.2.0/gems/web-console-2.1.2/lib/web_console/templates/index.html.erb (145.1ms)


Started GET "/" for ::1 at 2015-06-02 10:06:30 -0400
Processing by CitiesController#index as HTML
  [1m[35mCity Load (0.3ms)[0m  SELECT "cities".* FROM "cities"
  Rendered cities/index.html.erb within layouts/application (21.4ms)
Completed 500 Internal Server Error in 32ms (ActiveRecord: 0.3ms)

ActionView::Template::Error (undefined local variable or method `cities' for #<#<Class:0x007fc5d39292f8>:0x007fc5d4118040>):
     5:       <div class="col-md-4">
     6:        <div class="panel panel-default">
     7:         <div class="panel-body">
     8:          <h2><%= cities.name %></h2>
     9:          <h3><%= city.country_id %></h3>
    10:          <h4><%= link_to 'Show', city %></h4>
    11:          <div class="btn-group">
  app/views/cities/index.html.erb:8:in `block in _app_views_cities_index_html_erb__2595237513919770336_70243821589800'
  app/views/cities/index.html.erb:4:in `_app_views_cities_index_html_erb__2595237513919770336_70243821589800'


  Rendered /Users/rudi1/.rbenv/versions/2.2.1/lib/ruby/gems/2.2.0/gems/actionpack-4.2.1/lib/action_dispatch/middleware/templates/rescues/_source.erb (8.3ms)
  Rendered /Users/rudi1/.rbenv/versions/2.2.1/lib/ruby/gems/2.2.0/gems/actionpack-4.2.1/lib/action_dispatch/middleware/templates/rescues/_trace.html.erb (4.0ms)
  Rendered /Users/rudi1/.rbenv/versions/2.2.1/lib/ruby/gems/2.2.0/gems/actionpack-4.2.1/lib/action_dispatch/middleware/templates/rescues/_request_and_response.html.erb (1.1ms)
  Rendered /Users/rudi1/.rbenv/versions/2.2.1/lib/ruby/gems/2.2.0/gems/actionpack-4.2.1/lib/action_dispatch/middleware/templates/rescues/template_error.html.erb within rescues/layout (79.9ms)
  Rendered /Users/rudi1/.rbenv/versions/2.2.1/lib/ruby/gems/2.2.0/gems/web-console-2.1.2/lib/web_console/templates/_markup.html.erb (0.5ms)
  Rendered /Users/rudi1/.rbenv/versions/2.2.1/lib/ruby/gems/2.2.0/gems/web-console-2.1.2/lib/web_console/templates/style.css.erb within layouts/inlined_string (0.4ms)
  Rendered /Users/rudi1/.rbenv/versions/2.2.1/lib/ruby/gems/2.2.0/gems/web-console-2.1.2/lib/web_console/templates/_inner_console_markup.html.erb within layouts/inlined_string (0.4ms)
  Rendered /Users/rudi1/.rbenv/versions/2.2.1/lib/ruby/gems/2.2.0/gems/web-console-2.1.2/lib/web_console/templates/_prompt_box_markup.html.erb within layouts/inlined_string (0.4ms)
  Rendered /Users/rudi1/.rbenv/versions/2.2.1/lib/ruby/gems/2.2.0/gems/web-console-2.1.2/lib/web_console/templates/console.js.erb within layouts/javascript (70.4ms)
  Rendered /Users/rudi1/.rbenv/versions/2.2.1/lib/ruby/gems/2.2.0/gems/web-console-2.1.2/lib/web_console/templates/main.js.erb within layouts/javascript (0.4ms)
  Rendered /Users/rudi1/.rbenv/versions/2.2.1/lib/ruby/gems/2.2.0/gems/web-console-2.1.2/lib/web_console/templates/error_page.js.erb within layouts/javascript (0.4ms)
  Rendered /Users/rudi1/.rbenv/versions/2.2.1/lib/ruby/gems/2.2.0/gems/web-console-2.1.2/lib/web_console/templates/index.html.erb (150.1ms)


Started GET "/" for ::1 at 2015-06-02 10:06:46 -0400
Processing by CitiesController#index as HTML
  [1m[36mCity Load (0.3ms)[0m  [1mSELECT "cities".* FROM "cities"[0m
  Rendered cities/index.html.erb within layouts/application (21.9ms)
Completed 500 Internal Server Error in 32ms (ActiveRecord: 0.3ms)

ActionView::Template::Error (undefined local variable or method `city' for #<#<Class:0x007fc5d39292f8>:0x007fc5db116838>):
     5:       <div class="col-md-4">
     6:        <div class="panel panel-default">
     7:         <div class="panel-body">
     8:          <h2><%= city.name %></h2>
     9:          <h3><%= city.country_id %></h3>
    10:          <h4><%= link_to 'Show', city %></h4>
    11:          <div class="btn-group">
  app/views/cities/index.html.erb:8:in `block in _app_views_cities_index_html_erb__2595237513919770336_70243880315660'
  app/views/cities/index.html.erb:4:in `_app_views_cities_index_html_erb__2595237513919770336_70243880315660'


  Rendered /Users/rudi1/.rbenv/versions/2.2.1/lib/ruby/gems/2.2.0/gems/actionpack-4.2.1/lib/action_dispatch/middleware/templates/rescues/_source.erb (7.9ms)
  Rendered /Users/rudi1/.rbenv/versions/2.2.1/lib/ruby/gems/2.2.0/gems/actionpack-4.2.1/lib/action_dispatch/middleware/templates/rescues/_trace.html.erb (3.5ms)
  Rendered /Users/rudi1/.rbenv/versions/2.2.1/lib/ruby/gems/2.2.0/gems/actionpack-4.2.1/lib/action_dispatch/middleware/templates/rescues/_request_and_response.html.erb (1.1ms)
  Rendered /Users/rudi1/.rbenv/versions/2.2.1/lib/ruby/gems/2.2.0/gems/actionpack-4.2.1/lib/action_dispatch/middleware/templates/rescues/template_error.html.erb within rescues/layout (80.6ms)
  Rendered /Users/rudi1/.rbenv/versions/2.2.1/lib/ruby/gems/2.2.0/gems/web-console-2.1.2/lib/web_console/templates/_markup.html.erb (0.5ms)
  Rendered /Users/rudi1/.rbenv/versions/2.2.1/lib/ruby/gems/2.2.0/gems/web-console-2.1.2/lib/web_console/templates/style.css.erb within layouts/inlined_string (0.4ms)
  Rendered /Users/rudi1/.rbenv/versions/2.2.1/lib/ruby/gems/2.2.0/gems/web-console-2.1.2/lib/web_console/templates/_inner_console_markup.html.erb within layouts/inlined_string (0.4ms)
  Rendered /Users/rudi1/.rbenv/versions/2.2.1/lib/ruby/gems/2.2.0/gems/web-console-2.1.2/lib/web_console/templates/_prompt_box_markup.html.erb within layouts/inlined_string (0.4ms)
  Rendered /Users/rudi1/.rbenv/versions/2.2.1/lib/ruby/gems/2.2.0/gems/web-console-2.1.2/lib/web_console/templates/console.js.erb within layouts/javascript (67.0ms)
  Rendered /Users/rudi1/.rbenv/versions/2.2.1/lib/ruby/gems/2.2.0/gems/web-console-2.1.2/lib/web_console/templates/main.js.erb within layouts/javascript (0.3ms)
  Rendered /Users/rudi1/.rbenv/versions/2.2.1/lib/ruby/gems/2.2.0/gems/web-console-2.1.2/lib/web_console/templates/error_page.js.erb within layouts/javascript (0.5ms)
  Rendered /Users/rudi1/.rbenv/versions/2.2.1/lib/ruby/gems/2.2.0/gems/web-console-2.1.2/lib/web_console/templates/index.html.erb (147.9ms)


Started GET "/" for ::1 at 2015-06-02 10:08:07 -0400
Processing by CitiesController#index as HTML
  [1m[35mCity Load (0.2ms)[0m  SELECT "cities".* FROM "cities"
  Rendered cities/index.html.erb within layouts/application (22.7ms)
Completed 500 Internal Server Error in 33ms (ActiveRecord: 0.2ms)

ActionView::Template::Error (undefined local variable or method `city' for #<#<Class:0x007fc5d39292f8>:0x007fc5db12db28>):
     6:        <div class="panel panel-default">
     7:         <div class="panel-body">
     8:          
     9:          <h3><%= city.country_id %></h3>
    10:          <h4><%= link_to 'Show', city %></h4>
    11:          <div class="btn-group">
    12:           <%= link_to 'Edit', edit_city_path(city), class: "btn btn-default" %>
  app/views/cities/index.html.erb:9:in `block in _app_views_cities_index_html_erb__2595237513919770336_70243880363080'
  app/views/cities/index.html.erb:4:in `_app_views_cities_index_html_erb__2595237513919770336_70243880363080'


  Rendered /Users/rudi1/.rbenv/versions/2.2.1/lib/ruby/gems/2.2.0/gems/actionpack-4.2.1/lib/action_dispatch/middleware/templates/rescues/_source.erb (8.8ms)
  Rendered /Users/rudi1/.rbenv/versions/2.2.1/lib/ruby/gems/2.2.0/gems/actionpack-4.2.1/lib/action_dispatch/middleware/templates/rescues/_trace.html.erb (10.6ms)
  Rendered /Users/rudi1/.rbenv/versions/2.2.1/lib/ruby/gems/2.2.0/gems/actionpack-4.2.1/lib/action_dispatch/middleware/templates/rescues/_request_and_response.html.erb (1.2ms)
  Rendered /Users/rudi1/.rbenv/versions/2.2.1/lib/ruby/gems/2.2.0/gems/actionpack-4.2.1/lib/action_dispatch/middleware/templates/rescues/template_error.html.erb within rescues/layout (86.3ms)
  Rendered /Users/rudi1/.rbenv/versions/2.2.1/lib/ruby/gems/2.2.0/gems/web-console-2.1.2/lib/web_console/templates/_markup.html.erb (0.4ms)
  Rendered /Users/rudi1/.rbenv/versions/2.2.1/lib/ruby/gems/2.2.0/gems/web-console-2.1.2/lib/web_console/templates/style.css.erb within layouts/inlined_string (0.5ms)
  Rendered /Users/rudi1/.rbenv/versions/2.2.1/lib/ruby/gems/2.2.0/gems/web-console-2.1.2/lib/web_console/templates/_inner_console_markup.html.erb within layouts/inlined_string (0.4ms)
  Rendered /Users/rudi1/.rbenv/versions/2.2.1/lib/ruby/gems/2.2.0/gems/web-console-2.1.2/lib/web_console/templates/_prompt_box_markup.html.erb within layouts/inlined_string (0.4ms)
  Rendered /Users/rudi1/.rbenv/versions/2.2.1/lib/ruby/gems/2.2.0/gems/web-console-2.1.2/lib/web_console/templates/console.js.erb within layouts/javascript (66.2ms)
  Rendered /Users/rudi1/.rbenv/versions/2.2.1/lib/ruby/gems/2.2.0/gems/web-console-2.1.2/lib/web_console/templates/main.js.erb within layouts/javascript (0.4ms)
  Rendered /Users/rudi1/.rbenv/versions/2.2.1/lib/ruby/gems/2.2.0/gems/web-console-2.1.2/lib/web_console/templates/error_page.js.erb within layouts/javascript (0.5ms)
  Rendered /Users/rudi1/.rbenv/versions/2.2.1/lib/ruby/gems/2.2.0/gems/web-console-2.1.2/lib/web_console/templates/index.html.erb (148.9ms)


Started GET "/" for ::1 at 2015-06-02 10:09:07 -0400
Processing by CitiesController#index as HTML
  [1m[36mCity Load (0.2ms)[0m  [1mSELECT "cities".* FROM "cities"[0m
  Rendered cities/index.html.erb within layouts/application (3.2ms)
  [1m[35mUser Load (0.2ms)[0m  SELECT  "users".* FROM "users" WHERE "users"."id" = ?  ORDER BY "users"."id" ASC LIMIT 1  [["id", 2]]
Completed 200 OK in 119ms (Views: 118.2ms | ActiveRecord: 0.4ms)


Started GET "/assets/cities.self-e3b0c44298fc1c149afbf4c8996fb92427ae41e4649b934ca495991b7852b855.css?body=1" for ::1 at 2015-06-02 10:09:07 -0400


Started GET "/assets/application.self-e80e8f2318043e8af94dddc2adad5a4f09739a8ebb323b3ab31cd71d45fd9113.css?body=1" for ::1 at 2015-06-02 10:09:07 -0400


Started GET "/assets/welcome.self-e3b0c44298fc1c149afbf4c8996fb92427ae41e4649b934ca495991b7852b855.css?body=1" for ::1 at 2015-06-02 10:09:07 -0400


Started GET "/assets/scaffolds.self-eb94d8ad3d789dd9fa30722e480d3fc4be4f891d8778b598448af5c0b040c8a7.css?body=1" for ::1 at 2015-06-02 10:09:07 -0400


Started GET "/assets/countries.self-e3b0c44298fc1c149afbf4c8996fb92427ae41e4649b934ca495991b7852b855.css?body=1" for ::1 at 2015-06-02 10:09:07 -0400


Started GET "/assets/jquery.self-d03a5518f45df77341bdbe6201ba3bfa547ebba8ed64f0ea56bfa5f96ea7c074.js?body=1" for ::1 at 2015-06-02 10:09:07 -0400


Started GET "/assets/jquery_ujs.self-8e98a7a072a6cee1372d19fff9ff3e6aa1e39a37d89d6f06861637d061113ee7.js?body=1" for ::1 at 2015-06-02 10:09:07 -0400


Started GET "/assets/turbolinks.self-c37727e9bd6b2735da5c311aa83fead54ed0be6cc8bd9a65309e9c5abe2cbfff.js?body=1" for ::1 at 2015-06-02 10:09:07 -0400


Started GET "/assets/cities.self-877aef30ae1b040ab8a3aba4e3e309a11d7f2612f44dde450b5c157aa5f95c05.js?body=1" for ::1 at 2015-06-02 10:09:07 -0400


Started GET "/assets/countries.self-877aef30ae1b040ab8a3aba4e3e309a11d7f2612f44dde450b5c157aa5f95c05.js?body=1" for ::1 at 2015-06-02 10:09:07 -0400


Started GET "/assets/welcome.self-877aef30ae1b040ab8a3aba4e3e309a11d7f2612f44dde450b5c157aa5f95c05.js?body=1" for ::1 at 2015-06-02 10:09:07 -0400


Started GET "/assets/application.self-3b8dabdc891efe46b9a144b400ad69e37d7e5876bdc39dee783419a69d7ca819.js?body=1" for ::1 at 2015-06-02 10:09:07 -0400


Started GET "/" for ::1 at 2015-06-02 10:13:26 -0400
Processing by CitiesController#index as HTML
  [1m[36mCity Load (0.3ms)[0m  [1mSELECT "cities".* FROM "cities"[0m
  Rendered cities/index.html.erb within layouts/application (3.8ms)
  [1m[35mUser Load (0.1ms)[0m  SELECT  "users".* FROM "users" WHERE "users"."id" = ?  ORDER BY "users"."id" ASC LIMIT 1  [["id", 2]]
Completed 200 OK in 60ms (Views: 58.7ms | ActiveRecord: 0.4ms)


Started GET "/assets/cities.self-e3b0c44298fc1c149afbf4c8996fb92427ae41e4649b934ca495991b7852b855.css?body=1" for ::1 at 2015-06-02 10:13:27 -0400


Started GET "/assets/countries.self-e3b0c44298fc1c149afbf4c8996fb92427ae41e4649b934ca495991b7852b855.css?body=1" for ::1 at 2015-06-02 10:13:27 -0400


Started GET "/assets/welcome.self-e3b0c44298fc1c149afbf4c8996fb92427ae41e4649b934ca495991b7852b855.css?body=1" for ::1 at 2015-06-02 10:13:27 -0400


Started GET "/assets/jquery.self-d03a5518f45df77341bdbe6201ba3bfa547ebba8ed64f0ea56bfa5f96ea7c074.js?body=1" for ::1 at 2015-06-02 10:13:27 -0400


Started GET "/assets/scaffolds.self-eb94d8ad3d789dd9fa30722e480d3fc4be4f891d8778b598448af5c0b040c8a7.css?body=1" for ::1 at 2015-06-02 10:13:27 -0400


Started GET "/assets/application.self-e80e8f2318043e8af94dddc2adad5a4f09739a8ebb323b3ab31cd71d45fd9113.css?body=1" for ::1 at 2015-06-02 10:13:27 -0400


Started GET "/assets/jquery_ujs.self-8e98a7a072a6cee1372d19fff9ff3e6aa1e39a37d89d6f06861637d061113ee7.js?body=1" for ::1 at 2015-06-02 10:13:27 -0400


Started GET "/assets/turbolinks.self-c37727e9bd6b2735da5c311aa83fead54ed0be6cc8bd9a65309e9c5abe2cbfff.js?body=1" for ::1 at 2015-06-02 10:13:27 -0400


Started GET "/assets/cities.self-877aef30ae1b040ab8a3aba4e3e309a11d7f2612f44dde450b5c157aa5f95c05.js?body=1" for ::1 at 2015-06-02 10:13:27 -0400


Started GET "/assets/countries.self-877aef30ae1b040ab8a3aba4e3e309a11d7f2612f44dde450b5c157aa5f95c05.js?body=1" for ::1 at 2015-06-02 10:13:27 -0400


Started GET "/assets/welcome.self-877aef30ae1b040ab8a3aba4e3e309a11d7f2612f44dde450b5c157aa5f95c05.js?body=1" for ::1 at 2015-06-02 10:13:27 -0400


Started GET "/assets/application.self-3b8dabdc891efe46b9a144b400ad69e37d7e5876bdc39dee783419a69d7ca819.js?body=1" for ::1 at 2015-06-02 10:13:27 -0400
