  [1m[36m (1.5ms)[0m  [1mCREATE TABLE "schema_migrations" ("version" varchar NOT NULL) [0m
  [1m[35m (0.1ms)[0m  select sqlite_version(*)
  [1m[36m (1.4ms)[0m  [1mCREATE UNIQUE INDEX "unique_schema_migrations" ON "schema_migrations" ("version")[0m
  [1m[35mActiveRecord::SchemaMigration Load (0.1ms)[0m  SELECT "schema_migrations".* FROM "schema_migrations"
Migrating to CreateArtists (20150525204820)
  [1m[36m (0.1ms)[0m  [1mbegin transaction[0m
  [1m[35m (0.5ms)[0m  CREATE TABLE "artists" ("id" INTEGER PRIMARY KEY AUTOINCREMENT NOT NULL, "name" varchar, "created_at" datetime NOT NULL, "updated_at" datetime NOT NULL) 
  [1m[36mSQL (0.2ms)[0m  [1mINSERT INTO "schema_migrations" ("version") VALUES (?)[0m  [["version", "20150525204820"]]
  [1m[35m (1.4ms)[0m  commit transaction
  [1m[36mActiveRecord::SchemaMigration Load (0.1ms)[0m  [1mSELECT "schema_migrations".* FROM "schema_migrations"[0m
  [1m[36mActiveRecord::SchemaMigration Load (0.1ms)[0m  [1mSELECT "schema_migrations".* FROM "schema_migrations"[0m
Migrating to CreateSongs (20150525205156)
  [1m[35m (0.1ms)[0m  begin transaction
  [1m[36m (0.6ms)[0m  [1mCREATE TABLE "songs" ("id" INTEGER PRIMARY KEY AUTOINCREMENT NOT NULL, "name" varchar, "rating" integer, "artist_id" integer, "created_at" datetime NOT NULL, "updated_at" datetime NOT NULL) [0m
  [1m[35m (0.1ms)[0m  select sqlite_version(*)
  [1m[36m (0.1ms)[0m  [1mCREATE  INDEX "index_songs_on_artist_id" ON "songs" ("artist_id")[0m
  [1m[35mSQL (0.2ms)[0m  INSERT INTO "schema_migrations" ("version") VALUES (?)  [["version", "20150525205156"]]
  [1m[36m (5.9ms)[0m  [1mcommit transaction[0m
  [1m[35mActiveRecord::SchemaMigration Load (0.1ms)[0m  SELECT "schema_migrations".* FROM "schema_migrations"
  [1m[36m (0.2ms)[0m  [1m            SELECT sql
            FROM sqlite_master
            WHERE name='index_songs_on_artist_id' AND type='index'
            UNION ALL
            SELECT sql
            FROM sqlite_temp_master
            WHERE name='index_songs_on_artist_id' AND type='index'
[0m


Started GET "/" for ::1 at 2015-05-30 18:27:06 -0400
  [1m[36mActiveRecord::SchemaMigration Load (0.4ms)[0m  [1mSELECT "schema_migrations".* FROM "schema_migrations"[0m
Processing by RockController#roll as HTML
  Rendered rock/roll.html.erb within layouts/application (2.4ms)
Completed 200 OK in 2628ms (Views: 2605.9ms | ActiveRecord: 0.0ms)


Started GET "/" for ::1 at 2015-05-30 18:27:09 -0400
Processing by RockController#roll as HTML
  Rendered rock/roll.html.erb within layouts/application (0.1ms)
Completed 200 OK in 58ms (Views: 57.4ms | ActiveRecord: 0.0ms)


Started GET "/songs" for ::1 at 2015-05-30 18:29:22 -0400
Processing by SongsController#index as HTML
  [1m[35mSong Load (13.7ms)[0m  SELECT "songs".* FROM "songs"
  Rendered songs/index.html.erb within layouts/application (16.8ms)
Completed 200 OK in 148ms (Views: 78.2ms | ActiveRecord: 14.0ms)


Started GET "/songs/new" for ::1 at 2015-05-30 18:38:29 -0400
Processing by SongsController#new as HTML
  Rendered songs/_form.html.erb (25.5ms)
  Rendered songs/new.html.erb within layouts/application (58.0ms)
Completed 500 Internal Server Error in 145ms (ActiveRecord: 0.3ms)

SyntaxError (/Users/rudi1/Desktop/TTS/Rails/Top5/app/views/songs/_form.html.erb:20: syntax error, unexpected ')', expecting '}'
...], {:include_blank => 'Rating') );@output_buffer.safe_append...
...                               ^
/Users/rudi1/Desktop/TTS/Rails/Top5/app/views/songs/_form.html.erb:29: syntax error, unexpected keyword_end, expecting ')'
'.freeze; end 
             ^
/Users/rudi1/Desktop/TTS/Rails/Top5/app/views/songs/_form.html.erb:31: syntax error, unexpected keyword_ensure, expecting ')'
/Users/rudi1/Desktop/TTS/Rails/Top5/app/views/songs/_form.html.erb:33: syntax error, unexpected keyword_end, expecting ')'):
  app/views/songs/_form.html.erb:20: syntax error, unexpected ')', expecting '}'
  app/views/songs/_form.html.erb:29: syntax error, unexpected keyword_end, expecting ')'
  app/views/songs/_form.html.erb:31: syntax error, unexpected keyword_ensure, expecting ')'
  app/views/songs/_form.html.erb:33: syntax error, unexpected keyword_end, expecting ')'
  app/views/songs/new.html.erb:3:in `_app_views_songs_new_html_erb___614598391264984132_70359148020860'


  Rendered /Users/rudi1/.rbenv/versions/2.2.1/lib/ruby/gems/2.2.0/gems/actionpack-4.2.1/lib/action_dispatch/middleware/templates/rescues/_source.erb (8.7ms)
  Rendered /Users/rudi1/.rbenv/versions/2.2.1/lib/ruby/gems/2.2.0/gems/actionpack-4.2.1/lib/action_dispatch/middleware/templates/rescues/_trace.html.erb (4.9ms)
  Rendered /Users/rudi1/.rbenv/versions/2.2.1/lib/ruby/gems/2.2.0/gems/actionpack-4.2.1/lib/action_dispatch/middleware/templates/rescues/_request_and_response.html.erb (1.4ms)
  Rendered /Users/rudi1/.rbenv/versions/2.2.1/lib/ruby/gems/2.2.0/gems/actionpack-4.2.1/lib/action_dispatch/middleware/templates/rescues/diagnostics.html.erb within rescues/layout (97.4ms)
  Rendered /Users/rudi1/.rbenv/versions/2.2.1/lib/ruby/gems/2.2.0/gems/web-console-2.1.2/lib/web_console/templates/_markup.html.erb (0.6ms)
  Rendered /Users/rudi1/.rbenv/versions/2.2.1/lib/ruby/gems/2.2.0/gems/web-console-2.1.2/lib/web_console/templates/style.css.erb within layouts/inlined_string (0.5ms)
  Rendered /Users/rudi1/.rbenv/versions/2.2.1/lib/ruby/gems/2.2.0/gems/web-console-2.1.2/lib/web_console/templates/_inner_console_markup.html.erb within layouts/inlined_string (0.3ms)
  Rendered /Users/rudi1/.rbenv/versions/2.2.1/lib/ruby/gems/2.2.0/gems/web-console-2.1.2/lib/web_console/templates/_prompt_box_markup.html.erb within layouts/inlined_string (0.3ms)
  Rendered /Users/rudi1/.rbenv/versions/2.2.1/lib/ruby/gems/2.2.0/gems/web-console-2.1.2/lib/web_console/templates/console.js.erb within layouts/javascript (74.3ms)
  Rendered /Users/rudi1/.rbenv/versions/2.2.1/lib/ruby/gems/2.2.0/gems/web-console-2.1.2/lib/web_console/templates/main.js.erb within layouts/javascript (0.5ms)
  Rendered /Users/rudi1/.rbenv/versions/2.2.1/lib/ruby/gems/2.2.0/gems/web-console-2.1.2/lib/web_console/templates/error_page.js.erb within layouts/javascript (0.6ms)
  Rendered /Users/rudi1/.rbenv/versions/2.2.1/lib/ruby/gems/2.2.0/gems/web-console-2.1.2/lib/web_console/templates/index.html.erb (212.3ms)


Started GET "/songs/new" for ::1 at 2015-05-30 18:38:30 -0400
Processing by SongsController#new as HTML
  Rendered songs/_form.html.erb (1.3ms)
  Rendered songs/new.html.erb within layouts/application (3.8ms)
Completed 500 Internal Server Error in 12ms (ActiveRecord: 0.0ms)

SyntaxError (/Users/rudi1/Desktop/TTS/Rails/Top5/app/views/songs/_form.html.erb:20: syntax error, unexpected ')', expecting '}'
...], {:include_blank => 'Rating') );@output_buffer.safe_append...
...                               ^
/Users/rudi1/Desktop/TTS/Rails/Top5/app/views/songs/_form.html.erb:29: syntax error, unexpected keyword_end, expecting ')'
'.freeze; end 
             ^
/Users/rudi1/Desktop/TTS/Rails/Top5/app/views/songs/_form.html.erb:31: syntax error, unexpected keyword_ensure, expecting ')'
/Users/rudi1/Desktop/TTS/Rails/Top5/app/views/songs/_form.html.erb:33: syntax error, unexpected keyword_end, expecting ')'):
  app/views/songs/_form.html.erb:20: syntax error, unexpected ')', expecting '}'
  app/views/songs/_form.html.erb:29: syntax error, unexpected keyword_end, expecting ')'
  app/views/songs/_form.html.erb:31: syntax error, unexpected keyword_ensure, expecting ')'
  app/views/songs/_form.html.erb:33: syntax error, unexpected keyword_end, expecting ')'
  app/views/songs/new.html.erb:3:in `_app_views_songs_new_html_erb___614598391264984132_70359140043160'


  Rendered /Users/rudi1/.rbenv/versions/2.2.1/lib/ruby/gems/2.2.0/gems/actionpack-4.2.1/lib/action_dispatch/middleware/templates/rescues/_source.erb (9.1ms)
  Rendered /Users/rudi1/.rbenv/versions/2.2.1/lib/ruby/gems/2.2.0/gems/actionpack-4.2.1/lib/action_dispatch/middleware/templates/rescues/_trace.html.erb (3.6ms)
  Rendered /Users/rudi1/.rbenv/versions/2.2.1/lib/ruby/gems/2.2.0/gems/actionpack-4.2.1/lib/action_dispatch/middleware/templates/rescues/_request_and_response.html.erb (1.3ms)
  Rendered /Users/rudi1/.rbenv/versions/2.2.1/lib/ruby/gems/2.2.0/gems/actionpack-4.2.1/lib/action_dispatch/middleware/templates/rescues/diagnostics.html.erb within rescues/layout (78.2ms)
  Rendered /Users/rudi1/.rbenv/versions/2.2.1/lib/ruby/gems/2.2.0/gems/web-console-2.1.2/lib/web_console/templates/_markup.html.erb (0.7ms)
  Rendered /Users/rudi1/.rbenv/versions/2.2.1/lib/ruby/gems/2.2.0/gems/web-console-2.1.2/lib/web_console/templates/style.css.erb within layouts/inlined_string (0.4ms)
  Rendered /Users/rudi1/.rbenv/versions/2.2.1/lib/ruby/gems/2.2.0/gems/web-console-2.1.2/lib/web_console/templates/_inner_console_markup.html.erb within layouts/inlined_string (0.3ms)
  Rendered /Users/rudi1/.rbenv/versions/2.2.1/lib/ruby/gems/2.2.0/gems/web-console-2.1.2/lib/web_console/templates/_prompt_box_markup.html.erb within layouts/inlined_string (0.4ms)
  Rendered /Users/rudi1/.rbenv/versions/2.2.1/lib/ruby/gems/2.2.0/gems/web-console-2.1.2/lib/web_console/templates/console.js.erb within layouts/javascript (64.5ms)
  Rendered /Users/rudi1/.rbenv/versions/2.2.1/lib/ruby/gems/2.2.0/gems/web-console-2.1.2/lib/web_console/templates/main.js.erb within layouts/javascript (0.6ms)
  Rendered /Users/rudi1/.rbenv/versions/2.2.1/lib/ruby/gems/2.2.0/gems/web-console-2.1.2/lib/web_console/templates/error_page.js.erb within layouts/javascript (0.4ms)
  Rendered /Users/rudi1/.rbenv/versions/2.2.1/lib/ruby/gems/2.2.0/gems/web-console-2.1.2/lib/web_console/templates/index.html.erb (146.6ms)


Started GET "/songs/new" for ::1 at 2015-05-30 18:41:45 -0400
Processing by SongsController#new as HTML
  [1m[36mArtist Load (6.9ms)[0m  [1mSELECT "artists".* FROM "artists"[0m
  Rendered songs/_form.html.erb (136.9ms)
  Rendered songs/new.html.erb within layouts/application (139.5ms)
Completed 200 OK in 203ms (Views: 195.5ms | ActiveRecord: 7.1ms)


Started GET "/assets/artists.self-e3b0c44298fc1c149afbf4c8996fb92427ae41e4649b934ca495991b7852b855.css?body=1" for ::1 at 2015-05-30 18:41:46 -0400


Started GET "/assets/rock.self-e3b0c44298fc1c149afbf4c8996fb92427ae41e4649b934ca495991b7852b855.css?body=1" for ::1 at 2015-05-30 18:41:46 -0400


Started GET "/assets/scaffolds.self-e6bd4a9cd4539597c18674f988895c567bbaec74d24defa44fc047dc3db891d4.css?body=1" for ::1 at 2015-05-30 18:41:46 -0400


Started GET "/assets/jquery.self-d03a5518f45df77341bdbe6201ba3bfa547ebba8ed64f0ea56bfa5f96ea7c074.js?body=1" for ::1 at 2015-05-30 18:41:46 -0400


Started GET "/assets/application.self-e80e8f2318043e8af94dddc2adad5a4f09739a8ebb323b3ab31cd71d45fd9113.css?body=1" for ::1 at 2015-05-30 18:41:46 -0400


Started GET "/assets/songs.self-e3b0c44298fc1c149afbf4c8996fb92427ae41e4649b934ca495991b7852b855.css?body=1" for ::1 at 2015-05-30 18:41:46 -0400


Started GET "/assets/jquery_ujs.self-8e98a7a072a6cee1372d19fff9ff3e6aa1e39a37d89d6f06861637d061113ee7.js?body=1" for ::1 at 2015-05-30 18:41:46 -0400


Started GET "/assets/turbolinks.self-c37727e9bd6b2735da5c311aa83fead54ed0be6cc8bd9a65309e9c5abe2cbfff.js?body=1" for ::1 at 2015-05-30 18:41:46 -0400


Started GET "/assets/artists.self-877aef30ae1b040ab8a3aba4e3e309a11d7f2612f44dde450b5c157aa5f95c05.js?body=1" for ::1 at 2015-05-30 18:41:46 -0400


Started GET "/assets/rock.self-877aef30ae1b040ab8a3aba4e3e309a11d7f2612f44dde450b5c157aa5f95c05.js?body=1" for ::1 at 2015-05-30 18:41:46 -0400


Started GET "/assets/songs.self-877aef30ae1b040ab8a3aba4e3e309a11d7f2612f44dde450b5c157aa5f95c05.js?body=1" for ::1 at 2015-05-30 18:41:46 -0400


Started GET "/assets/application.self-3b8dabdc891efe46b9a144b400ad69e37d7e5876bdc39dee783419a69d7ca819.js?body=1" for ::1 at 2015-05-30 18:41:46 -0400


Started POST "/songs" for ::1 at 2015-05-30 18:46:50 -0400
Processing by SongsController#create as HTML
  Parameters: {"utf8"=>"✓", "authenticity_token"=>"HS6rDbezDC+7+MV3lC/6oFb47MBFYn2v+uP3wUmQBXRYhw1D+e86/BIVRq3kUHsJDhhAARcK9qnaGUBWEVCpNQ==", "song"=>{"name"=>"You've Got to Hide Your Love Away", "rating"=>"4", "artist_id"=>"Beatles"}, "commit"=>"Create Song"}
  [1m[35m (0.1ms)[0m  begin transaction
  [1m[36mSQL (23.5ms)[0m  [1mINSERT INTO "songs" ("name", "rating", "artist_id", "created_at", "updated_at") VALUES (?, ?, ?, ?, ?)[0m  [["name", "You've Got to Hide Your Love Away"], ["rating", 4], ["artist_id", 0], ["created_at", "2015-05-30 22:46:50.435817"], ["updated_at", "2015-05-30 22:46:50.435817"]]
  [1m[35m (1.2ms)[0m  commit transaction
Redirected to http://localhost:3000/songs/1
Completed 302 Found in 60ms (ActiveRecord: 24.8ms)


Started GET "/songs/1" for ::1 at 2015-05-30 18:46:50 -0400
Processing by SongsController#show as HTML
  Parameters: {"id"=>"1"}
  [1m[36mSong Load (0.3ms)[0m  [1mSELECT  "songs".* FROM "songs" WHERE "songs"."id" = ? LIMIT 1[0m  [["id", 1]]
  [1m[35mArtist Load (0.2ms)[0m  SELECT  "artists".* FROM "artists" WHERE "artists"."id" = ? LIMIT 1  [["id", 0]]
  Rendered songs/show.html.erb within layouts/application (60.6ms)
Completed 200 OK in 199ms (Views: 135.4ms | ActiveRecord: 0.7ms)


Started GET "/songs" for ::1 at 2015-05-30 18:46:58 -0400
Processing by SongsController#index as HTML
  [1m[36mSong Load (0.2ms)[0m  [1mSELECT "songs".* FROM "songs"[0m
  [1m[35mArtist Load (0.1ms)[0m  SELECT  "artists".* FROM "artists" WHERE "artists"."id" = ? LIMIT 1  [["id", 0]]
  Rendered songs/index.html.erb within layouts/application (2.6ms)
Completed 200 OK in 58ms (Views: 57.0ms | ActiveRecord: 0.3ms)


Started GET "/songs/new" for ::1 at 2015-05-30 18:47:07 -0400
Processing by SongsController#new as HTML
  [1m[36mArtist Load (0.2ms)[0m  [1mSELECT "artists".* FROM "artists"[0m
  Rendered songs/_form.html.erb (4.4ms)
  Rendered songs/new.html.erb within layouts/application (7.8ms)
Completed 200 OK in 62ms (Views: 61.3ms | ActiveRecord: 0.2ms)


Started POST "/songs" for ::1 at 2015-05-30 18:50:05 -0400
Processing by SongsController#create as HTML
  Parameters: {"utf8"=>"✓", "authenticity_token"=>"3BQupRrPYa2LWeq8T0JYcjqslp0YpFtPIm8ypEUHzXOZvYjrVJNXfiK0aWY/PdnbYkw6XErM0EkClYUzHcdhMg==", "song"=>{"name"=>"Brown Sugar", "rating"=>"5", "artist_id"=>"Rolling Stones"}, "commit"=>"Create Song"}
  [1m[35m (0.1ms)[0m  begin transaction
  [1m[36mSQL (0.4ms)[0m  [1mINSERT INTO "songs" ("name", "rating", "artist_id", "created_at", "updated_at") VALUES (?, ?, ?, ?, ?)[0m  [["name", "Brown Sugar"], ["rating", 5], ["artist_id", 0], ["created_at", "2015-05-30 22:50:05.553002"], ["updated_at", "2015-05-30 22:50:05.553002"]]
  [1m[35m (13.8ms)[0m  commit transaction
Redirected to http://localhost:3000/songs/2
Completed 302 Found in 18ms (ActiveRecord: 14.2ms)


Started GET "/songs/2" for ::1 at 2015-05-30 18:50:05 -0400
Processing by SongsController#show as HTML
  Parameters: {"id"=>"2"}
  [1m[36mSong Load (0.2ms)[0m  [1mSELECT  "songs".* FROM "songs" WHERE "songs"."id" = ? LIMIT 1[0m  [["id", 2]]
  [1m[35mArtist Load (0.1ms)[0m  SELECT  "artists".* FROM "artists" WHERE "artists"."id" = ? LIMIT 1  [["id", 0]]
  Rendered songs/show.html.erb within layouts/application (0.9ms)
Completed 200 OK in 52ms (Views: 50.3ms | ActiveRecord: 0.3ms)


Started GET "/songs/2/edit" for ::1 at 2015-05-30 18:50:10 -0400
Processing by SongsController#edit as HTML
  Parameters: {"id"=>"2"}
  [1m[36mSong Load (0.2ms)[0m  [1mSELECT  "songs".* FROM "songs" WHERE "songs"."id" = ? LIMIT 1[0m  [["id", 2]]
  [1m[35mArtist Load (0.2ms)[0m  SELECT "artists".* FROM "artists"
  Rendered songs/_form.html.erb (3.7ms)
  Rendered songs/edit.html.erb within layouts/application (8.0ms)
Completed 200 OK in 100ms (Views: 98.6ms | ActiveRecord: 0.4ms)


Started PATCH "/songs/2" for ::1 at 2015-05-30 18:50:18 -0400
Processing by SongsController#update as HTML
  Parameters: {"utf8"=>"✓", "authenticity_token"=>"OtsnISk1iDUP2qLZghGz2EZoY1CxG4gOk3tWkjdVctB/coFvZ2m+5qY3IQPybjJxHojPkeNzAwizgeEFb5XekQ==", "song"=>{"name"=>"Brown Sugar", "rating"=>"5", "artist_id"=>"Rolling Stones"}, "commit"=>"Update Song", "id"=>"2"}
  [1m[36mSong Load (0.2ms)[0m  [1mSELECT  "songs".* FROM "songs" WHERE "songs"."id" = ? LIMIT 1[0m  [["id", 2]]
  [1m[35m (0.1ms)[0m  begin transaction
  [1m[36mSQL (0.4ms)[0m  [1mUPDATE "songs" SET "artist_id" = ?, "updated_at" = ? WHERE "songs"."id" = ?[0m  [["artist_id", 0], ["updated_at", "2015-05-30 22:50:18.860667"], ["id", 2]]
  [1m[35m (1.3ms)[0m  commit transaction
Redirected to http://localhost:3000/songs/2
Completed 302 Found in 7ms (ActiveRecord: 1.9ms)


Started GET "/songs/2" for ::1 at 2015-05-30 18:50:18 -0400
Processing by SongsController#show as HTML
  Parameters: {"id"=>"2"}
  [1m[36mSong Load (0.2ms)[0m  [1mSELECT  "songs".* FROM "songs" WHERE "songs"."id" = ? LIMIT 1[0m  [["id", 2]]
  [1m[35mArtist Load (0.1ms)[0m  SELECT  "artists".* FROM "artists" WHERE "artists"."id" = ? LIMIT 1  [["id", 0]]
  Rendered songs/show.html.erb within layouts/application (1.1ms)
Completed 200 OK in 51ms (Views: 49.9ms | ActiveRecord: 0.3ms)


Started GET "/songs" for ::1 at 2015-05-30 18:50:21 -0400
Processing by SongsController#index as HTML
  [1m[36mSong Load (0.2ms)[0m  [1mSELECT "songs".* FROM "songs"[0m
  [1m[35mArtist Load (0.1ms)[0m  SELECT  "artists".* FROM "artists" WHERE "artists"."id" = ? LIMIT 1  [["id", 0]]
  [1m[36mCACHE (0.0ms)[0m  [1mSELECT  "artists".* FROM "artists" WHERE "artists"."id" = ? LIMIT 1[0m  [["id", 0]]
  Rendered songs/index.html.erb within layouts/application (2.6ms)
Completed 200 OK in 48ms (Views: 46.5ms | ActiveRecord: 0.3ms)


Started GET "/songs" for ::1 at 2015-05-30 21:19:28 -0400
Processing by SongsController#index as HTML
  [1m[35mSong Load (0.5ms)[0m  SELECT "songs".* FROM "songs"
  [1m[36mArtist Load (0.5ms)[0m  [1mSELECT  "artists".* FROM "artists" WHERE "artists"."id" = ? LIMIT 1[0m  [["id", 0]]
  [1m[35mCACHE (0.0ms)[0m  SELECT  "artists".* FROM "artists" WHERE "artists"."id" = ? LIMIT 1  [["id", 0]]
  Rendered songs/index.html.erb within layouts/application (15.6ms)
Completed 200 OK in 194ms (Views: 189.2ms | ActiveRecord: 1.7ms)


Started GET "/assets/artists.self-e3b0c44298fc1c149afbf4c8996fb92427ae41e4649b934ca495991b7852b855.css?body=1" for ::1 at 2015-05-30 21:19:29 -0400


Started GET "/assets/scaffolds.self-e6bd4a9cd4539597c18674f988895c567bbaec74d24defa44fc047dc3db891d4.css?body=1" for ::1 at 2015-05-30 21:19:29 -0400


Started GET "/assets/application.self-e80e8f2318043e8af94dddc2adad5a4f09739a8ebb323b3ab31cd71d45fd9113.css?body=1" for ::1 at 2015-05-30 21:19:29 -0400


Started GET "/assets/jquery.self-d03a5518f45df77341bdbe6201ba3bfa547ebba8ed64f0ea56bfa5f96ea7c074.js?body=1" for ::1 at 2015-05-30 21:19:29 -0400


Started GET "/assets/rock.self-e3b0c44298fc1c149afbf4c8996fb92427ae41e4649b934ca495991b7852b855.css?body=1" for ::1 at 2015-05-30 21:19:29 -0400


Started GET "/assets/songs.self-e3b0c44298fc1c149afbf4c8996fb92427ae41e4649b934ca495991b7852b855.css?body=1" for ::1 at 2015-05-30 21:19:29 -0400


Started GET "/assets/turbolinks.self-c37727e9bd6b2735da5c311aa83fead54ed0be6cc8bd9a65309e9c5abe2cbfff.js?body=1" for ::1 at 2015-05-30 21:19:29 -0400


Started GET "/assets/jquery_ujs.self-8e98a7a072a6cee1372d19fff9ff3e6aa1e39a37d89d6f06861637d061113ee7.js?body=1" for ::1 at 2015-05-30 21:19:29 -0400


Started GET "/assets/artists.self-877aef30ae1b040ab8a3aba4e3e309a11d7f2612f44dde450b5c157aa5f95c05.js?body=1" for ::1 at 2015-05-30 21:19:29 -0400


Started GET "/assets/rock.self-877aef30ae1b040ab8a3aba4e3e309a11d7f2612f44dde450b5c157aa5f95c05.js?body=1" for ::1 at 2015-05-30 21:19:29 -0400


Started GET "/assets/songs.self-877aef30ae1b040ab8a3aba4e3e309a11d7f2612f44dde450b5c157aa5f95c05.js?body=1" for ::1 at 2015-05-30 21:19:29 -0400


Started GET "/assets/application.self-3b8dabdc891efe46b9a144b400ad69e37d7e5876bdc39dee783419a69d7ca819.js?body=1" for ::1 at 2015-05-30 21:19:29 -0400


Started GET "/songs" for ::1 at 2015-05-30 21:19:35 -0400
Processing by SongsController#index as HTML
  [1m[36mSong Load (0.2ms)[0m  [1mSELECT "songs".* FROM "songs"[0m
  [1m[35mArtist Load (0.1ms)[0m  SELECT  "artists".* FROM "artists" WHERE "artists"."id" = ? LIMIT 1  [["id", 0]]
  [1m[36mCACHE (0.0ms)[0m  [1mSELECT  "artists".* FROM "artists" WHERE "artists"."id" = ? LIMIT 1[0m  [["id", 0]]
  Rendered songs/index.html.erb within layouts/application (2.8ms)
Completed 200 OK in 54ms (Views: 53.1ms | ActiveRecord: 0.3ms)


Started GET "/assets/scaffolds.self-e6bd4a9cd4539597c18674f988895c567bbaec74d24defa44fc047dc3db891d4.css?body=1" for ::1 at 2015-05-30 21:19:35 -0400


Started GET "/assets/artists.self-e3b0c44298fc1c149afbf4c8996fb92427ae41e4649b934ca495991b7852b855.css?body=1" for ::1 at 2015-05-30 21:19:35 -0400


Started GET "/assets/songs.self-e3b0c44298fc1c149afbf4c8996fb92427ae41e4649b934ca495991b7852b855.css?body=1" for ::1 at 2015-05-30 21:19:35 -0400


Started GET "/assets/rock.self-e3b0c44298fc1c149afbf4c8996fb92427ae41e4649b934ca495991b7852b855.css?body=1" for ::1 at 2015-05-30 21:19:35 -0400


Started GET "/assets/jquery.self-d03a5518f45df77341bdbe6201ba3bfa547ebba8ed64f0ea56bfa5f96ea7c074.js?body=1" for ::1 at 2015-05-30 21:19:35 -0400


Started GET "/assets/application.self-e80e8f2318043e8af94dddc2adad5a4f09739a8ebb323b3ab31cd71d45fd9113.css?body=1" for ::1 at 2015-05-30 21:19:35 -0400


Started GET "/assets/jquery_ujs.self-8e98a7a072a6cee1372d19fff9ff3e6aa1e39a37d89d6f06861637d061113ee7.js?body=1" for ::1 at 2015-05-30 21:19:35 -0400


Started GET "/assets/turbolinks.self-c37727e9bd6b2735da5c311aa83fead54ed0be6cc8bd9a65309e9c5abe2cbfff.js?body=1" for ::1 at 2015-05-30 21:19:35 -0400


Started GET "/assets/artists.self-877aef30ae1b040ab8a3aba4e3e309a11d7f2612f44dde450b5c157aa5f95c05.js?body=1" for ::1 at 2015-05-30 21:19:35 -0400


Started GET "/assets/rock.self-877aef30ae1b040ab8a3aba4e3e309a11d7f2612f44dde450b5c157aa5f95c05.js?body=1" for ::1 at 2015-05-30 21:19:35 -0400


Started GET "/assets/songs.self-877aef30ae1b040ab8a3aba4e3e309a11d7f2612f44dde450b5c157aa5f95c05.js?body=1" for ::1 at 2015-05-30 21:19:35 -0400


Started GET "/assets/application.self-3b8dabdc891efe46b9a144b400ad69e37d7e5876bdc39dee783419a69d7ca819.js?body=1" for ::1 at 2015-05-30 21:19:35 -0400


Started GET "/songs" for ::1 at 2015-05-30 21:20:40 -0400
  [1m[36mActiveRecord::SchemaMigration Load (0.2ms)[0m  [1mSELECT "schema_migrations".* FROM "schema_migrations"[0m
Processing by SongsController#index as HTML
  [1m[35mSong Load (0.3ms)[0m  SELECT "songs".* FROM "songs"
  [1m[36mArtist Load (0.3ms)[0m  [1mSELECT  "artists".* FROM "artists" WHERE "artists"."id" = ? LIMIT 1[0m  [["id", 0]]
  [1m[35mCACHE (0.0ms)[0m  SELECT  "artists".* FROM "artists" WHERE "artists"."id" = ? LIMIT 1  [["id", 0]]
  Rendered songs/index.html.erb within layouts/application (46.5ms)
Completed 200 OK in 413ms (Views: 383.5ms | ActiveRecord: 1.3ms)


Started GET "/assets/songs.self-e3b0c44298fc1c149afbf4c8996fb92427ae41e4649b934ca495991b7852b855.css?body=1" for ::1 at 2015-05-30 21:20:41 -0400


Started GET "/assets/artists.self-e3b0c44298fc1c149afbf4c8996fb92427ae41e4649b934ca495991b7852b855.css?body=1" for ::1 at 2015-05-30 21:20:41 -0400


Started GET "/assets/scaffolds.self-e6bd4a9cd4539597c18674f988895c567bbaec74d24defa44fc047dc3db891d4.css?body=1" for ::1 at 2015-05-30 21:20:41 -0400


Started GET "/assets/application.self-e80e8f2318043e8af94dddc2adad5a4f09739a8ebb323b3ab31cd71d45fd9113.css?body=1" for ::1 at 2015-05-30 21:20:41 -0400


Started GET "/assets/rock.self-e3b0c44298fc1c149afbf4c8996fb92427ae41e4649b934ca495991b7852b855.css?body=1" for ::1 at 2015-05-30 21:20:41 -0400


Started GET "/assets/jquery.self-d03a5518f45df77341bdbe6201ba3bfa547ebba8ed64f0ea56bfa5f96ea7c074.js?body=1" for ::1 at 2015-05-30 21:20:41 -0400


Started GET "/assets/jquery_ujs.self-8e98a7a072a6cee1372d19fff9ff3e6aa1e39a37d89d6f06861637d061113ee7.js?body=1" for ::1 at 2015-05-30 21:20:41 -0400


Started GET "/assets/turbolinks.self-c37727e9bd6b2735da5c311aa83fead54ed0be6cc8bd9a65309e9c5abe2cbfff.js?body=1" for ::1 at 2015-05-30 21:20:41 -0400


Started GET "/assets/artists.self-877aef30ae1b040ab8a3aba4e3e309a11d7f2612f44dde450b5c157aa5f95c05.js?body=1" for ::1 at 2015-05-30 21:20:41 -0400


Started GET "/assets/rock.self-877aef30ae1b040ab8a3aba4e3e309a11d7f2612f44dde450b5c157aa5f95c05.js?body=1" for ::1 at 2015-05-30 21:20:41 -0400


Started GET "/assets/songs.self-877aef30ae1b040ab8a3aba4e3e309a11d7f2612f44dde450b5c157aa5f95c05.js?body=1" for ::1 at 2015-05-30 21:20:41 -0400


Started GET "/assets/application.self-3b8dabdc891efe46b9a144b400ad69e37d7e5876bdc39dee783419a69d7ca819.js?body=1" for ::1 at 2015-05-30 21:20:41 -0400


Started GET "/songs" for ::1 at 2015-05-30 21:25:37 -0400
Processing by SongsController#index as HTML
  [1m[36mSong Load (0.6ms)[0m  [1mSELECT "songs".* FROM "songs"[0m
  [1m[35mArtist Load (0.2ms)[0m  SELECT  "artists".* FROM "artists" WHERE "artists"."id" = ? LIMIT 1  [["id", 0]]
  [1m[36mCACHE (0.0ms)[0m  [1mSELECT  "artists".* FROM "artists" WHERE "artists"."id" = ? LIMIT 1[0m  [["id", 0]]
  Rendered songs/index.html.erb within layouts/application (34.2ms)
Completed 200 OK in 164ms (Views: 159.4ms | ActiveRecord: 1.5ms)


Started GET "/assets/artists.self-e3b0c44298fc1c149afbf4c8996fb92427ae41e4649b934ca495991b7852b855.css?body=1" for ::1 at 2015-05-30 21:25:37 -0400


Started GET "/assets/rock.self-e3b0c44298fc1c149afbf4c8996fb92427ae41e4649b934ca495991b7852b855.css?body=1" for ::1 at 2015-05-30 21:25:37 -0400


Started GET "/assets/scaffolds.self-e6bd4a9cd4539597c18674f988895c567bbaec74d24defa44fc047dc3db891d4.css?body=1" for ::1 at 2015-05-30 21:25:37 -0400


Started GET "/assets/jquery.self-d03a5518f45df77341bdbe6201ba3bfa547ebba8ed64f0ea56bfa5f96ea7c074.js?body=1" for ::1 at 2015-05-30 21:25:37 -0400


Started GET "/assets/application.self-e80e8f2318043e8af94dddc2adad5a4f09739a8ebb323b3ab31cd71d45fd9113.css?body=1" for ::1 at 2015-05-30 21:25:37 -0400


Started GET "/assets/songs.self-e3b0c44298fc1c149afbf4c8996fb92427ae41e4649b934ca495991b7852b855.css?body=1" for ::1 at 2015-05-30 21:25:37 -0400


Started GET "/assets/jquery_ujs.self-8e98a7a072a6cee1372d19fff9ff3e6aa1e39a37d89d6f06861637d061113ee7.js?body=1" for ::1 at 2015-05-30 21:25:37 -0400


Started GET "/assets/turbolinks.self-c37727e9bd6b2735da5c311aa83fead54ed0be6cc8bd9a65309e9c5abe2cbfff.js?body=1" for ::1 at 2015-05-30 21:25:37 -0400


Started GET "/assets/artists.self-877aef30ae1b040ab8a3aba4e3e309a11d7f2612f44dde450b5c157aa5f95c05.js?body=1" for ::1 at 2015-05-30 21:25:37 -0400


Started GET "/assets/rock.self-877aef30ae1b040ab8a3aba4e3e309a11d7f2612f44dde450b5c157aa5f95c05.js?body=1" for ::1 at 2015-05-30 21:25:37 -0400


Started GET "/assets/songs.self-877aef30ae1b040ab8a3aba4e3e309a11d7f2612f44dde450b5c157aa5f95c05.js?body=1" for ::1 at 2015-05-30 21:25:37 -0400


Started GET "/assets/application.self-3b8dabdc891efe46b9a144b400ad69e37d7e5876bdc39dee783419a69d7ca819.js?body=1" for ::1 at 2015-05-30 21:25:37 -0400


Started GET "/songs" for ::1 at 2015-05-30 21:25:53 -0400
Processing by SongsController#index as HTML
  [1m[35mSong Load (0.3ms)[0m  SELECT "songs".* FROM "songs"
  [1m[36mArtist Load (0.1ms)[0m  [1mSELECT  "artists".* FROM "artists" WHERE "artists"."id" = ? LIMIT 1[0m  [["id", 0]]
  [1m[35mCACHE (0.0ms)[0m  SELECT  "artists".* FROM "artists" WHERE "artists"."id" = ? LIMIT 1  [["id", 0]]
  Rendered songs/index.html.erb within layouts/application (12.3ms)
Completed 200 OK in 63ms (Views: 58.9ms | ActiveRecord: 1.1ms)


Started GET "/assets/application.self-e80e8f2318043e8af94dddc2adad5a4f09739a8ebb323b3ab31cd71d45fd9113.css?body=1" for ::1 at 2015-05-30 21:25:54 -0400


Started GET "/assets/artists.self-e3b0c44298fc1c149afbf4c8996fb92427ae41e4649b934ca495991b7852b855.css?body=1" for ::1 at 2015-05-30 21:25:54 -0400


Started GET "/assets/scaffolds.self-e6bd4a9cd4539597c18674f988895c567bbaec74d24defa44fc047dc3db891d4.css?body=1" for ::1 at 2015-05-30 21:25:54 -0400


Started GET "/assets/songs.self-e3b0c44298fc1c149afbf4c8996fb92427ae41e4649b934ca495991b7852b855.css?body=1" for ::1 at 2015-05-30 21:25:54 -0400


Started GET "/assets/rock.self-e3b0c44298fc1c149afbf4c8996fb92427ae41e4649b934ca495991b7852b855.css?body=1" for ::1 at 2015-05-30 21:25:54 -0400


Started GET "/assets/jquery.self-d03a5518f45df77341bdbe6201ba3bfa547ebba8ed64f0ea56bfa5f96ea7c074.js?body=1" for ::1 at 2015-05-30 21:25:54 -0400


Started GET "/assets/jquery_ujs.self-8e98a7a072a6cee1372d19fff9ff3e6aa1e39a37d89d6f06861637d061113ee7.js?body=1" for ::1 at 2015-05-30 21:25:54 -0400


Started GET "/assets/artists.self-877aef30ae1b040ab8a3aba4e3e309a11d7f2612f44dde450b5c157aa5f95c05.js?body=1" for ::1 at 2015-05-30 21:25:54 -0400


Started GET "/assets/turbolinks.self-c37727e9bd6b2735da5c311aa83fead54ed0be6cc8bd9a65309e9c5abe2cbfff.js?body=1" for ::1 at 2015-05-30 21:25:54 -0400


Started GET "/assets/rock.self-877aef30ae1b040ab8a3aba4e3e309a11d7f2612f44dde450b5c157aa5f95c05.js?body=1" for ::1 at 2015-05-30 21:25:54 -0400


Started GET "/assets/songs.self-877aef30ae1b040ab8a3aba4e3e309a11d7f2612f44dde450b5c157aa5f95c05.js?body=1" for ::1 at 2015-05-30 21:25:54 -0400


Started GET "/assets/application.self-3b8dabdc891efe46b9a144b400ad69e37d7e5876bdc39dee783419a69d7ca819.js?body=1" for ::1 at 2015-05-30 21:25:54 -0400


Started GET "/songs/new" for ::1 at 2015-05-30 21:26:02 -0400
Processing by SongsController#new as HTML
  [1m[36mArtist Load (0.2ms)[0m  [1mSELECT "artists".* FROM "artists"[0m
  Rendered songs/_form.html.erb (98.3ms)
  Rendered songs/new.html.erb within layouts/application (129.8ms)
Completed 200 OK in 224ms (Views: 222.5ms | ActiveRecord: 0.2ms)


Started POST "/songs" for ::1 at 2015-05-30 21:26:35 -0400
Processing by SongsController#create as HTML
  Parameters: {"utf8"=>"✓", "authenticity_token"=>"ryTB5cTwuZZaYZ0noCtCEI7AfCxoLCK1CRfsNfN79pnqjWeriqyPRfOMHv3QVMO51iDQ7TpEqbMp7Vuiq7ta2A==", "song"=>{"name"=>"The Crown of Love ", "rating"=>"5", "artist_id"=>"Arcade Fire"}, "commit"=>"Create Song"}
  [1m[35m (0.1ms)[0m  begin transaction
  [1m[36mSong Exists (0.2ms)[0m  [1mSELECT  1 AS one FROM "songs" WHERE "songs"."name" = 'The Crown of Love ' LIMIT 1[0m
  [1m[35mSQL (0.5ms)[0m  INSERT INTO "songs" ("name", "rating", "artist_id", "created_at", "updated_at") VALUES (?, ?, ?, ?, ?)  [["name", "The Crown of Love "], ["rating", 5], ["artist_id", 0], ["created_at", "2015-05-31 01:26:35.491661"], ["updated_at", "2015-05-31 01:26:35.491661"]]
  [1m[36m (1.3ms)[0m  [1mcommit transaction[0m
Redirected to http://localhost:3000/songs/3
Completed 302 Found in 33ms (ActiveRecord: 2.1ms)


Started GET "/songs/3" for ::1 at 2015-05-30 21:26:35 -0400
Processing by SongsController#show as HTML
  Parameters: {"id"=>"3"}
  [1m[35mSong Load (0.3ms)[0m  SELECT  "songs".* FROM "songs" WHERE "songs"."id" = ? LIMIT 1  [["id", 3]]
  [1m[36mArtist Load (0.1ms)[0m  [1mSELECT  "artists".* FROM "artists" WHERE "artists"."id" = ? LIMIT 1[0m  [["id", 0]]
  Rendered songs/show.html.erb within layouts/application (1.8ms)
Completed 200 OK in 97ms (Views: 77.5ms | ActiveRecord: 0.4ms)


Started GET "/songs" for ::1 at 2015-05-30 21:26:40 -0400
Processing by SongsController#index as HTML
  [1m[35mSong Load (0.2ms)[0m  SELECT "songs".* FROM "songs"
  [1m[36mArtist Load (0.1ms)[0m  [1mSELECT  "artists".* FROM "artists" WHERE "artists"."id" = ? LIMIT 1[0m  [["id", 0]]
  [1m[35mCACHE (0.0ms)[0m  SELECT  "artists".* FROM "artists" WHERE "artists"."id" = ? LIMIT 1  [["id", 0]]
  [1m[36mCACHE (0.0ms)[0m  [1mSELECT  "artists".* FROM "artists" WHERE "artists"."id" = ? LIMIT 1[0m  [["id", 0]]
  Rendered songs/index.html.erb within layouts/application (4.1ms)
Completed 200 OK in 51ms (Views: 50.4ms | ActiveRecord: 0.3ms)


Started GET "/songs" for ::1 at 2015-05-30 21:31:20 -0400
Processing by SongsController#index as HTML
  [1m[35mSong Load (0.3ms)[0m  SELECT "songs".* FROM "songs"
  [1m[36mArtist Load (0.1ms)[0m  [1mSELECT  "artists".* FROM "artists" WHERE "artists"."id" = ? LIMIT 1[0m  [["id", 0]]
  [1m[35mCACHE (0.0ms)[0m  SELECT  "artists".* FROM "artists" WHERE "artists"."id" = ? LIMIT 1  [["id", 0]]
  [1m[36mCACHE (0.0ms)[0m  [1mSELECT  "artists".* FROM "artists" WHERE "artists"."id" = ? LIMIT 1[0m  [["id", 0]]
  Rendered songs/index.html.erb within layouts/application (3.5ms)
Completed 200 OK in 73ms (Views: 72.1ms | ActiveRecord: 0.4ms)


Started GET "/assets/application.self-5e051451f723d8fbbdfec6a5d87e1ff0a6477ad96630f45dd59cf70d476acf8c.css?body=1" for ::1 at 2015-05-30 21:31:20 -0400


Started GET "/assets/scaffolds.self-e6bd4a9cd4539597c18674f988895c567bbaec74d24defa44fc047dc3db891d4.css?body=1" for ::1 at 2015-05-30 21:31:20 -0400


Started GET "/assets/songs.self-e3b0c44298fc1c149afbf4c8996fb92427ae41e4649b934ca495991b7852b855.css?body=1" for ::1 at 2015-05-30 21:31:20 -0400


Started GET "/assets/artists.self-e3b0c44298fc1c149afbf4c8996fb92427ae41e4649b934ca495991b7852b855.css?body=1" for ::1 at 2015-05-30 21:31:20 -0400


Started GET "/assets/rock.self-e3b0c44298fc1c149afbf4c8996fb92427ae41e4649b934ca495991b7852b855.css?body=1" for ::1 at 2015-05-30 21:31:20 -0400


Started GET "/assets/jquery_ujs.self-8e98a7a072a6cee1372d19fff9ff3e6aa1e39a37d89d6f06861637d061113ee7.js?body=1" for ::1 at 2015-05-30 21:31:20 -0400


Started GET "/assets/jquery.self-d03a5518f45df77341bdbe6201ba3bfa547ebba8ed64f0ea56bfa5f96ea7c074.js?body=1" for ::1 at 2015-05-30 21:31:20 -0400


Started GET "/assets/turbolinks.self-c37727e9bd6b2735da5c311aa83fead54ed0be6cc8bd9a65309e9c5abe2cbfff.js?body=1" for ::1 at 2015-05-30 21:31:20 -0400


Started GET "/assets/artists.self-877aef30ae1b040ab8a3aba4e3e309a11d7f2612f44dde450b5c157aa5f95c05.js?body=1" for ::1 at 2015-05-30 21:31:20 -0400


Started GET "/assets/rock.self-877aef30ae1b040ab8a3aba4e3e309a11d7f2612f44dde450b5c157aa5f95c05.js?body=1" for ::1 at 2015-05-30 21:31:20 -0400


Started GET "/assets/songs.self-877aef30ae1b040ab8a3aba4e3e309a11d7f2612f44dde450b5c157aa5f95c05.js?body=1" for ::1 at 2015-05-30 21:31:20 -0400


Started GET "/assets/application.self-3b8dabdc891efe46b9a144b400ad69e37d7e5876bdc39dee783419a69d7ca819.js?body=1" for ::1 at 2015-05-30 21:31:20 -0400


Started GET "/songs" for ::1 at 2015-05-30 21:37:05 -0400
Processing by SongsController#index as HTML
  [1m[35mSong Load (0.2ms)[0m  SELECT "songs".* FROM "songs"
  [1m[36mArtist Load (0.1ms)[0m  [1mSELECT  "artists".* FROM "artists" WHERE "artists"."id" = ? LIMIT 1[0m  [["id", 0]]
  [1m[35mCACHE (0.0ms)[0m  SELECT  "artists".* FROM "artists" WHERE "artists"."id" = ? LIMIT 1  [["id", 0]]
  [1m[36mCACHE (0.0ms)[0m  [1mSELECT  "artists".* FROM "artists" WHERE "artists"."id" = ? LIMIT 1[0m  [["id", 0]]
  Rendered songs/index.html.erb within layouts/application (3.2ms)
Completed 200 OK in 72ms (Views: 71.0ms | ActiveRecord: 0.3ms)


Started GET "/assets/application.self-05dc6f8cd5cb1f4bff29812c7e3cca0e0e09c05be82075ec3ec3f2b5548f05c8.css?body=1" for ::1 at 2015-05-30 21:37:05 -0400


Started GET "/assets/rock.self-e3b0c44298fc1c149afbf4c8996fb92427ae41e4649b934ca495991b7852b855.css?body=1" for ::1 at 2015-05-30 21:37:05 -0400


Started GET "/assets/artists.self-e3b0c44298fc1c149afbf4c8996fb92427ae41e4649b934ca495991b7852b855.css?body=1" for ::1 at 2015-05-30 21:37:05 -0400


Started GET "/assets/scaffolds.self-e6bd4a9cd4539597c18674f988895c567bbaec74d24defa44fc047dc3db891d4.css?body=1" for ::1 at 2015-05-30 21:37:05 -0400


Started GET "/assets/songs.self-e3b0c44298fc1c149afbf4c8996fb92427ae41e4649b934ca495991b7852b855.css?body=1" for ::1 at 2015-05-30 21:37:05 -0400


Started GET "/assets/jquery_ujs.self-8e98a7a072a6cee1372d19fff9ff3e6aa1e39a37d89d6f06861637d061113ee7.js?body=1" for ::1 at 2015-05-30 21:37:05 -0400


Started GET "/assets/jquery.self-d03a5518f45df77341bdbe6201ba3bfa547ebba8ed64f0ea56bfa5f96ea7c074.js?body=1" for ::1 at 2015-05-30 21:37:05 -0400


Started GET "/assets/turbolinks.self-c37727e9bd6b2735da5c311aa83fead54ed0be6cc8bd9a65309e9c5abe2cbfff.js?body=1" for ::1 at 2015-05-30 21:37:05 -0400


Started GET "/assets/artists.self-877aef30ae1b040ab8a3aba4e3e309a11d7f2612f44dde450b5c157aa5f95c05.js?body=1" for ::1 at 2015-05-30 21:37:05 -0400


Started GET "/assets/rock.self-877aef30ae1b040ab8a3aba4e3e309a11d7f2612f44dde450b5c157aa5f95c05.js?body=1" for ::1 at 2015-05-30 21:37:05 -0400


Started GET "/assets/songs.self-877aef30ae1b040ab8a3aba4e3e309a11d7f2612f44dde450b5c157aa5f95c05.js?body=1" for ::1 at 2015-05-30 21:37:05 -0400


Started GET "/assets/application.self-3b8dabdc891efe46b9a144b400ad69e37d7e5876bdc39dee783419a69d7ca819.js?body=1" for ::1 at 2015-05-30 21:37:05 -0400


Started GET "/songs" for ::1 at 2015-05-30 21:47:08 -0400
Processing by SongsController#index as HTML
  [1m[35mSong Load (0.2ms)[0m  SELECT "songs".* FROM "songs"
  [1m[36mArtist Load (0.1ms)[0m  [1mSELECT  "artists".* FROM "artists" WHERE "artists"."id" = ? LIMIT 1[0m  [["id", 0]]
  [1m[35mCACHE (0.0ms)[0m  SELECT  "artists".* FROM "artists" WHERE "artists"."id" = ? LIMIT 1  [["id", 0]]
  [1m[36mCACHE (0.0ms)[0m  [1mSELECT  "artists".* FROM "artists" WHERE "artists"."id" = ? LIMIT 1[0m  [["id", 0]]
  Rendered songs/index.html.erb within layouts/application (3.4ms)
Completed 200 OK in 410ms (Views: 409.1ms | ActiveRecord: 0.3ms)


Started GET "/assets/rock.self-e3b0c44298fc1c149afbf4c8996fb92427ae41e4649b934ca495991b7852b855.css?body=1" for ::1 at 2015-05-30 21:47:08 -0400


Started GET "/assets/application.self-c97650f241f2c3802140194727c8929645c39d3855526b29dd7cc82365f1ba46.css?body=1" for ::1 at 2015-05-30 21:47:08 -0400


Started GET "/assets/scaffolds.self-e6bd4a9cd4539597c18674f988895c567bbaec74d24defa44fc047dc3db891d4.css?body=1" for ::1 at 2015-05-30 21:47:08 -0400


Started GET "/assets/jquery.self-d03a5518f45df77341bdbe6201ba3bfa547ebba8ed64f0ea56bfa5f96ea7c074.js?body=1" for ::1 at 2015-05-30 21:47:08 -0400


Started GET "/assets/artists.self-e3b0c44298fc1c149afbf4c8996fb92427ae41e4649b934ca495991b7852b855.css?body=1" for ::1 at 2015-05-30 21:47:08 -0400


Started GET "/assets/songs.self-e3b0c44298fc1c149afbf4c8996fb92427ae41e4649b934ca495991b7852b855.css?body=1" for ::1 at 2015-05-30 21:47:08 -0400


Started GET "/assets/jquery_ujs.self-8e98a7a072a6cee1372d19fff9ff3e6aa1e39a37d89d6f06861637d061113ee7.js?body=1" for ::1 at 2015-05-30 21:47:08 -0400


Started GET "/assets/turbolinks.self-c37727e9bd6b2735da5c311aa83fead54ed0be6cc8bd9a65309e9c5abe2cbfff.js?body=1" for ::1 at 2015-05-30 21:47:08 -0400


Started GET "/assets/artists.self-877aef30ae1b040ab8a3aba4e3e309a11d7f2612f44dde450b5c157aa5f95c05.js?body=1" for ::1 at 2015-05-30 21:47:08 -0400


Started GET "/assets/songs.self-877aef30ae1b040ab8a3aba4e3e309a11d7f2612f44dde450b5c157aa5f95c05.js?body=1" for ::1 at 2015-05-30 21:47:08 -0400


Started GET "/assets/rock.self-877aef30ae1b040ab8a3aba4e3e309a11d7f2612f44dde450b5c157aa5f95c05.js?body=1" for ::1 at 2015-05-30 21:47:08 -0400


Started GET "/assets/application.self-3b8dabdc891efe46b9a144b400ad69e37d7e5876bdc39dee783419a69d7ca819.js?body=1" for ::1 at 2015-05-30 21:47:08 -0400


Started GET "/assets/city-109ed7b19209a2d14c344264f7c4d8ff1b49a65fa0a341435029d2d0a9c1f088.jpg" for ::1 at 2015-05-30 21:47:09 -0400


Started GET "/artists" for ::1 at 2015-05-30 21:53:01 -0400
Processing by ArtistsController#index as HTML
  [1m[35mArtist Load (0.2ms)[0m  SELECT "artists".* FROM "artists"
  Rendered artists/index.html.erb within layouts/application (1.5ms)
Completed 200 OK in 62ms (Views: 61.4ms | ActiveRecord: 0.2ms)


Started GET "/artists/new" for ::1 at 2015-05-30 21:53:09 -0400
Processing by ArtistsController#new as HTML
  Rendered artists/_form.html.erb (3.2ms)
  Rendered artists/new.html.erb within layouts/application (8.0ms)
Completed 200 OK in 111ms (Views: 108.1ms | ActiveRecord: 0.0ms)


Started POST "/artists" for ::1 at 2015-05-30 21:53:16 -0400
Processing by ArtistsController#create as HTML
  Parameters: {"utf8"=>"✓", "authenticity_token"=>"l/eZ+QgQ134K9JnxQASV9+plpaIzBmcc9yhk6fDmOPLSXj+3RkzhraMZGiswexResoUJY2Fu7BrX0tN+qCaUsw==", "artist"=>{"name"=>"Beatles"}, "commit"=>"Create Artist"}
  [1m[36m (0.1ms)[0m  [1mbegin transaction[0m
  [1m[35mArtist Exists (0.2ms)[0m  SELECT  1 AS one FROM "artists" WHERE "artists"."name" = 'Beatles' LIMIT 1
  [1m[36mSQL (0.3ms)[0m  [1mINSERT INTO "artists" ("name", "created_at", "updated_at") VALUES (?, ?, ?)[0m  [["name", "Beatles"], ["created_at", "2015-05-31 01:53:16.963158"], ["updated_at", "2015-05-31 01:53:16.963158"]]
  [1m[35m (1.1ms)[0m  commit transaction
Redirected to http://localhost:3000/artists/1
Completed 302 Found in 7ms (ActiveRecord: 1.7ms)


Started GET "/artists/1" for ::1 at 2015-05-30 21:53:16 -0400
Processing by ArtistsController#show as HTML
  Parameters: {"id"=>"1"}
  [1m[36mArtist Load (0.2ms)[0m  [1mSELECT  "artists".* FROM "artists" WHERE "artists"."id" = ? LIMIT 1[0m  [["id", 1]]
  Rendered artists/show.html.erb within layouts/application (0.9ms)
Completed 200 OK in 82ms (Views: 80.7ms | ActiveRecord: 0.2ms)


Started GET "/artists" for ::1 at 2015-05-30 21:53:24 -0400
Processing by ArtistsController#index as HTML
  [1m[35mArtist Load (0.2ms)[0m  SELECT "artists".* FROM "artists"
  Rendered artists/index.html.erb within layouts/application (1.2ms)
Completed 200 OK in 59ms (Views: 58.2ms | ActiveRecord: 0.2ms)


Started GET "/artists/new" for ::1 at 2015-05-30 21:53:32 -0400
Processing by ArtistsController#new as HTML
  Rendered artists/_form.html.erb (1.4ms)
  Rendered artists/new.html.erb within layouts/application (4.5ms)
Completed 200 OK in 56ms (Views: 55.4ms | ActiveRecord: 0.0ms)


Started POST "/artists" for ::1 at 2015-05-30 21:53:41 -0400
Processing by ArtistsController#create as HTML
  Parameters: {"utf8"=>"✓", "authenticity_token"=>"FNPNubSnQ7OZY6PNkYd8SinBCfEaN2KngMM89VabWQhRemv3+vt1YDCOIBfh+P3jcSGlMEhf6aGgOYtiDlv1SQ==", "artist"=>{"name"=>"Rolling Stones"}, "commit"=>"Create Artist"}
  [1m[36m (0.1ms)[0m  [1mbegin transaction[0m
  [1m[35mArtist Exists (0.2ms)[0m  SELECT  1 AS one FROM "artists" WHERE "artists"."name" = 'Rolling Stones' LIMIT 1
  [1m[36mSQL (0.3ms)[0m  [1mINSERT INTO "artists" ("name", "created_at", "updated_at") VALUES (?, ?, ?)[0m  [["name", "Rolling Stones"], ["created_at", "2015-05-31 01:53:41.817834"], ["updated_at", "2015-05-31 01:53:41.817834"]]
  [1m[35m (1.1ms)[0m  commit transaction
Redirected to http://localhost:3000/artists/2
Completed 302 Found in 5ms (ActiveRecord: 1.6ms)


Started GET "/artists/2" for ::1 at 2015-05-30 21:53:41 -0400
Processing by ArtistsController#show as HTML
  Parameters: {"id"=>"2"}
  [1m[36mArtist Load (0.2ms)[0m  [1mSELECT  "artists".* FROM "artists" WHERE "artists"."id" = ? LIMIT 1[0m  [["id", 2]]
  Rendered artists/show.html.erb within layouts/application (0.3ms)
Completed 200 OK in 56ms (Views: 54.9ms | ActiveRecord: 0.2ms)


Started GET "/artists" for ::1 at 2015-05-30 21:53:45 -0400
Processing by ArtistsController#index as HTML
  [1m[35mArtist Load (0.2ms)[0m  SELECT "artists".* FROM "artists"
  Rendered artists/index.html.erb within layouts/application (1.4ms)
Completed 200 OK in 53ms (Views: 52.7ms | ActiveRecord: 0.2ms)


Started GET "/artists/new" for ::1 at 2015-05-30 21:53:47 -0400
Processing by ArtistsController#new as HTML
  Rendered artists/_form.html.erb (1.1ms)
  Rendered artists/new.html.erb within layouts/application (4.1ms)
Completed 200 OK in 53ms (Views: 52.7ms | ActiveRecord: 0.0ms)


Started POST "/artists" for ::1 at 2015-05-30 21:54:03 -0400
Processing by ArtistsController#create as HTML
  Parameters: {"utf8"=>"✓", "authenticity_token"=>"hZF31L4p2DYacp07UL++/+YXZg5Bvq9IxoFH+pcq/CzAONGa8HXu5bOfHuEgwD9WvvfKzxPWJE7me/Btz+pQbQ==", "artist"=>{"name"=>"Arcade Fire"}, "commit"=>"Create Artist"}
  [1m[36m (0.1ms)[0m  [1mbegin transaction[0m
  [1m[35mArtist Exists (0.2ms)[0m  SELECT  1 AS one FROM "artists" WHERE "artists"."name" = 'Arcade Fire' LIMIT 1
  [1m[36mSQL (0.3ms)[0m  [1mINSERT INTO "artists" ("name", "created_at", "updated_at") VALUES (?, ?, ?)[0m  [["name", "Arcade Fire"], ["created_at", "2015-05-31 01:54:03.141677"], ["updated_at", "2015-05-31 01:54:03.141677"]]
  [1m[35m (1.1ms)[0m  commit transaction
Redirected to http://localhost:3000/artists/3
Completed 302 Found in 5ms (ActiveRecord: 1.6ms)


Started GET "/artists/3" for ::1 at 2015-05-30 21:54:03 -0400
Processing by ArtistsController#show as HTML
  Parameters: {"id"=>"3"}
  [1m[36mArtist Load (0.1ms)[0m  [1mSELECT  "artists".* FROM "artists" WHERE "artists"."id" = ? LIMIT 1[0m  [["id", 3]]
  Rendered artists/show.html.erb within layouts/application (0.4ms)
Completed 200 OK in 50ms (Views: 49.4ms | ActiveRecord: 0.1ms)


Started GET "/" for ::1 at 2015-05-30 21:54:05 -0400
Processing by RockController#roll as HTML
  Rendered rock/roll.html.erb within layouts/application (0.4ms)
Completed 200 OK in 53ms (Views: 51.9ms | ActiveRecord: 0.0ms)


Started GET "/songs" for ::1 at 2015-05-30 21:54:21 -0400
Processing by SongsController#index as HTML
  [1m[35mSong Load (0.2ms)[0m  SELECT "songs".* FROM "songs"
  [1m[36mArtist Load (0.1ms)[0m  [1mSELECT  "artists".* FROM "artists" WHERE "artists"."id" = ? LIMIT 1[0m  [["id", 0]]
  [1m[35mCACHE (0.0ms)[0m  SELECT  "artists".* FROM "artists" WHERE "artists"."id" = ? LIMIT 1  [["id", 0]]
  [1m[36mCACHE (0.0ms)[0m  [1mSELECT  "artists".* FROM "artists" WHERE "artists"."id" = ? LIMIT 1[0m  [["id", 0]]
  Rendered songs/index.html.erb within layouts/application (4.6ms)
Completed 200 OK in 65ms (Views: 64.0ms | ActiveRecord: 0.4ms)


Started GET "/songs/1/edit" for ::1 at 2015-05-30 21:54:27 -0400
Processing by SongsController#edit as HTML
  Parameters: {"id"=>"1"}
  [1m[35mSong Load (0.1ms)[0m  SELECT  "songs".* FROM "songs" WHERE "songs"."id" = ? LIMIT 1  [["id", 1]]
  [1m[36mArtist Load (0.2ms)[0m  [1mSELECT "artists".* FROM "artists"[0m
  Rendered songs/_form.html.erb (3.6ms)
  Rendered songs/edit.html.erb within layouts/application (18.8ms)
Completed 200 OK in 117ms (Views: 116.0ms | ActiveRecord: 0.4ms)


Started PATCH "/songs/1" for ::1 at 2015-05-30 21:54:35 -0400
Processing by SongsController#update as HTML
  Parameters: {"utf8"=>"✓", "authenticity_token"=>"FCom8tNf1n0XIcNoSp2lDlz4ifLEYAigHQUFZyVpC0lRg4C8nQPgrr7MQLI64iSnBBglM5YIg6Y9/7LwfamnCA==", "song"=>{"name"=>"You've Got to Hide Your Love Away", "rating"=>"4", "artist_id"=>"0"}, "commit"=>"Update Song", "id"=>"1"}
  [1m[35mSong Load (0.2ms)[0m  SELECT  "songs".* FROM "songs" WHERE "songs"."id" = ? LIMIT 1  [["id", 1]]
  [1m[36m (0.1ms)[0m  [1mbegin transaction[0m
  [1m[35mSong Exists (0.2ms)[0m  SELECT  1 AS one FROM "songs" WHERE ("songs"."name" = 'You''ve Got to Hide Your Love Away' AND "songs"."id" != 1) LIMIT 1
  [1m[36m (0.1ms)[0m  [1mcommit transaction[0m
Redirected to http://localhost:3000/songs/1
Completed 302 Found in 6ms (ActiveRecord: 0.6ms)


Started GET "/songs/1" for ::1 at 2015-05-30 21:54:35 -0400
Processing by SongsController#show as HTML
  Parameters: {"id"=>"1"}
  [1m[35mSong Load (0.1ms)[0m  SELECT  "songs".* FROM "songs" WHERE "songs"."id" = ? LIMIT 1  [["id", 1]]
  [1m[36mArtist Load (0.1ms)[0m  [1mSELECT  "artists".* FROM "artists" WHERE "artists"."id" = ? LIMIT 1[0m  [["id", 0]]
  Rendered songs/show.html.erb within layouts/application (1.2ms)
Completed 200 OK in 60ms (Views: 58.6ms | ActiveRecord: 0.3ms)


Started GET "/" for ::1 at 2015-05-30 22:06:19 -0400
Processing by RockController#roll as HTML
  Rendered rock/roll.html.erb within layouts/application (0.0ms)
Completed 200 OK in 51ms (Views: 50.6ms | ActiveRecord: 0.0ms)


Started GET "/songs" for ::1 at 2015-05-30 22:06:23 -0400
Processing by SongsController#index as HTML
  [1m[35mSong Load (0.2ms)[0m  SELECT "songs".* FROM "songs"
  [1m[36mArtist Load (0.1ms)[0m  [1mSELECT  "artists".* FROM "artists" WHERE "artists"."id" = ? LIMIT 1[0m  [["id", 0]]
  [1m[35mCACHE (0.0ms)[0m  SELECT  "artists".* FROM "artists" WHERE "artists"."id" = ? LIMIT 1  [["id", 0]]
  [1m[36mCACHE (0.0ms)[0m  [1mSELECT  "artists".* FROM "artists" WHERE "artists"."id" = ? LIMIT 1[0m  [["id", 0]]
  Rendered songs/index.html.erb within layouts/application (3.2ms)
Completed 200 OK in 54ms (Views: 53.5ms | ActiveRecord: 0.3ms)


Started GET "/songs" for ::1 at 2015-05-30 22:08:04 -0400
Processing by SongsController#index as HTML
  [1m[35mSong Load (0.2ms)[0m  SELECT "songs".* FROM "songs"
  [1m[36mArtist Load (0.1ms)[0m  [1mSELECT  "artists".* FROM "artists" WHERE "artists"."id" = ? LIMIT 1[0m  [["id", 0]]
  [1m[35mCACHE (0.0ms)[0m  SELECT  "artists".* FROM "artists" WHERE "artists"."id" = ? LIMIT 1  [["id", 0]]
  [1m[36mCACHE (0.0ms)[0m  [1mSELECT  "artists".* FROM "artists" WHERE "artists"."id" = ? LIMIT 1[0m  [["id", 0]]
  Rendered songs/index.html.erb within layouts/application (3.3ms)
Completed 200 OK in 55ms (Views: 53.7ms | ActiveRecord: 0.3ms)


Started GET "/assets/artists.self-e3b0c44298fc1c149afbf4c8996fb92427ae41e4649b934ca495991b7852b855.css?body=1" for ::1 at 2015-05-30 22:08:04 -0400


Started GET "/assets/scaffolds.self-e6bd4a9cd4539597c18674f988895c567bbaec74d24defa44fc047dc3db891d4.css?body=1" for ::1 at 2015-05-30 22:08:04 -0400


Started GET "/assets/rock.self-e3b0c44298fc1c149afbf4c8996fb92427ae41e4649b934ca495991b7852b855.css?body=1" for ::1 at 2015-05-30 22:08:04 -0400


Started GET "/assets/songs.self-e3b0c44298fc1c149afbf4c8996fb92427ae41e4649b934ca495991b7852b855.css?body=1" for ::1 at 2015-05-30 22:08:04 -0400


Started GET "/assets/jquery.self-d03a5518f45df77341bdbe6201ba3bfa547ebba8ed64f0ea56bfa5f96ea7c074.js?body=1" for ::1 at 2015-05-30 22:08:04 -0400


Started GET "/assets/application.self-c97650f241f2c3802140194727c8929645c39d3855526b29dd7cc82365f1ba46.css?body=1" for ::1 at 2015-05-30 22:08:04 -0400


Started GET "/assets/jquery_ujs.self-8e98a7a072a6cee1372d19fff9ff3e6aa1e39a37d89d6f06861637d061113ee7.js?body=1" for ::1 at 2015-05-30 22:08:04 -0400


Started GET "/assets/turbolinks.self-c37727e9bd6b2735da5c311aa83fead54ed0be6cc8bd9a65309e9c5abe2cbfff.js?body=1" for ::1 at 2015-05-30 22:08:04 -0400


Started GET "/assets/artists.self-877aef30ae1b040ab8a3aba4e3e309a11d7f2612f44dde450b5c157aa5f95c05.js?body=1" for ::1 at 2015-05-30 22:08:04 -0400


Started GET "/assets/rock.self-877aef30ae1b040ab8a3aba4e3e309a11d7f2612f44dde450b5c157aa5f95c05.js?body=1" for ::1 at 2015-05-30 22:08:04 -0400


Started GET "/assets/songs.self-877aef30ae1b040ab8a3aba4e3e309a11d7f2612f44dde450b5c157aa5f95c05.js?body=1" for ::1 at 2015-05-30 22:08:04 -0400


Started GET "/assets/application.self-3b8dabdc891efe46b9a144b400ad69e37d7e5876bdc39dee783419a69d7ca819.js?body=1" for ::1 at 2015-05-30 22:08:04 -0400


Started GET "/assets/city-109ed7b19209a2d14c344264f7c4d8ff1b49a65fa0a341435029d2d0a9c1f088.jpg" for ::1 at 2015-05-30 22:08:05 -0400


Started GET "/songs" for ::1 at 2015-05-30 22:20:05 -0400
Processing by SongsController#index as HTML
  [1m[35mSong Load (0.2ms)[0m  SELECT "songs".* FROM "songs"
  Rendered songs/index.html.erb within layouts/application (2.8ms)
Completed 200 OK in 124ms (Views: 123.3ms | ActiveRecord: 0.2ms)


Started GET "/assets/songs.self-e3b0c44298fc1c149afbf4c8996fb92427ae41e4649b934ca495991b7852b855.css?body=1" for ::1 at 2015-05-30 22:20:05 -0400


Started GET "/assets/jquery_ujs.self-8e98a7a072a6cee1372d19fff9ff3e6aa1e39a37d89d6f06861637d061113ee7.js?body=1" for ::1 at 2015-05-30 22:20:05 -0400


Started GET "/assets/application.self-c97650f241f2c3802140194727c8929645c39d3855526b29dd7cc82365f1ba46.css?body=1" for ::1 at 2015-05-30 22:20:05 -0400


Started GET "/assets/rock.self-e3b0c44298fc1c149afbf4c8996fb92427ae41e4649b934ca495991b7852b855.css?body=1" for ::1 at 2015-05-30 22:20:05 -0400


Started GET "/assets/artists.self-e3b0c44298fc1c149afbf4c8996fb92427ae41e4649b934ca495991b7852b855.css?body=1" for ::1 at 2015-05-30 22:20:05 -0400


Started GET "/assets/jquery.self-d03a5518f45df77341bdbe6201ba3bfa547ebba8ed64f0ea56bfa5f96ea7c074.js?body=1" for ::1 at 2015-05-30 22:20:05 -0400


Started GET "/assets/scaffolds.self-e3b0c44298fc1c149afbf4c8996fb92427ae41e4649b934ca495991b7852b855.css?body=1" for ::1 at 2015-05-30 22:20:05 -0400


Started GET "/assets/turbolinks.self-c37727e9bd6b2735da5c311aa83fead54ed0be6cc8bd9a65309e9c5abe2cbfff.js?body=1" for ::1 at 2015-05-30 22:20:05 -0400


Started GET "/assets/artists.self-877aef30ae1b040ab8a3aba4e3e309a11d7f2612f44dde450b5c157aa5f95c05.js?body=1" for ::1 at 2015-05-30 22:20:05 -0400


Started GET "/assets/rock.self-877aef30ae1b040ab8a3aba4e3e309a11d7f2612f44dde450b5c157aa5f95c05.js?body=1" for ::1 at 2015-05-30 22:20:05 -0400


Started GET "/assets/songs.self-877aef30ae1b040ab8a3aba4e3e309a11d7f2612f44dde450b5c157aa5f95c05.js?body=1" for ::1 at 2015-05-30 22:20:05 -0400


Started GET "/assets/application.self-3b8dabdc891efe46b9a144b400ad69e37d7e5876bdc39dee783419a69d7ca819.js?body=1" for ::1 at 2015-05-30 22:20:05 -0400


Started GET "/assets/city-109ed7b19209a2d14c344264f7c4d8ff1b49a65fa0a341435029d2d0a9c1f088.jpg" for ::1 at 2015-05-30 22:20:05 -0400


Started GET "/songs" for ::1 at 2015-05-30 22:23:00 -0400
Processing by SongsController#index as HTML
  [1m[36mSong Load (0.2ms)[0m  [1mSELECT "songs".* FROM "songs"[0m
  Rendered songs/index.html.erb within layouts/application (1.7ms)
Completed 200 OK in 76ms (Views: 75.4ms | ActiveRecord: 0.2ms)


Started GET "/assets/application.self-44254dd2fb6c3aef1da58631c06bc5338b7216efc569af98809622f0d0b5c76b.css?body=1" for ::1 at 2015-05-30 22:23:00 -0400


Started GET "/assets/artists.self-e3b0c44298fc1c149afbf4c8996fb92427ae41e4649b934ca495991b7852b855.css?body=1" for ::1 at 2015-05-30 22:23:00 -0400


Started GET "/assets/rock.self-e3b0c44298fc1c149afbf4c8996fb92427ae41e4649b934ca495991b7852b855.css?body=1" for ::1 at 2015-05-30 22:23:00 -0400


Started GET "/assets/jquery_ujs.self-8e98a7a072a6cee1372d19fff9ff3e6aa1e39a37d89d6f06861637d061113ee7.js?body=1" for ::1 at 2015-05-30 22:23:00 -0400


Started GET "/assets/scaffolds.self-e3b0c44298fc1c149afbf4c8996fb92427ae41e4649b934ca495991b7852b855.css?body=1" for ::1 at 2015-05-30 22:23:00 -0400


Started GET "/assets/jquery.self-d03a5518f45df77341bdbe6201ba3bfa547ebba8ed64f0ea56bfa5f96ea7c074.js?body=1" for ::1 at 2015-05-30 22:23:00 -0400


Started GET "/assets/songs.self-e3b0c44298fc1c149afbf4c8996fb92427ae41e4649b934ca495991b7852b855.css?body=1" for ::1 at 2015-05-30 22:23:00 -0400


Started GET "/assets/turbolinks.self-c37727e9bd6b2735da5c311aa83fead54ed0be6cc8bd9a65309e9c5abe2cbfff.js?body=1" for ::1 at 2015-05-30 22:23:01 -0400


Started GET "/assets/artists.self-877aef30ae1b040ab8a3aba4e3e309a11d7f2612f44dde450b5c157aa5f95c05.js?body=1" for ::1 at 2015-05-30 22:23:01 -0400


Started GET "/assets/rock.self-877aef30ae1b040ab8a3aba4e3e309a11d7f2612f44dde450b5c157aa5f95c05.js?body=1" for ::1 at 2015-05-30 22:23:01 -0400


Started GET "/assets/songs.self-877aef30ae1b040ab8a3aba4e3e309a11d7f2612f44dde450b5c157aa5f95c05.js?body=1" for ::1 at 2015-05-30 22:23:01 -0400


Started GET "/assets/application.self-3b8dabdc891efe46b9a144b400ad69e37d7e5876bdc39dee783419a69d7ca819.js?body=1" for ::1 at 2015-05-30 22:23:01 -0400


Started GET "/assets/city-109ed7b19209a2d14c344264f7c4d8ff1b49a65fa0a341435029d2d0a9c1f088.jpg" for ::1 at 2015-05-30 22:23:01 -0400


Started GET "/songs" for ::1 at 2015-05-30 22:26:12 -0400
Processing by SongsController#index as HTML
  [1m[35mSong Load (0.2ms)[0m  SELECT "songs".* FROM "songs"
  [1m[36mArtist Load (0.1ms)[0m  [1mSELECT  "artists".* FROM "artists" WHERE "artists"."id" = ? LIMIT 1[0m  [["id", 0]]
  Rendered songs/index.html.erb within layouts/application (100.2ms)
Completed 500 Internal Server Error in 108ms (ActiveRecord: 0.3ms)

ActionView::Template::Error (undefined method `name' for nil:NilClass):
    20:       <div class="col-md-6">
    21:         <div class="well">
    22:           <h2><%= link_to song.name, song %></h2>
    23:           <h3>by <%= song.artist.name %></h3>
    24:           <h4><%= song.rating %></h4>
    25:           <p>
    26:             <%= link_to 'Edit', edit_song_path(song) %> |
  app/views/songs/index.html.erb:23:in `block in _app_views_songs_index_html_erb___1121989120768598289_70331461897580'
  app/views/songs/index.html.erb:19:in `_app_views_songs_index_html_erb___1121989120768598289_70331461897580'


  Rendered /Users/rudi1/.rbenv/versions/2.2.1/lib/ruby/gems/2.2.0/gems/actionpack-4.2.1/lib/action_dispatch/middleware/templates/rescues/_source.erb (7.7ms)
  Rendered /Users/rudi1/.rbenv/versions/2.2.1/lib/ruby/gems/2.2.0/gems/actionpack-4.2.1/lib/action_dispatch/middleware/templates/rescues/_trace.html.erb (3.6ms)
  Rendered /Users/rudi1/.rbenv/versions/2.2.1/lib/ruby/gems/2.2.0/gems/actionpack-4.2.1/lib/action_dispatch/middleware/templates/rescues/_request_and_response.html.erb (1.5ms)
  Rendered /Users/rudi1/.rbenv/versions/2.2.1/lib/ruby/gems/2.2.0/gems/actionpack-4.2.1/lib/action_dispatch/middleware/templates/rescues/template_error.html.erb within rescues/layout (102.7ms)
  Rendered /Users/rudi1/.rbenv/versions/2.2.1/lib/ruby/gems/2.2.0/gems/web-console-2.1.2/lib/web_console/templates/_markup.html.erb (0.8ms)
  Rendered /Users/rudi1/.rbenv/versions/2.2.1/lib/ruby/gems/2.2.0/gems/web-console-2.1.2/lib/web_console/templates/style.css.erb within layouts/inlined_string (0.4ms)
  Rendered /Users/rudi1/.rbenv/versions/2.2.1/lib/ruby/gems/2.2.0/gems/web-console-2.1.2/lib/web_console/templates/_inner_console_markup.html.erb within layouts/inlined_string (0.5ms)
  Rendered /Users/rudi1/.rbenv/versions/2.2.1/lib/ruby/gems/2.2.0/gems/web-console-2.1.2/lib/web_console/templates/_prompt_box_markup.html.erb within layouts/inlined_string (0.4ms)
  Rendered /Users/rudi1/.rbenv/versions/2.2.1/lib/ruby/gems/2.2.0/gems/web-console-2.1.2/lib/web_console/templates/console.js.erb within layouts/javascript (74.3ms)
  Rendered /Users/rudi1/.rbenv/versions/2.2.1/lib/ruby/gems/2.2.0/gems/web-console-2.1.2/lib/web_console/templates/main.js.erb within layouts/javascript (0.6ms)
  Rendered /Users/rudi1/.rbenv/versions/2.2.1/lib/ruby/gems/2.2.0/gems/web-console-2.1.2/lib/web_console/templates/error_page.js.erb within layouts/javascript (0.7ms)
  Rendered /Users/rudi1/.rbenv/versions/2.2.1/lib/ruby/gems/2.2.0/gems/web-console-2.1.2/lib/web_console/templates/index.html.erb (218.3ms)


Started GET "/songs" for ::1 at 2015-05-30 22:30:14 -0400
Processing by SongsController#index as HTML
  [1m[35mSong Load (0.2ms)[0m  SELECT "songs".* FROM "songs"
  [1m[36mArtist Load (0.1ms)[0m  [1mSELECT  "artists".* FROM "artists" WHERE "artists"."id" = ? LIMIT 1[0m  [["id", 0]]
  Rendered songs/index.html.erb within layouts/application (6.2ms)
Completed 500 Internal Server Error in 13ms (ActiveRecord: 0.3ms)

ActionView::Template::Error (undefined method `name' for nil:NilClass):
    20:       <div class="col-md-6">
    21:         <div class="well">
    22:           <h2><%= link_to song.name, song %></h2>
    23:           <h3>by <%= song.artist.name %></h3>
    24:           <h4><%= song.rating %></h4>
    25:           <hr/>
    26:           <h4><%= link_to edit_song_path(song) do %>
  app/views/songs/index.html.erb:23:in `block in _app_views_songs_index_html_erb___1121989120768598289_70331457226100'
  app/views/songs/index.html.erb:19:in `_app_views_songs_index_html_erb___1121989120768598289_70331457226100'


  Rendered /Users/rudi1/.rbenv/versions/2.2.1/lib/ruby/gems/2.2.0/gems/actionpack-4.2.1/lib/action_dispatch/middleware/templates/rescues/_source.erb (9.3ms)
  Rendered /Users/rudi1/.rbenv/versions/2.2.1/lib/ruby/gems/2.2.0/gems/actionpack-4.2.1/lib/action_dispatch/middleware/templates/rescues/_trace.html.erb (3.0ms)
  Rendered /Users/rudi1/.rbenv/versions/2.2.1/lib/ruby/gems/2.2.0/gems/actionpack-4.2.1/lib/action_dispatch/middleware/templates/rescues/_request_and_response.html.erb (0.9ms)
  Rendered /Users/rudi1/.rbenv/versions/2.2.1/lib/ruby/gems/2.2.0/gems/actionpack-4.2.1/lib/action_dispatch/middleware/templates/rescues/template_error.html.erb within rescues/layout (78.4ms)
  Rendered /Users/rudi1/.rbenv/versions/2.2.1/lib/ruby/gems/2.2.0/gems/web-console-2.1.2/lib/web_console/templates/_markup.html.erb (0.4ms)
  Rendered /Users/rudi1/.rbenv/versions/2.2.1/lib/ruby/gems/2.2.0/gems/web-console-2.1.2/lib/web_console/templates/style.css.erb within layouts/inlined_string (0.4ms)
  Rendered /Users/rudi1/.rbenv/versions/2.2.1/lib/ruby/gems/2.2.0/gems/web-console-2.1.2/lib/web_console/templates/_inner_console_markup.html.erb within layouts/inlined_string (0.4ms)
  Rendered /Users/rudi1/.rbenv/versions/2.2.1/lib/ruby/gems/2.2.0/gems/web-console-2.1.2/lib/web_console/templates/_prompt_box_markup.html.erb within layouts/inlined_string (0.3ms)
  Rendered /Users/rudi1/.rbenv/versions/2.2.1/lib/ruby/gems/2.2.0/gems/web-console-2.1.2/lib/web_console/templates/console.js.erb within layouts/javascript (72.4ms)
  Rendered /Users/rudi1/.rbenv/versions/2.2.1/lib/ruby/gems/2.2.0/gems/web-console-2.1.2/lib/web_console/templates/main.js.erb within layouts/javascript (0.3ms)
  Rendered /Users/rudi1/.rbenv/versions/2.2.1/lib/ruby/gems/2.2.0/gems/web-console-2.1.2/lib/web_console/templates/error_page.js.erb within layouts/javascript (0.5ms)
  Rendered /Users/rudi1/.rbenv/versions/2.2.1/lib/ruby/gems/2.2.0/gems/web-console-2.1.2/lib/web_console/templates/index.html.erb (151.5ms)


Started GET "/songs" for ::1 at 2015-05-30 22:40:07 -0400
Processing by SongsController#index as HTML
  [1m[35mSong Load (0.2ms)[0m  SELECT "songs".* FROM "songs"
  [1m[36mArtist Load (0.1ms)[0m  [1mSELECT  "artists".* FROM "artists" WHERE "artists"."id" = ? LIMIT 1[0m  [["id", 0]]
  Rendered songs/index.html.erb within layouts/application (5.9ms)
Completed 500 Internal Server Error in 13ms (ActiveRecord: 0.3ms)

ActionView::Template::Error (undefined method `name' for nil:NilClass):
    20:       <div class="col-md-6">
    21:         <div class="well">
    22:           <h2><%= link_to song.name, song %></h2>
    23:           <h3><%= song.artist.name %></h3>
    24:           <h4><%= song.rating %></h4>
    25:           <hr/>
    26:           <h4><%= link_to edit_song_path(song) do %>
  app/views/songs/index.html.erb:23:in `block in _app_views_songs_index_html_erb___1121989120768598289_70331495700080'
  app/views/songs/index.html.erb:19:in `_app_views_songs_index_html_erb___1121989120768598289_70331495700080'


  Rendered /Users/rudi1/.rbenv/versions/2.2.1/lib/ruby/gems/2.2.0/gems/actionpack-4.2.1/lib/action_dispatch/middleware/templates/rescues/_source.erb (7.5ms)
  Rendered /Users/rudi1/.rbenv/versions/2.2.1/lib/ruby/gems/2.2.0/gems/actionpack-4.2.1/lib/action_dispatch/middleware/templates/rescues/_trace.html.erb (3.0ms)
  Rendered /Users/rudi1/.rbenv/versions/2.2.1/lib/ruby/gems/2.2.0/gems/actionpack-4.2.1/lib/action_dispatch/middleware/templates/rescues/_request_and_response.html.erb (1.1ms)
  Rendered /Users/rudi1/.rbenv/versions/2.2.1/lib/ruby/gems/2.2.0/gems/actionpack-4.2.1/lib/action_dispatch/middleware/templates/rescues/template_error.html.erb within rescues/layout (80.8ms)
  Rendered /Users/rudi1/.rbenv/versions/2.2.1/lib/ruby/gems/2.2.0/gems/web-console-2.1.2/lib/web_console/templates/_markup.html.erb (0.4ms)
  Rendered /Users/rudi1/.rbenv/versions/2.2.1/lib/ruby/gems/2.2.0/gems/web-console-2.1.2/lib/web_console/templates/style.css.erb within layouts/inlined_string (0.4ms)
  Rendered /Users/rudi1/.rbenv/versions/2.2.1/lib/ruby/gems/2.2.0/gems/web-console-2.1.2/lib/web_console/templates/_inner_console_markup.html.erb within layouts/inlined_string (0.4ms)
  Rendered /Users/rudi1/.rbenv/versions/2.2.1/lib/ruby/gems/2.2.0/gems/web-console-2.1.2/lib/web_console/templates/_prompt_box_markup.html.erb within layouts/inlined_string (0.3ms)
  Rendered /Users/rudi1/.rbenv/versions/2.2.1/lib/ruby/gems/2.2.0/gems/web-console-2.1.2/lib/web_console/templates/console.js.erb within layouts/javascript (68.3ms)
  Rendered /Users/rudi1/.rbenv/versions/2.2.1/lib/ruby/gems/2.2.0/gems/web-console-2.1.2/lib/web_console/templates/main.js.erb within layouts/javascript (0.4ms)
  Rendered /Users/rudi1/.rbenv/versions/2.2.1/lib/ruby/gems/2.2.0/gems/web-console-2.1.2/lib/web_console/templates/error_page.js.erb within layouts/javascript (0.5ms)
  Rendered /Users/rudi1/.rbenv/versions/2.2.1/lib/ruby/gems/2.2.0/gems/web-console-2.1.2/lib/web_console/templates/index.html.erb (149.9ms)


Started GET "/songs" for ::1 at 2015-05-30 22:40:25 -0400
Processing by SongsController#index as HTML
  [1m[35mSong Load (0.2ms)[0m  SELECT "songs".* FROM "songs"
  [1m[36mArtist Load (0.1ms)[0m  [1mSELECT  "artists".* FROM "artists" WHERE "artists"."id" = ? LIMIT 1[0m  [["id", 0]]
  Rendered songs/index.html.erb within layouts/application (5.8ms)
Completed 500 Internal Server Error in 13ms (ActiveRecord: 0.3ms)

ActionView::Template::Error (undefined method `name' for nil:NilClass):
    20:       <div class="col-md-6">
    21:         <div class="well">
    22:           <h2><%= link_to song.name, song %></h2>
    23:           <h3>by <%= song.artist.name %></h3>
    24:           <h4><%= song.rating %></h4>
    25:           <hr/>
    26:           <h4><%= link_to edit_song_path(song) do %>
  app/views/songs/index.html.erb:23:in `block in _app_views_songs_index_html_erb___1121989120768598289_70331462357040'
  app/views/songs/index.html.erb:19:in `_app_views_songs_index_html_erb___1121989120768598289_70331462357040'


  Rendered /Users/rudi1/.rbenv/versions/2.2.1/lib/ruby/gems/2.2.0/gems/actionpack-4.2.1/lib/action_dispatch/middleware/templates/rescues/_source.erb (7.9ms)
  Rendered /Users/rudi1/.rbenv/versions/2.2.1/lib/ruby/gems/2.2.0/gems/actionpack-4.2.1/lib/action_dispatch/middleware/templates/rescues/_trace.html.erb (3.8ms)
  Rendered /Users/rudi1/.rbenv/versions/2.2.1/lib/ruby/gems/2.2.0/gems/actionpack-4.2.1/lib/action_dispatch/middleware/templates/rescues/_request_and_response.html.erb (1.0ms)
  Rendered /Users/rudi1/.rbenv/versions/2.2.1/lib/ruby/gems/2.2.0/gems/actionpack-4.2.1/lib/action_dispatch/middleware/templates/rescues/template_error.html.erb within rescues/layout (80.1ms)
  Rendered /Users/rudi1/.rbenv/versions/2.2.1/lib/ruby/gems/2.2.0/gems/web-console-2.1.2/lib/web_console/templates/_markup.html.erb (0.4ms)
  Rendered /Users/rudi1/.rbenv/versions/2.2.1/lib/ruby/gems/2.2.0/gems/web-console-2.1.2/lib/web_console/templates/style.css.erb within layouts/inlined_string (0.4ms)
  Rendered /Users/rudi1/.rbenv/versions/2.2.1/lib/ruby/gems/2.2.0/gems/web-console-2.1.2/lib/web_console/templates/_inner_console_markup.html.erb within layouts/inlined_string (0.4ms)
  Rendered /Users/rudi1/.rbenv/versions/2.2.1/lib/ruby/gems/2.2.0/gems/web-console-2.1.2/lib/web_console/templates/_prompt_box_markup.html.erb within layouts/inlined_string (0.5ms)
  Rendered /Users/rudi1/.rbenv/versions/2.2.1/lib/ruby/gems/2.2.0/gems/web-console-2.1.2/lib/web_console/templates/console.js.erb within layouts/javascript (68.0ms)
  Rendered /Users/rudi1/.rbenv/versions/2.2.1/lib/ruby/gems/2.2.0/gems/web-console-2.1.2/lib/web_console/templates/main.js.erb within layouts/javascript (0.4ms)
  Rendered /Users/rudi1/.rbenv/versions/2.2.1/lib/ruby/gems/2.2.0/gems/web-console-2.1.2/lib/web_console/templates/error_page.js.erb within layouts/javascript (0.5ms)
  Rendered /Users/rudi1/.rbenv/versions/2.2.1/lib/ruby/gems/2.2.0/gems/web-console-2.1.2/lib/web_console/templates/index.html.erb (145.7ms)
